INFO: [HLS 200-0] Workspace /home/ecelrc/students/rli3/Vivado/hls_projects/sobel_1212/solution1 opened at Fri Dec 13 12:00:14 CST 2019
Execute     config_clock -quiet -name default -period 10 -default=false 
INFO: [SYN 201-201] Setting up clock 'default' with a period of 10ns.
Command     config_clock returned 0; 0 sec.
Execute     open_platform DefaultPlatform 
Command     open_platform returned 0; 0 sec.
Execute     import_lib /usr/local/packages/xilinx_2017.4/Vivado/2017.4/common/technology/xilinx/zynq/zynq 
Execute       source /usr/local/packages/xilinx_2017.4/Vivado/2017.4/common/technology/xilinx/common/xilinx.lib 
Execute         source /usr/local/packages/xilinx_2017.4/Vivado/2017.4/common/technology/xilinx/interface/xilinx_interface.lib 
Execute           source /usr/local/packages/xilinx_2017.4/Vivado/2017.4/common/technology/xilinx/interface/plb46.lib 
Command           ap_source returned 0; 0.01 sec.
Execute           source /usr/local/packages/xilinx_2017.4/Vivado/2017.4/common/technology/xilinx/interface/fsl.lib 
Command           ap_source returned 0; 0 sec.
Execute           source /usr/local/packages/xilinx_2017.4/Vivado/2017.4/common/technology/xilinx/interface/axi4.lib 
Command           ap_source returned 0; 0 sec.
Execute           source /usr/local/packages/xilinx_2017.4/Vivado/2017.4/common/technology/xilinx/interface/maxi.lib 
Command           ap_source returned 0; 0 sec.
Execute           source /usr/local/packages/xilinx_2017.4/Vivado/2017.4/common/technology/xilinx/interface/saxilite.lib 
Command           ap_source returned 0; 0 sec.
Command         ap_source returned 0; 0.01 sec.
Execute         source /usr/local/packages/xilinx_2017.4/Vivado/2017.4/common/technology/xilinx/common/dsp48.lib 
Command         ap_source returned 0; 0 sec.
Execute         source /usr/local/packages/xilinx_2017.4/Vivado/2017.4/common/technology/xilinx/ip/dds_compiler.lib 
Command         ap_source returned 0; 0 sec.
Execute         source /usr/local/packages/xilinx_2017.4/Vivado/2017.4/common/technology/xilinx/ip/xfft.lib 
Command         ap_source returned 0; 0 sec.
Execute         source /usr/local/packages/xilinx_2017.4/Vivado/2017.4/common/technology/xilinx/ip/xfir.lib 
Command         ap_source returned 0; 0 sec.
Command       ap_source returned 0; 0.02 sec.
Execute       source /usr/local/packages/xilinx_2017.4/Vivado/2017.4/common/technology/xilinx/common/xilinx_old.lib 
Command       ap_source returned 0; 0 sec.
Execute       source /usr/local/packages/xilinx_2017.4/Vivado/2017.4/common/technology/xilinx/common/xilinx_vivado.lib 
Command       ap_source returned 0; 0 sec.
Execute       source /usr/local/packages/xilinx_2017.4/Vivado/2017.4/common/technology/xilinx/common/xilinx.hlp 
Execute         source /usr/local/packages/xilinx_2017.4/Vivado/2017.4/common/technology/xilinx/common/target_info.tcl 
Command         ap_source returned 0; 0 sec.
Execute         source /usr/local/packages/xilinx_2017.4/Vivado/2017.4/common/technology/xilinx/interface/xilinx_interface.hlp 
Execute           source /usr/local/packages/xilinx_2017.4/Vivado/2017.4/common/technology/xilinx/interface/maxi.hlp 
Command           ap_source returned 0; 0 sec.
Execute           source /usr/local/packages/xilinx_2017.4/Vivado/2017.4/common/technology/xilinx/interface/saxilite.hlp 
Command           ap_source returned 0; 0 sec.
Command         ap_source returned 0; 0 sec.
Execute         source /usr/local/packages/xilinx_2017.4/Vivado/2017.4/common/technology/xilinx/common/dsp48.hlp 
Command         ap_source returned 0; 0 sec.
Command       ap_source returned 0; 0 sec.
Execute       source /usr/local/packages/xilinx_2017.4/Vivado/2017.4/common/technology/xilinx/zynq/dsp48e1.hlp 
Command       ap_source returned 0; 0 sec.
Execute       get_default_platform 
Command       get_default_platform returned 0; 0 sec.
Execute       config_chip_info -quiet -resource  {SLICE 13300}  {LUT 53200}     {FF 106400} {DSP48E 220}   {BRAM 280}  
Command       config_chip_info returned 0; 0 sec.
Execute       config_chip_info -quiet -speed medium 
Command       config_chip_info returned 0; 0 sec.
Execute       source /usr/local/packages/xilinx_2017.4/Vivado/2017.4/common/technology/xilinx/common/xilinx.hlp 
Execute         source /usr/local/packages/xilinx_2017.4/Vivado/2017.4/common/technology/xilinx/common/target_info.tcl 
Command         ap_source returned 0; 0 sec.
Execute         source /usr/local/packages/xilinx_2017.4/Vivado/2017.4/common/technology/xilinx/interface/xilinx_interface.hlp 
Execute           source /usr/local/packages/xilinx_2017.4/Vivado/2017.4/common/technology/xilinx/interface/maxi.hlp 
Command           ap_source returned 0; 0 sec.
Execute           source /usr/local/packages/xilinx_2017.4/Vivado/2017.4/common/technology/xilinx/interface/saxilite.hlp 
Command           ap_source returned 0; 0 sec.
Command         ap_source returned 0; 0 sec.
Execute         source /usr/local/packages/xilinx_2017.4/Vivado/2017.4/common/technology/xilinx/common/dsp48.hlp 
Command         ap_source returned 0; 0 sec.
Command       ap_source returned 0; 0 sec.
Command     import_lib returned 0; 0.04 sec.
Execute     source /usr/local/packages/xilinx_2017.4/Vivado/2017.4/common/technology/xilinx/zynq/zynq.gen 
Execute       source /usr/local/packages/xilinx_2017.4/Vivado/2017.4/common/technology/xilinx/common/virtex.gen 
Execute         source /usr/local/packages/xilinx_2017.4/Vivado/2017.4/common/technology/xilinx/common/xilinx.gen 
Execute           source /usr/local/packages/xilinx_2017.4/Vivado/2017.4/common/technology/xilinx/interface/plb46.gen 
Command           ap_source returned 0; 0.01 sec.
Execute           source /usr/local/packages/xilinx_2017.4/Vivado/2017.4/common/technology/xilinx/interface/fsl.gen 
Command           ap_source returned 0; 0 sec.
Execute           source /usr/local/packages/xilinx_2017.4/Vivado/2017.4/common/technology/xilinx/interface/axi4.gen 
Command           ap_source returned 0; 0 sec.
Execute           source /usr/local/packages/xilinx_2017.4/Vivado/2017.4/common/technology/xilinx/interface/nativeAXI4.gen 
Execute             source /usr/local/packages/xilinx_2017.4/Vivado/2017.4/common/technology/xilinx/interface/saxilite.gen 
Command             ap_source returned 0; 0 sec.
Execute             source /usr/local/packages/xilinx_2017.4/Vivado/2017.4/common/technology/xilinx/interface/maxi.gen 
Command             ap_source returned 0; 0.01 sec.
Command           ap_source returned 0; 0.01 sec.
Execute           source /usr/local/packages/xilinx_2017.4/Vivado/2017.4/common/technology/xilinx/scripts/xilinxcoregen.gen 
Command           ap_source returned 0; 0.01 sec.
Execute           source /usr/local/packages/xilinx_2017.4/Vivado/2017.4/common/technology/xilinx/interface/XilEDKCoreGen.gen 
Command           ap_source returned 0; 0.01 sec.
Execute           source /usr/local/packages/xilinx_2017.4/Vivado/2017.4/common/technology/xilinx/ip/dds_compiler.gen 
Command           ap_source returned 0; 0.01 sec.
Execute           source /usr/local/packages/xilinx_2017.4/Vivado/2017.4/common/technology/xilinx/ip/util.gen 
Command           ap_source returned 0; 0 sec.
Execute           source /usr/local/packages/xilinx_2017.4/Vivado/2017.4/common/technology/xilinx/ip/xfft.gen 
Command           ap_source returned 0; 0.11 sec.
Execute           source /usr/local/packages/xilinx_2017.4/Vivado/2017.4/common/technology/xilinx/ip/xfir.gen 
Command           ap_source returned 0; 0 sec.
Command         ap_source returned 0; 0.16 sec.
Execute         source /usr/local/packages/xilinx_2017.4/Vivado/2017.4/common/technology/xilinx/common/dsp48.gen 
Command         ap_source returned 0; 0 sec.
Command       ap_source returned 0; 0.16 sec.
Command     ap_source returned 0; 0.16 sec.
Execute     open_platform DefaultPlatform 
Command     open_platform returned 0; 0 sec.
Execute     import_lib /usr/local/packages/xilinx_2017.4/Vivado/2017.4/common/technology/xilinx/zynq/zynq_fpv6 
Execute       source /usr/local/packages/xilinx_2017.4/Vivado/2017.4/common/technology/xilinx/common/xilinx_fpv7.lib 
Execute         source /usr/local/packages/xilinx_2017.4/Vivado/2017.4/common/technology/xilinx/common/xilinx_hp.lib 
Command         ap_source returned 0; 0.01 sec.
Command       ap_source returned 0; 0.01 sec.
Execute       source /usr/local/packages/xilinx_2017.4/Vivado/2017.4/common/technology/xilinx/common/xilinx_fpv.hlp 
Execute         source /usr/local/packages/xilinx_2017.4/Vivado/2017.4/common/technology/xilinx/common/xilinx.hlp 
Execute           source /usr/local/packages/xilinx_2017.4/Vivado/2017.4/common/technology/xilinx/common/target_info.tcl 
Command           ap_source returned 0; 0 sec.
Execute           source /usr/local/packages/xilinx_2017.4/Vivado/2017.4/common/technology/xilinx/interface/xilinx_interface.hlp 
Execute             source /usr/local/packages/xilinx_2017.4/Vivado/2017.4/common/technology/xilinx/interface/maxi.hlp 
Command             ap_source returned 0; 0 sec.
Execute             source /usr/local/packages/xilinx_2017.4/Vivado/2017.4/common/technology/xilinx/interface/saxilite.hlp 
Command             ap_source returned 0; 0 sec.
Command           ap_source returned 0; 0 sec.
Execute           source /usr/local/packages/xilinx_2017.4/Vivado/2017.4/common/technology/xilinx/common/dsp48.hlp 
Command           ap_source returned 0; 0.01 sec.
Command         ap_source returned 0; 0.01 sec.
Command       ap_source returned 0; 0.01 sec.
Execute       source /usr/local/packages/xilinx_2017.4/Vivado/2017.4/common/technology/xilinx/zynq/zynq_hp.hlp 
Command       ap_source returned 0; 0 sec.
Command     import_lib returned 0; 0.03 sec.
Execute     source /usr/local/packages/xilinx_2017.4/Vivado/2017.4/common/technology/xilinx/zynq/zynq_fpv6.gen 
Execute       source /usr/local/packages/xilinx_2017.4/Vivado/2017.4/common/technology/xilinx/common/xilinx_fpv6.gen 
Command       ap_source returned 0; 0.01 sec.
Command     ap_source returned 0; 0.01 sec.
Execute     set_part xc7z020clg484-1 
Execute       add_library xilinx/zynq/zynq:xc7z020:clg484:-1 
Execute         get_default_platform 
Command         get_default_platform returned 0; 0 sec.
Execute         license_isbetapart xc7z020 
Command         license_isbetapart returned 1; 0.01 sec.
Execute         get_default_platform 
Command         get_default_platform returned 0; 0 sec.
Execute         config_chip_info -quiet -resource  {SLICE 13300}  {LUT 53200}     {FF 106400} {DSP48E 220}   {BRAM 280}  
Command         config_chip_info returned 0; 0 sec.
Execute         config_chip_info -quiet -speed slow 
Command         config_chip_info returned 0; 0 sec.
Command       add_library returned 0; 0.02 sec.
Execute       add_library xilinx/zynq/zynq_fpv6 
Execute         get_default_platform 
Command         get_default_platform returned 0; 0 sec.
Command       add_library returned 0; 0 sec.
INFO: [HLS 200-10] Setting target device to 'xc7z020clg484-1'
Execute       get_default_platform 
Command       get_default_platform returned 0; 0 sec.
Command     set_part returned 0; 0.07 sec.
Execute     get_default_platform 
Command     get_default_platform returned 0; 0 sec.
Execute     config_chip_info -quiet -resource  {SLICE 13300}  {LUT 53200}     {FF 106400} {DSP48E 220}   {BRAM 280}  
Command     config_chip_info returned 0; 0 sec.
Execute     config_chip_info -quiet -speed slow 
Command     config_chip_info returned 0; 0 sec.
Command   open_solution returned 0; 0.32 sec.
Execute   export_design -rtl verilog -format ip_catalog 
Execute     source /home/ecelrc/students/rli3/Vivado/hls_projects/sobel_1212/solution1/.autopilot/db/global.setting.tcl 
Command     ap_source returned 0; 0.01 sec.
Execute     source /usr/local/packages/xilinx_2017.4/Vivado/2017.4/common/technology/generic/autopilot/common.gen 
Execute       source /usr/local/packages/xilinx_2017.4/Vivado/2017.4/common/technology/generic/autopilot/APCoreGen.gen 
Command       ap_source returned 0; 0 sec.
Command     ap_source returned 0; 0 sec.
Execute     source /usr/local/packages/xilinx_2017.4/Vivado/2017.4/common/technology/generic/autopilot/op.gen 
Command     ap_source returned 0; 0.01 sec.
Execute     source /usr/local/packages/xilinx_2017.4/Vivado/2017.4/common/technology/generic/autopilot/op_simcore.gen 
Command     ap_source returned 0; 0 sec.
Execute     source /usr/local/packages/xilinx_2017.4/Vivado/2017.4/common/technology/generic/autopilot/interface.gen 
Command     ap_source returned 0; 0 sec.
Execute     source /home/ecelrc/students/rli3/Vivado/hls_projects/sobel_1212/solution1/.autopilot/db/global.setting.tcl 
Command     ap_source returned 0; 0 sec.
Execute     source /usr/local/packages/xilinx_2017.4/Vivado/2017.4/common/technology/xilinx/zynq/zynq.gen 
Execute       source /usr/local/packages/xilinx_2017.4/Vivado/2017.4/common/technology/xilinx/common/virtex.gen 
Execute         source /usr/local/packages/xilinx_2017.4/Vivado/2017.4/common/technology/xilinx/common/xilinx.gen 
Execute           source /usr/local/packages/xilinx_2017.4/Vivado/2017.4/common/technology/xilinx/interface/plb46.gen 
Command           ap_source returned 0; 0 sec.
Execute           source /usr/local/packages/xilinx_2017.4/Vivado/2017.4/common/technology/xilinx/interface/fsl.gen 
Command           ap_source returned 0; 0 sec.
Execute           source /usr/local/packages/xilinx_2017.4/Vivado/2017.4/common/technology/xilinx/interface/axi4.gen 
Command           ap_source returned 0; 0.01 sec.
Execute           source /usr/local/packages/xilinx_2017.4/Vivado/2017.4/common/technology/xilinx/interface/nativeAXI4.gen 
Execute             source /usr/local/packages/xilinx_2017.4/Vivado/2017.4/common/technology/xilinx/interface/saxilite.gen 
Command             ap_source returned 0; 0 sec.
Execute             source /usr/local/packages/xilinx_2017.4/Vivado/2017.4/common/technology/xilinx/interface/maxi.gen 
Command             ap_source returned 0; 0.01 sec.
Command           ap_source returned 0; 0.01 sec.
Execute           source /usr/local/packages/xilinx_2017.4/Vivado/2017.4/common/technology/xilinx/scripts/xilinxcoregen.gen 
Command           ap_source returned 0; 0.01 sec.
Execute           source /usr/local/packages/xilinx_2017.4/Vivado/2017.4/common/technology/xilinx/interface/XilEDKCoreGen.gen 
Command           ap_source returned 0; 0.01 sec.
Execute           source /usr/local/packages/xilinx_2017.4/Vivado/2017.4/common/technology/xilinx/ip/dds_compiler.gen 
Command           ap_source returned 0; 0 sec.
Execute           source /usr/local/packages/xilinx_2017.4/Vivado/2017.4/common/technology/xilinx/ip/util.gen 
Command           ap_source returned 0; 0 sec.
Execute           source /usr/local/packages/xilinx_2017.4/Vivado/2017.4/common/technology/xilinx/ip/xfft.gen 
Command           ap_source returned 0; 0.1 sec.
Execute           source /usr/local/packages/xilinx_2017.4/Vivado/2017.4/common/technology/xilinx/ip/xfir.gen 
Command           ap_source returned 0; 0 sec.
Command         ap_source returned 0; 0.14 sec.
Execute         source /usr/local/packages/xilinx_2017.4/Vivado/2017.4/common/technology/xilinx/common/dsp48.gen 
Command         ap_source returned 0; 0 sec.
Command       ap_source returned 0; 0.14 sec.
Command     ap_source returned 0; 0.14 sec.
Execute     source /usr/local/packages/xilinx_2017.4/Vivado/2017.4/common/technology/xilinx/zynq/zynq_fpv6.gen 
Execute       source /usr/local/packages/xilinx_2017.4/Vivado/2017.4/common/technology/xilinx/common/xilinx_fpv6.gen 
Command       ap_source returned 0; 0.01 sec.
Command     ap_source returned 0; 0.01 sec.
Execute     source /home/ecelrc/students/rli3/Vivado/hls_projects/sobel_1212/solution1/.autopilot/db/global.setting.tcl 
Command     ap_source returned 0; 0 sec.
INFO: [IMPL 213-8] Exporting RTL as a Vivado IP.
Execute     source /home/ecelrc/students/rli3/Vivado/hls_projects/sobel_1212/solution1/.autopilot/db/global.setting.tcl 
Command     ap_source returned 0; 0 sec.
Execute     source /home/ecelrc/students/rli3/Vivado/hls_projects/sobel_1212/solution1/.autopilot/db/global.setting.tcl 
Command     ap_source returned 0; 0.01 sec.
Execute     source /usr/local/packages/xilinx_2017.4/Vivado/2017.4/common/technology/generic/autopilot/common.gen 
Execute       source /usr/local/packages/xilinx_2017.4/Vivado/2017.4/common/technology/generic/autopilot/APCoreGen.gen 
Command       ap_source returned 0; 0 sec.
Command     ap_source returned 0; 0 sec.
Execute     source /usr/local/packages/xilinx_2017.4/Vivado/2017.4/common/technology/generic/autopilot/op.gen 
Command     ap_source returned 0; 0 sec.
Execute     source /usr/local/packages/xilinx_2017.4/Vivado/2017.4/common/technology/generic/autopilot/op_simcore.gen 
Command     ap_source returned 0; 0 sec.
Execute     source /usr/local/packages/xilinx_2017.4/Vivado/2017.4/common/technology/generic/autopilot/interface.gen 
Command     ap_source returned 0; 0 sec.
Execute     source /home/ecelrc/students/rli3/Vivado/hls_projects/sobel_1212/solution1/.autopilot/db/global.setting.tcl 
Command     ap_source returned 0; 0 sec.
Execute     source /usr/local/packages/xilinx_2017.4/Vivado/2017.4/common/technology/xilinx/zynq/zynq.gen 
Execute       source /usr/local/packages/xilinx_2017.4/Vivado/2017.4/common/technology/xilinx/common/virtex.gen 
Execute         source /usr/local/packages/xilinx_2017.4/Vivado/2017.4/common/technology/xilinx/common/xilinx.gen 
Execute           source /usr/local/packages/xilinx_2017.4/Vivado/2017.4/common/technology/xilinx/interface/plb46.gen 
Command           ap_source returned 0; 0 sec.
Execute           source /usr/local/packages/xilinx_2017.4/Vivado/2017.4/common/technology/xilinx/interface/fsl.gen 
Command           ap_source returned 0; 0.01 sec.
Execute           source /usr/local/packages/xilinx_2017.4/Vivado/2017.4/common/technology/xilinx/interface/axi4.gen 
Command           ap_source returned 0; 0 sec.
Execute           source /usr/local/packages/xilinx_2017.4/Vivado/2017.4/common/technology/xilinx/interface/nativeAXI4.gen 
Execute             source /usr/local/packages/xilinx_2017.4/Vivado/2017.4/common/technology/xilinx/interface/saxilite.gen 
Command             ap_source returned 0; 0 sec.
Execute             source /usr/local/packages/xilinx_2017.4/Vivado/2017.4/common/technology/xilinx/interface/maxi.gen 
Command             ap_source returned 0; 0.01 sec.
Command           ap_source returned 0; 0.01 sec.
Execute           source /usr/local/packages/xilinx_2017.4/Vivado/2017.4/common/technology/xilinx/scripts/xilinxcoregen.gen 
Command           ap_source returned 0; 0.01 sec.
Execute           source /usr/local/packages/xilinx_2017.4/Vivado/2017.4/common/technology/xilinx/interface/XilEDKCoreGen.gen 
Command           ap_source returned 0; 0.01 sec.
Execute           source /usr/local/packages/xilinx_2017.4/Vivado/2017.4/common/technology/xilinx/ip/dds_compiler.gen 
Command           ap_source returned 0; 0 sec.
Execute           source /usr/local/packages/xilinx_2017.4/Vivado/2017.4/common/technology/xilinx/ip/util.gen 
Command           ap_source returned 0; 0 sec.
Execute           source /usr/local/packages/xilinx_2017.4/Vivado/2017.4/common/technology/xilinx/ip/xfft.gen 
Command           ap_source returned 0; 0.1 sec.
Execute           source /usr/local/packages/xilinx_2017.4/Vivado/2017.4/common/technology/xilinx/ip/xfir.gen 
Command           ap_source returned 0; 0 sec.
Command         ap_source returned 0; 0.14 sec.
Execute         source /usr/local/packages/xilinx_2017.4/Vivado/2017.4/common/technology/xilinx/common/dsp48.gen 
Command         ap_source returned 0; 0 sec.
Command       ap_source returned 0; 0.14 sec.
Command     ap_source returned 0; 0.14 sec.
Execute     source /usr/local/packages/xilinx_2017.4/Vivado/2017.4/common/technology/xilinx/zynq/zynq_fpv6.gen 
Execute       source /usr/local/packages/xilinx_2017.4/Vivado/2017.4/common/technology/xilinx/common/xilinx_fpv6.gen 
Command       ap_source returned 0; 0.01 sec.
Command     ap_source returned 0; 0.01 sec.
Execute     source /home/ecelrc/students/rli3/Vivado/hls_projects/sobel_1212/solution1/.autopilot/db/image_filter.rtl_wrap.cfg.tcl 
Command     ap_source returned 0; 0 sec.
Execute     source /home/ecelrc/students/rli3/Vivado/hls_projects/sobel_1212/solution1/.autopilot/db/image_filter.rtl_wrap.cfg.tcl 
Command     ap_source returned 0; 0 sec.
Execute     source /home/ecelrc/students/rli3/Vivado/hls_projects/sobel_1212/solution1/.autopilot/db/image_filter.rtl_wrap.cfg.tcl 
Command     ap_source returned 0; 0 sec.
Execute     source /home/ecelrc/students/rli3/Vivado/hls_projects/sobel_1212/solution1/.autopilot/db/image_filter.tbgen.tcl 
Command     ap_source returned 0; 0 sec.
Execute     source /home/ecelrc/students/rli3/Vivado/hls_projects/sobel_1212/solution1/.autopilot/db/image_filter.tbgen.tcl 
Command     ap_source returned 0; 0 sec.
Execute     source /home/ecelrc/students/rli3/Vivado/hls_projects/sobel_1212/solution1/.autopilot/db/global.setting.tcl 
Command     ap_source returned 0; 0 sec.
Execute     source /home/ecelrc/students/rli3/Vivado/hls_projects/sobel_1212/solution1/.autopilot/db/Mem2Stream_1.compgen.tcl 
Command     ap_source returned 0; 0 sec.
Execute     source /home/ecelrc/students/rli3/Vivado/hls_projects/sobel_1212/solution1/.autopilot/db/Mem2Stream.compgen.tcl 
Command     ap_source returned 0; 0 sec.
Execute     source /home/ecelrc/students/rli3/Vivado/hls_projects/sobel_1212/solution1/.autopilot/db/Mem2Stream_Batch9.compgen.tcl 
Command     ap_source returned 0; 0 sec.
Execute     source /home/ecelrc/students/rli3/Vivado/hls_projects/sobel_1212/solution1/.autopilot/db/bgr2gray.compgen.tcl 
Command     ap_source returned 0; 0.15 sec.
Execute     source /home/ecelrc/students/rli3/Vivado/hls_projects/sobel_1212/solution1/.autopilot/db/gaussianBlur.compgen.tcl 
Command     ap_source returned 0; 0 sec.
Execute     source /home/ecelrc/students/rli3/Vivado/hls_projects/sobel_1212/solution1/.autopilot/db/sobel_x.compgen.tcl 
Command     ap_source returned 0; 0 sec.
Execute     source /home/ecelrc/students/rli3/Vivado/hls_projects/sobel_1212/solution1/.autopilot/db/sobel_y.compgen.tcl 
Command     ap_source returned 0; 0 sec.
Execute     source /home/ecelrc/students/rli3/Vivado/hls_projects/sobel_1212/solution1/.autopilot/db/addWeighted.compgen.tcl 
Command     ap_source returned 0; 0 sec.
Execute     source /home/ecelrc/students/rli3/Vivado/hls_projects/sobel_1212/solution1/.autopilot/db/gray2bgr.compgen.tcl 
Command     ap_source returned 0; 0 sec.
Execute     source /home/ecelrc/students/rli3/Vivado/hls_projects/sobel_1212/solution1/.autopilot/db/Stream2Mem_1.compgen.tcl 
Command     ap_source returned 0; 0 sec.
Execute     source /home/ecelrc/students/rli3/Vivado/hls_projects/sobel_1212/solution1/.autopilot/db/Stream2Mem.compgen.tcl 
Command     ap_source returned 0; 0 sec.
Execute     source /home/ecelrc/students/rli3/Vivado/hls_projects/sobel_1212/solution1/.autopilot/db/Stream2Mem_Batch.compgen.tcl 
Command     ap_source returned 0; 0 sec.
Execute     source /home/ecelrc/students/rli3/Vivado/hls_projects/sobel_1212/solution1/.autopilot/db/image_filter.compgen.tcl 
Command     ap_source returned 0; 0 sec.
Execute     source /home/ecelrc/students/rli3/Vivado/hls_projects/sobel_1212/solution1/.autopilot/db/global.setting.tcl 
Command     ap_source returned 0; 0 sec.
Execute     source /home/ecelrc/students/rli3/Vivado/hls_projects/sobel_1212/solution1/.autopilot/db/Mem2Stream_1.compgen.tcl 
Command     ap_source returned 0; 0 sec.
Execute     source /home/ecelrc/students/rli3/Vivado/hls_projects/sobel_1212/solution1/.autopilot/db/Mem2Stream.compgen.tcl 
Command     ap_source returned 0; 0 sec.
Execute     source /home/ecelrc/students/rli3/Vivado/hls_projects/sobel_1212/solution1/.autopilot/db/Mem2Stream_Batch9.compgen.tcl 
Command     ap_source returned 0; 0 sec.
Execute     source /home/ecelrc/students/rli3/Vivado/hls_projects/sobel_1212/solution1/.autopilot/db/bgr2gray.compgen.tcl 
Command     ap_source returned 0; 0 sec.
Execute     source /home/ecelrc/students/rli3/Vivado/hls_projects/sobel_1212/solution1/.autopilot/db/gaussianBlur.compgen.tcl 
Command     ap_source returned 0; 0 sec.
Execute     source /home/ecelrc/students/rli3/Vivado/hls_projects/sobel_1212/solution1/.autopilot/db/sobel_x.compgen.tcl 
Command     ap_source returned 0; 0 sec.
Execute     source /home/ecelrc/students/rli3/Vivado/hls_projects/sobel_1212/solution1/.autopilot/db/sobel_y.compgen.tcl 
Command     ap_source returned 0; 0 sec.
Execute     source /home/ecelrc/students/rli3/Vivado/hls_projects/sobel_1212/solution1/.autopilot/db/addWeighted.compgen.tcl 
Command     ap_source returned 0; 0 sec.
Execute     source /home/ecelrc/students/rli3/Vivado/hls_projects/sobel_1212/solution1/.autopilot/db/gray2bgr.compgen.tcl 
Command     ap_source returned 0; 0 sec.
Execute     source /home/ecelrc/students/rli3/Vivado/hls_projects/sobel_1212/solution1/.autopilot/db/Stream2Mem_1.compgen.tcl 
Command     ap_source returned 0; 0 sec.
Execute     source /home/ecelrc/students/rli3/Vivado/hls_projects/sobel_1212/solution1/.autopilot/db/Stream2Mem.compgen.tcl 
Command     ap_source returned 0; 0 sec.
Execute     source /home/ecelrc/students/rli3/Vivado/hls_projects/sobel_1212/solution1/.autopilot/db/Stream2Mem_Batch.compgen.tcl 
Command     ap_source returned 0; 0 sec.
Execute     source /home/ecelrc/students/rli3/Vivado/hls_projects/sobel_1212/solution1/.autopilot/db/image_filter.compgen.tcl 
Command     ap_source returned 0; 0.01 sec.
Execute     source /home/ecelrc/students/rli3/Vivado/hls_projects/sobel_1212/solution1/.autopilot/db/global.setting.tcl 
Command     ap_source returned 0; 0.01 sec.
Execute     source /home/ecelrc/students/rli3/Vivado/hls_projects/sobel_1212/solution1/.autopilot/db/Mem2Stream_1.compgen.tcl 
Command     ap_source returned 0; 0 sec.
Execute     source /home/ecelrc/students/rli3/Vivado/hls_projects/sobel_1212/solution1/.autopilot/db/Mem2Stream.compgen.tcl 
Command     ap_source returned 0; 0 sec.
Execute     source /home/ecelrc/students/rli3/Vivado/hls_projects/sobel_1212/solution1/.autopilot/db/Mem2Stream_Batch9.compgen.tcl 
Command     ap_source returned 0; 0 sec.
Execute     source /home/ecelrc/students/rli3/Vivado/hls_projects/sobel_1212/solution1/.autopilot/db/bgr2gray.compgen.tcl 
Command     ap_source returned 0; 0 sec.
Execute     source /home/ecelrc/students/rli3/Vivado/hls_projects/sobel_1212/solution1/.autopilot/db/gaussianBlur.compgen.tcl 
Command     ap_source returned 0; 0 sec.
Execute     source /home/ecelrc/students/rli3/Vivado/hls_projects/sobel_1212/solution1/.autopilot/db/sobel_x.compgen.tcl 
Command     ap_source returned 0; 0 sec.
Execute     source /home/ecelrc/students/rli3/Vivado/hls_projects/sobel_1212/solution1/.autopilot/db/sobel_y.compgen.tcl 
Command     ap_source returned 0; 0 sec.
Execute     source /home/ecelrc/students/rli3/Vivado/hls_projects/sobel_1212/solution1/.autopilot/db/addWeighted.compgen.tcl 
Command     ap_source returned 0; 0 sec.
Execute     source /home/ecelrc/students/rli3/Vivado/hls_projects/sobel_1212/solution1/.autopilot/db/gray2bgr.compgen.tcl 
Command     ap_source returned 0; 0 sec.
Execute     source /home/ecelrc/students/rli3/Vivado/hls_projects/sobel_1212/solution1/.autopilot/db/Stream2Mem_1.compgen.tcl 
Command     ap_source returned 0; 0.01 sec.
Execute     source /home/ecelrc/students/rli3/Vivado/hls_projects/sobel_1212/solution1/.autopilot/db/Stream2Mem.compgen.tcl 
Command     ap_source returned 0; 0 sec.
Execute     source /home/ecelrc/students/rli3/Vivado/hls_projects/sobel_1212/solution1/.autopilot/db/Stream2Mem_Batch.compgen.tcl 
Command     ap_source returned 0; 0 sec.
Execute     source /home/ecelrc/students/rli3/Vivado/hls_projects/sobel_1212/solution1/.autopilot/db/image_filter.compgen.tcl 
Command     ap_source returned 0; 0 sec.
Execute     source /home/ecelrc/students/rli3/Vivado/hls_projects/sobel_1212/solution1/.autopilot/db/global.setting.tcl 
Command     ap_source returned 0; 0 sec.
Execute     source /home/ecelrc/students/rli3/Vivado/hls_projects/sobel_1212/solution1/.autopilot/db/image_filter.constraint.tcl 
Command     ap_source returned 0; 0 sec.
Execute     source /home/ecelrc/students/rli3/Vivado/hls_projects/sobel_1212/solution1/.autopilot/db/image_filter.tbgen.tcl 
Command     ap_source returned 0; 0 sec.
Execute     source /home/ecelrc/students/rli3/Vivado/hls_projects/sobel_1212/solution1/.autopilot/db/global.setting.tcl 
Command     ap_source returned 0; 0 sec.
Execute     source /home/ecelrc/students/rli3/Vivado/hls_projects/sobel_1212/solution1/.autopilot/db/image_filter.tbgen.tcl 
Command     ap_source returned 0; 0 sec.
Execute     source /home/ecelrc/students/rli3/Vivado/hls_projects/sobel_1212/solution1/.autopilot/db/image_filter.tbgen.tcl 
Command     ap_source returned 0; 0 sec.
Execute     source /home/ecelrc/students/rli3/Vivado/hls_projects/sobel_1212/solution1/.autopilot/db/global.setting.tcl 
Command     ap_source returned 0; 0 sec.
Execute     source /home/ecelrc/students/rli3/Vivado/hls_projects/sobel_1212/solution1/.autopilot/db/global.setting.tcl 
Command     ap_source returned 0; 0 sec.
Execute     source /home/ecelrc/students/rli3/Vivado/hls_projects/sobel_1212/solution1/.autopilot/db/image_filter.rtl_wrap.cfg.tcl 
Command     ap_source returned 0; 0 sec.
Execute     source /home/ecelrc/students/rli3/Vivado/hls_projects/sobel_1212/solution1/.autopilot/db/image_filter.rtl_wrap.cfg.tcl 
Command     ap_source returned 0; 0 sec.
Execute     source /home/ecelrc/students/rli3/Vivado/hls_projects/sobel_1212/solution1/.autopilot/db/image_filter.rtl_wrap.cfg.tcl 
Command     ap_source returned 0; 0.01 sec.
Execute     source /home/ecelrc/students/rli3/Vivado/hls_projects/sobel_1212/solution1/.autopilot/db/image_filter.tbgen.tcl 
Command     ap_source returned 0; 0 sec.
Execute     source /home/ecelrc/students/rli3/Vivado/hls_projects/sobel_1212/solution1/.autopilot/db/image_filter.tbgen.tcl 
Command     ap_source returned 0; 0 sec.
Execute     source /home/ecelrc/students/rli3/Vivado/hls_projects/sobel_1212/solution1/.autopilot/db/image_filter.tbgen.tcl 
Command     ap_source returned 0; 0 sec.
Execute     source /home/ecelrc/students/rli3/Vivado/hls_projects/sobel_1212/solution1/.autopilot/db/image_filter.rtl_wrap.cfg.tcl 
Command     ap_source returned 0; 0 sec.
Execute     source /home/ecelrc/students/rli3/Vivado/hls_projects/sobel_1212/solution1/.autopilot/db/image_filter.rtl_wrap.cfg.tcl 
Command     ap_source returned 0; 0 sec.
Execute     source /home/ecelrc/students/rli3/Vivado/hls_projects/sobel_1212/solution1/.autopilot/db/image_filter.rtl_wrap.cfg.tcl 
Command     ap_source returned 0; 0 sec.
Execute     source /home/ecelrc/students/rli3/Vivado/hls_projects/sobel_1212/solution1/.autopilot/db/image_filter.tbgen.tcl 
Command     ap_source returned 0; 0 sec.
Execute     source /home/ecelrc/students/rli3/Vivado/hls_projects/sobel_1212/solution1/.autopilot/db/image_filter.tbgen.tcl 
Command     ap_source returned 0; 0 sec.
Execute     source /home/ecelrc/students/rli3/Vivado/hls_projects/sobel_1212/solution1/.autopilot/db/global.setting.tcl 
Command     ap_source returned 0; 0 sec.
Execute     source /home/ecelrc/students/rli3/Vivado/hls_projects/sobel_1212/solution1/.autopilot/db/image_filter.tbgen.tcl 
Command     ap_source returned 0; 0 sec.
Execute     source /home/ecelrc/students/rli3/Vivado/hls_projects/sobel_1212/solution1/.autopilot/db/global.setting.tcl 
Command     ap_source returned 0; 0 sec.
Execute     source /home/ecelrc/students/rli3/Vivado/hls_projects/sobel_1212/solution1/.autopilot/db/image_filter.constraint.tcl 
Command     ap_source returned 0; 0 sec.
Execute     source /home/ecelrc/students/rli3/Vivado/hls_projects/sobel_1212/solution1/.autopilot/db/global.setting.tcl 
Command     ap_source returned 0; 0 sec.
Execute     source /home/ecelrc/students/rli3/Vivado/hls_projects/sobel_1212/solution1/.autopilot/db/global.setting.tcl 
Command     ap_source returned 0; 0 sec.
Execute     source /home/ecelrc/students/rli3/Vivado/hls_projects/sobel_1212/solution1/.autopilot/db/image_filter.constraint.tcl 
Command     ap_source returned 0; 0 sec.
Execute     source /home/ecelrc/students/rli3/Vivado/hls_projects/sobel_1212/solution1/.autopilot/db/image_filter.tbgen.tcl 
Command     ap_source returned 0; 0 sec.
Execute     source /home/ecelrc/students/rli3/Vivado/hls_projects/sobel_1212/solution1/.autopilot/db/global.setting.tcl 
Command     ap_source returned 0; 0 sec.
Execute     source /home/ecelrc/students/rli3/Vivado/hls_projects/sobel_1212/solution1/.autopilot/db/image_filter.constraint.tcl 
Command     ap_source returned 0; 0 sec.
Execute     source /home/ecelrc/students/rli3/Vivado/hls_projects/sobel_1212/solution1/.autopilot/db/image_filter.tbgen.tcl 
Command     ap_source returned 0; 0 sec.
Execute     source /home/ecelrc/students/rli3/Vivado/hls_projects/sobel_1212/solution1/.autopilot/db/global.setting.tcl 
Command     ap_source returned 0; 0 sec.
Execute     source /usr/local/packages/xilinx_2017.4/Vivado/2017.4/common/technology/generic/autopilot/common.gen 
Execute       source /usr/local/packages/xilinx_2017.4/Vivado/2017.4/common/technology/generic/autopilot/APCoreGen.gen 
Command       ap_source returned 0; 0 sec.
Command     ap_source returned 0; 0.01 sec.
Execute     source /usr/local/packages/xilinx_2017.4/Vivado/2017.4/common/technology/generic/autopilot/op.gen 
Command     ap_source returned 0; 0 sec.
Execute     source /usr/local/packages/xilinx_2017.4/Vivado/2017.4/common/technology/generic/autopilot/op_simcore.gen 
Command     ap_source returned 0; 0 sec.
Execute     source /usr/local/packages/xilinx_2017.4/Vivado/2017.4/common/technology/generic/autopilot/interface.gen 
Command     ap_source returned 0; 0 sec.
Execute     source /home/ecelrc/students/rli3/Vivado/hls_projects/sobel_1212/solution1/.autopilot/db/global.setting.tcl 
Command     ap_source returned 0; 0 sec.
Execute     source /usr/local/packages/xilinx_2017.4/Vivado/2017.4/common/technology/xilinx/zynq/zynq.gen 
Execute       source /usr/local/packages/xilinx_2017.4/Vivado/2017.4/common/technology/xilinx/common/virtex.gen 
Execute         source /usr/local/packages/xilinx_2017.4/Vivado/2017.4/common/technology/xilinx/common/xilinx.gen 
Execute           source /usr/local/packages/xilinx_2017.4/Vivado/2017.4/common/technology/xilinx/interface/plb46.gen 
Command           ap_source returned 0; 0 sec.
Execute           source /usr/local/packages/xilinx_2017.4/Vivado/2017.4/common/technology/xilinx/interface/fsl.gen 
Command           ap_source returned 0; 0 sec.
Execute           source /usr/local/packages/xilinx_2017.4/Vivado/2017.4/common/technology/xilinx/interface/axi4.gen 
Command           ap_source returned 0; 0.01 sec.
Execute           source /usr/local/packages/xilinx_2017.4/Vivado/2017.4/common/technology/xilinx/interface/nativeAXI4.gen 
Execute             source /usr/local/packages/xilinx_2017.4/Vivado/2017.4/common/technology/xilinx/interface/saxilite.gen 
Command             ap_source returned 0; 0 sec.
Execute             source /usr/local/packages/xilinx_2017.4/Vivado/2017.4/common/technology/xilinx/interface/maxi.gen 
Command             ap_source returned 0; 0.01 sec.
Command           ap_source returned 0; 0.01 sec.
Execute           source /usr/local/packages/xilinx_2017.4/Vivado/2017.4/common/technology/xilinx/scripts/xilinxcoregen.gen 
Command           ap_source returned 0; 0.01 sec.
Execute           source /usr/local/packages/xilinx_2017.4/Vivado/2017.4/common/technology/xilinx/interface/XilEDKCoreGen.gen 
Command           ap_source returned 0; 0.01 sec.
Execute           source /usr/local/packages/xilinx_2017.4/Vivado/2017.4/common/technology/xilinx/ip/dds_compiler.gen 
Command           ap_source returned 0; 0 sec.
Execute           source /usr/local/packages/xilinx_2017.4/Vivado/2017.4/common/technology/xilinx/ip/util.gen 
Command           ap_source returned 0; 0 sec.
Execute           source /usr/local/packages/xilinx_2017.4/Vivado/2017.4/common/technology/xilinx/ip/xfft.gen 
Command           ap_source returned 0; 0.1 sec.
Execute           source /usr/local/packages/xilinx_2017.4/Vivado/2017.4/common/technology/xilinx/ip/xfir.gen 
Command           ap_source returned 0; 0 sec.
Command         ap_source returned 0; 0.14 sec.
Execute         source /usr/local/packages/xilinx_2017.4/Vivado/2017.4/common/technology/xilinx/common/dsp48.gen 
Command         ap_source returned 0; 0.01 sec.
Command       ap_source returned 0; 0.15 sec.
Command     ap_source returned 0; 0.15 sec.
Execute     source /usr/local/packages/xilinx_2017.4/Vivado/2017.4/common/technology/xilinx/zynq/zynq_fpv6.gen 
Execute       source /usr/local/packages/xilinx_2017.4/Vivado/2017.4/common/technology/xilinx/common/xilinx_fpv6.gen 
Command       ap_source returned 0; 0 sec.
Command     ap_source returned 0; 0 sec.
Execute     source /home/ecelrc/students/rli3/Vivado/hls_projects/sobel_1212/solution1/.autopilot/db/global.setting.tcl 
Command     ap_source returned 0; 0 sec.
Execute     source /usr/local/packages/xilinx_2017.4/Vivado/2017.4/common/technology/generic/autopilot/common.gen 
Execute       source /usr/local/packages/xilinx_2017.4/Vivado/2017.4/common/technology/generic/autopilot/APCoreGen.gen 
Command       ap_source returned 0; 0 sec.
Command     ap_source returned 0; 0 sec.
Execute     source /usr/local/packages/xilinx_2017.4/Vivado/2017.4/common/technology/generic/autopilot/op.gen 
Command     ap_source returned 0; 0 sec.
Execute     source /usr/local/packages/xilinx_2017.4/Vivado/2017.4/common/technology/generic/autopilot/op_simcore.gen 
Command     ap_source returned 0; 0 sec.
Execute     source /usr/local/packages/xilinx_2017.4/Vivado/2017.4/common/technology/generic/autopilot/interface.gen 
Command     ap_source returned 0; 0 sec.
Execute     source /home/ecelrc/students/rli3/Vivado/hls_projects/sobel_1212/solution1/.autopilot/db/global.setting.tcl 
Command     ap_source returned 0; 0 sec.
Execute     source /usr/local/packages/xilinx_2017.4/Vivado/2017.4/common/technology/xilinx/zynq/zynq.gen 
Execute       source /usr/local/packages/xilinx_2017.4/Vivado/2017.4/common/technology/xilinx/common/virtex.gen 
Execute         source /usr/local/packages/xilinx_2017.4/Vivado/2017.4/common/technology/xilinx/common/xilinx.gen 
Execute           source /usr/local/packages/xilinx_2017.4/Vivado/2017.4/common/technology/xilinx/interface/plb46.gen 
Command           ap_source returned 0; 0 sec.
Execute           source /usr/local/packages/xilinx_2017.4/Vivado/2017.4/common/technology/xilinx/interface/fsl.gen 
Command           ap_source returned 0; 0 sec.
Execute           source /usr/local/packages/xilinx_2017.4/Vivado/2017.4/common/technology/xilinx/interface/axi4.gen 
Command           ap_source returned 0; 0 sec.
Execute           source /usr/local/packages/xilinx_2017.4/Vivado/2017.4/common/technology/xilinx/interface/nativeAXI4.gen 
Execute             source /usr/local/packages/xilinx_2017.4/Vivado/2017.4/common/technology/xilinx/interface/saxilite.gen 
Command             ap_source returned 0; 0 sec.
Execute             source /usr/local/packages/xilinx_2017.4/Vivado/2017.4/common/technology/xilinx/interface/maxi.gen 
Command             ap_source returned 0; 0.01 sec.
Command           ap_source returned 0; 0.02 sec.
Execute           source /usr/local/packages/xilinx_2017.4/Vivado/2017.4/common/technology/xilinx/scripts/xilinxcoregen.gen 
Command           ap_source returned 0; 0.01 sec.
Execute           source /usr/local/packages/xilinx_2017.4/Vivado/2017.4/common/technology/xilinx/interface/XilEDKCoreGen.gen 
Command           ap_source returned 0; 0.01 sec.
Execute           source /usr/local/packages/xilinx_2017.4/Vivado/2017.4/common/technology/xilinx/ip/dds_compiler.gen 
Command           ap_source returned 0; 0 sec.
Execute           source /usr/local/packages/xilinx_2017.4/Vivado/2017.4/common/technology/xilinx/ip/util.gen 
Command           ap_source returned 0; 0 sec.
Execute           source /usr/local/packages/xilinx_2017.4/Vivado/2017.4/common/technology/xilinx/ip/xfft.gen 
Command           ap_source returned 0; 0.1 sec.
Execute           source /usr/local/packages/xilinx_2017.4/Vivado/2017.4/common/technology/xilinx/ip/xfir.gen 
Command           ap_source returned 0; 0 sec.
Command         ap_source returned 0; 0.14 sec.
Execute         source /usr/local/packages/xilinx_2017.4/Vivado/2017.4/common/technology/xilinx/common/dsp48.gen 
Command         ap_source returned 0; 0 sec.
Command       ap_source returned 0; 0.15 sec.
Command     ap_source returned 0; 0.15 sec.
Execute     source /usr/local/packages/xilinx_2017.4/Vivado/2017.4/common/technology/xilinx/zynq/zynq_fpv6.gen 
Execute       source /usr/local/packages/xilinx_2017.4/Vivado/2017.4/common/technology/xilinx/common/xilinx_fpv6.gen 
Command       ap_source returned 0; 0 sec.
Command     ap_source returned 0; 0 sec.
Execute     source /home/ecelrc/students/rli3/Vivado/hls_projects/sobel_1212/solution1/.autopilot/db/global.setting.tcl 
Command     ap_source returned 0; 0 sec.
Execute     source /home/ecelrc/students/rli3/Vivado/hls_projects/sobel_1212/solution1/.autopilot/db/global.setting.tcl 
Command     ap_source returned 0; 0 sec.
Execute     source /home/ecelrc/students/rli3/Vivado/hls_projects/sobel_1212/solution1/.autopilot/db/global.setting.tcl 
Command     ap_source returned 0; 0 sec.
Execute     source /usr/local/packages/xilinx_2017.4/Vivado/2017.4/common/technology/generic/autopilot/common.gen 
Execute       source /usr/local/packages/xilinx_2017.4/Vivado/2017.4/common/technology/generic/autopilot/APCoreGen.gen 
Command       ap_source returned 0; 0 sec.
Command     ap_source returned 0; 0 sec.
Execute     source /usr/local/packages/xilinx_2017.4/Vivado/2017.4/common/technology/generic/autopilot/op.gen 
Command     ap_source returned 0; 0 sec.
Execute     source /usr/local/packages/xilinx_2017.4/Vivado/2017.4/common/technology/generic/autopilot/op_simcore.gen 
Command     ap_source returned 0; 0 sec.
Execute     source /usr/local/packages/xilinx_2017.4/Vivado/2017.4/common/technology/generic/autopilot/interface.gen 
Command     ap_source returned 0; 0 sec.
Execute     source /home/ecelrc/students/rli3/Vivado/hls_projects/sobel_1212/solution1/.autopilot/db/global.setting.tcl 
Command     ap_source returned 0; 0 sec.
Execute     source /usr/local/packages/xilinx_2017.4/Vivado/2017.4/common/technology/xilinx/zynq/zynq.gen 
Execute       source /usr/local/packages/xilinx_2017.4/Vivado/2017.4/common/technology/xilinx/common/virtex.gen 
Execute         source /usr/local/packages/xilinx_2017.4/Vivado/2017.4/common/technology/xilinx/common/xilinx.gen 
Execute           source /usr/local/packages/xilinx_2017.4/Vivado/2017.4/common/technology/xilinx/interface/plb46.gen 
Command           ap_source returned 0; 0 sec.
Execute           source /usr/local/packages/xilinx_2017.4/Vivado/2017.4/common/technology/xilinx/interface/fsl.gen 
Command           ap_source returned 0; 0 sec.
Execute           source /usr/local/packages/xilinx_2017.4/Vivado/2017.4/common/technology/xilinx/interface/axi4.gen 
Command           ap_source returned 0; 0 sec.
Execute           source /usr/local/packages/xilinx_2017.4/Vivado/2017.4/common/technology/xilinx/interface/nativeAXI4.gen 
Execute             source /usr/local/packages/xilinx_2017.4/Vivado/2017.4/common/technology/xilinx/interface/saxilite.gen 
Command             ap_source returned 0; 0 sec.
Execute             source /usr/local/packages/xilinx_2017.4/Vivado/2017.4/common/technology/xilinx/interface/maxi.gen 
Command             ap_source returned 0; 0.01 sec.
Command           ap_source returned 0; 0.01 sec.
Execute           source /usr/local/packages/xilinx_2017.4/Vivado/2017.4/common/technology/xilinx/scripts/xilinxcoregen.gen 
Command           ap_source returned 0; 0.01 sec.
Execute           source /usr/local/packages/xilinx_2017.4/Vivado/2017.4/common/technology/xilinx/interface/XilEDKCoreGen.gen 
Command           ap_source returned 0; 0.01 sec.
Execute           source /usr/local/packages/xilinx_2017.4/Vivado/2017.4/common/technology/xilinx/ip/dds_compiler.gen 
Command           ap_source returned 0; 0.01 sec.
Execute           source /usr/local/packages/xilinx_2017.4/Vivado/2017.4/common/technology/xilinx/ip/util.gen 
Command           ap_source returned 0; 0 sec.
Execute           source /usr/local/packages/xilinx_2017.4/Vivado/2017.4/common/technology/xilinx/ip/xfft.gen 
Command           ap_source returned 0; 0.1 sec.
Execute           source /usr/local/packages/xilinx_2017.4/Vivado/2017.4/common/technology/xilinx/ip/xfir.gen 
Command           ap_source returned 0; 0 sec.
Command         ap_source returned 0; 0.15 sec.
Execute         source /usr/local/packages/xilinx_2017.4/Vivado/2017.4/common/technology/xilinx/common/dsp48.gen 
Command         ap_source returned 0; 0 sec.
Command       ap_source returned 0; 0.15 sec.
Command     ap_source returned 0; 0.15 sec.
Execute     source /usr/local/packages/xilinx_2017.4/Vivado/2017.4/common/technology/xilinx/zynq/zynq_fpv6.gen 
Execute       source /usr/local/packages/xilinx_2017.4/Vivado/2017.4/common/technology/xilinx/common/xilinx_fpv6.gen 
Command       ap_source returned 0; 0 sec.
Command     ap_source returned 0; 0 sec.
Execute     source /home/ecelrc/students/rli3/Vivado/hls_projects/sobel_1212/solution1/.autopilot/db/global.setting.tcl 
Command     ap_source returned 0; 0 sec.
Execute     source /home/ecelrc/students/rli3/Vivado/hls_projects/sobel_1212/solution1/.autopilot/db/Mem2Stream_1.compgen.tcl 
Command     ap_source returned 0; 0.01 sec.
Execute     source /home/ecelrc/students/rli3/Vivado/hls_projects/sobel_1212/solution1/.autopilot/db/Mem2Stream.compgen.tcl 
Command     ap_source returned 0; 0 sec.
Execute     source /home/ecelrc/students/rli3/Vivado/hls_projects/sobel_1212/solution1/.autopilot/db/Mem2Stream_Batch9.compgen.tcl 
Command     ap_source returned 0; 0 sec.
Execute     source /home/ecelrc/students/rli3/Vivado/hls_projects/sobel_1212/solution1/.autopilot/db/bgr2gray.compgen.tcl 
Command     ap_source returned 0; 0.15 sec.
Execute     source /home/ecelrc/students/rli3/Vivado/hls_projects/sobel_1212/solution1/.autopilot/db/gaussianBlur.compgen.tcl 
Command     ap_source returned 0; 0 sec.
Execute     source /home/ecelrc/students/rli3/Vivado/hls_projects/sobel_1212/solution1/.autopilot/db/sobel_x.compgen.tcl 
Command     ap_source returned 0; 0 sec.
Execute     source /home/ecelrc/students/rli3/Vivado/hls_projects/sobel_1212/solution1/.autopilot/db/sobel_y.compgen.tcl 
Command     ap_source returned 0; 0.01 sec.
Execute     source /home/ecelrc/students/rli3/Vivado/hls_projects/sobel_1212/solution1/.autopilot/db/addWeighted.compgen.tcl 
Command     ap_source returned 0; 0 sec.
Execute     source /home/ecelrc/students/rli3/Vivado/hls_projects/sobel_1212/solution1/.autopilot/db/gray2bgr.compgen.tcl 
Command     ap_source returned 0; 0 sec.
Execute     source /home/ecelrc/students/rli3/Vivado/hls_projects/sobel_1212/solution1/.autopilot/db/Stream2Mem_1.compgen.tcl 
Command     ap_source returned 0; 0 sec.
Execute     source /home/ecelrc/students/rli3/Vivado/hls_projects/sobel_1212/solution1/.autopilot/db/Stream2Mem.compgen.tcl 
Command     ap_source returned 0; 0 sec.
Execute     source /home/ecelrc/students/rli3/Vivado/hls_projects/sobel_1212/solution1/.autopilot/db/Stream2Mem_Batch.compgen.tcl 
Command     ap_source returned 0; 0 sec.
Execute     source /home/ecelrc/students/rli3/Vivado/hls_projects/sobel_1212/solution1/.autopilot/db/image_filter.compgen.tcl 
Command     ap_source returned 0; 0 sec.
Execute     source /home/ecelrc/students/rli3/Vivado/hls_projects/sobel_1212/solution1/.autopilot/db/global.setting.tcl 
Command     ap_source returned 0; 0 sec.
Execute     source /home/ecelrc/students/rli3/Vivado/hls_projects/sobel_1212/solution1/.autopilot/db/image_filter.constraint.tcl 
Command     ap_source returned 0; 0 sec.
Execute     source /home/ecelrc/students/rli3/Vivado/hls_projects/sobel_1212/solution1/.autopilot/db/image_filter.tbgen.tcl 
Command     ap_source returned 0; 0 sec.
Execute     source /home/ecelrc/students/rli3/Vivado/hls_projects/sobel_1212/solution1/.autopilot/db/global.setting.tcl 
Command     ap_source returned 0; 0 sec.
Execute     source /usr/local/packages/xilinx_2017.4/Vivado/2017.4/common/technology/generic/autopilot/common.gen 
Execute       source /usr/local/packages/xilinx_2017.4/Vivado/2017.4/common/technology/generic/autopilot/APCoreGen.gen 
Command       ap_source returned 0; 0 sec.
Command     ap_source returned 0; 0 sec.
Execute     source /usr/local/packages/xilinx_2017.4/Vivado/2017.4/common/technology/generic/autopilot/op.gen 
Command     ap_source returned 0; 0 sec.
Execute     source /usr/local/packages/xilinx_2017.4/Vivado/2017.4/common/technology/generic/autopilot/op_simcore.gen 
Command     ap_source returned 0; 0 sec.
Execute     source /usr/local/packages/xilinx_2017.4/Vivado/2017.4/common/technology/generic/autopilot/interface.gen 
Command     ap_source returned 0; 0 sec.
Execute     source /home/ecelrc/students/rli3/Vivado/hls_projects/sobel_1212/solution1/.autopilot/db/global.setting.tcl 
Command     ap_source returned 0; 0 sec.
Execute     source /usr/local/packages/xilinx_2017.4/Vivado/2017.4/common/technology/xilinx/zynq/zynq.gen 
Execute       source /usr/local/packages/xilinx_2017.4/Vivado/2017.4/common/technology/xilinx/common/virtex.gen 
Execute         source /usr/local/packages/xilinx_2017.4/Vivado/2017.4/common/technology/xilinx/common/xilinx.gen 
Execute           source /usr/local/packages/xilinx_2017.4/Vivado/2017.4/common/technology/xilinx/interface/plb46.gen 
Command           ap_source returned 0; 0 sec.
Execute           source /usr/local/packages/xilinx_2017.4/Vivado/2017.4/common/technology/xilinx/interface/fsl.gen 
Command           ap_source returned 0; 0 sec.
Execute           source /usr/local/packages/xilinx_2017.4/Vivado/2017.4/common/technology/xilinx/interface/axi4.gen 
Command           ap_source returned 0; 0 sec.
Execute           source /usr/local/packages/xilinx_2017.4/Vivado/2017.4/common/technology/xilinx/interface/nativeAXI4.gen 
Execute             source /usr/local/packages/xilinx_2017.4/Vivado/2017.4/common/technology/xilinx/interface/saxilite.gen 
Command             ap_source returned 0; 0.01 sec.
Execute             source /usr/local/packages/xilinx_2017.4/Vivado/2017.4/common/technology/xilinx/interface/maxi.gen 
Command             ap_source returned 0; 0.01 sec.
Command           ap_source returned 0; 0.02 sec.
Execute           source /usr/local/packages/xilinx_2017.4/Vivado/2017.4/common/technology/xilinx/scripts/xilinxcoregen.gen 
Command           ap_source returned 0; 0.01 sec.
Execute           source /usr/local/packages/xilinx_2017.4/Vivado/2017.4/common/technology/xilinx/interface/XilEDKCoreGen.gen 
Command           ap_source returned 0; 0.01 sec.
Execute           source /usr/local/packages/xilinx_2017.4/Vivado/2017.4/common/technology/xilinx/ip/dds_compiler.gen 
Command           ap_source returned 0; 0 sec.
Execute           source /usr/local/packages/xilinx_2017.4/Vivado/2017.4/common/technology/xilinx/ip/util.gen 
Command           ap_source returned 0; 0 sec.
Execute           source /usr/local/packages/xilinx_2017.4/Vivado/2017.4/common/technology/xilinx/ip/xfft.gen 
Command           ap_source returned 0; 0.1 sec.
Execute           source /usr/local/packages/xilinx_2017.4/Vivado/2017.4/common/technology/xilinx/ip/xfir.gen 
Command           ap_source returned 0; 0 sec.
Command         ap_source returned 0; 0.14 sec.
Execute         source /usr/local/packages/xilinx_2017.4/Vivado/2017.4/common/technology/xilinx/common/dsp48.gen 
Command         ap_source returned 0; 0.01 sec.
Command       ap_source returned 0; 0.15 sec.
Command     ap_source returned 0; 0.16 sec.
Execute     source /usr/local/packages/xilinx_2017.4/Vivado/2017.4/common/technology/xilinx/zynq/zynq_fpv6.gen 
Execute       source /usr/local/packages/xilinx_2017.4/Vivado/2017.4/common/technology/xilinx/common/xilinx_fpv6.gen 
Command       ap_source returned 0; 0 sec.
Command     ap_source returned 0; 0 sec.
Execute     source /home/ecelrc/students/rli3/Vivado/hls_projects/sobel_1212/solution1/.autopilot/db/global.setting.tcl 
Command     ap_source returned 0; 0 sec.
Execute     source /home/ecelrc/students/rli3/Vivado/hls_projects/sobel_1212/solution1/.autopilot/db/global.setting.tcl 
Command     ap_source returned 0; 0 sec.
Execute     source /usr/local/packages/xilinx_2017.4/Vivado/2017.4/common/technology/generic/autopilot/common.gen 
Execute       source /usr/local/packages/xilinx_2017.4/Vivado/2017.4/common/technology/generic/autopilot/APCoreGen.gen 
Command       ap_source returned 0; 0 sec.
Command     ap_source returned 0; 0 sec.
Execute     source /usr/local/packages/xilinx_2017.4/Vivado/2017.4/common/technology/generic/autopilot/op.gen 
Command     ap_source returned 0; 0 sec.
Execute     source /usr/local/packages/xilinx_2017.4/Vivado/2017.4/common/technology/generic/autopilot/op_simcore.gen 
Command     ap_source returned 0; 0 sec.
Execute     source /usr/local/packages/xilinx_2017.4/Vivado/2017.4/common/technology/generic/autopilot/interface.gen 
Command     ap_source returned 0; 0 sec.
Execute     source /home/ecelrc/students/rli3/Vivado/hls_projects/sobel_1212/solution1/.autopilot/db/global.setting.tcl 
Command     ap_source returned 0; 0 sec.
Execute     source /usr/local/packages/xilinx_2017.4/Vivado/2017.4/common/technology/xilinx/zynq/zynq.gen 
Execute       source /usr/local/packages/xilinx_2017.4/Vivado/2017.4/common/technology/xilinx/common/virtex.gen 
Execute         source /usr/local/packages/xilinx_2017.4/Vivado/2017.4/common/technology/xilinx/common/xilinx.gen 
Execute           source /usr/local/packages/xilinx_2017.4/Vivado/2017.4/common/technology/xilinx/interface/plb46.gen 
Command           ap_source returned 0; 0 sec.
Execute           source /usr/local/packages/xilinx_2017.4/Vivado/2017.4/common/technology/xilinx/interface/fsl.gen 
Command           ap_source returned 0; 0 sec.
Execute           source /usr/local/packages/xilinx_2017.4/Vivado/2017.4/common/technology/xilinx/interface/axi4.gen 
Command           ap_source returned 0; 0 sec.
Execute           source /usr/local/packages/xilinx_2017.4/Vivado/2017.4/common/technology/xilinx/interface/nativeAXI4.gen 
Execute             source /usr/local/packages/xilinx_2017.4/Vivado/2017.4/common/technology/xilinx/interface/saxilite.gen 
Command             ap_source returned 0; 0.01 sec.
Execute             source /usr/local/packages/xilinx_2017.4/Vivado/2017.4/common/technology/xilinx/interface/maxi.gen 
Command             ap_source returned 0; 0 sec.
Command           ap_source returned 0; 0.01 sec.
Execute           source /usr/local/packages/xilinx_2017.4/Vivado/2017.4/common/technology/xilinx/scripts/xilinxcoregen.gen 
Command           ap_source returned 0; 0.02 sec.
Execute           source /usr/local/packages/xilinx_2017.4/Vivado/2017.4/common/technology/xilinx/interface/XilEDKCoreGen.gen 
Command           ap_source returned 0; 0 sec.
Execute           source /usr/local/packages/xilinx_2017.4/Vivado/2017.4/common/technology/xilinx/ip/dds_compiler.gen 
Command           ap_source returned 0; 0.01 sec.
Execute           source /usr/local/packages/xilinx_2017.4/Vivado/2017.4/common/technology/xilinx/ip/util.gen 
Command           ap_source returned 0; 0 sec.
Execute           source /usr/local/packages/xilinx_2017.4/Vivado/2017.4/common/technology/xilinx/ip/xfft.gen 
Command           ap_source returned 0; 0.1 sec.
Execute           source /usr/local/packages/xilinx_2017.4/Vivado/2017.4/common/technology/xilinx/ip/xfir.gen 
Command           ap_source returned 0; 0 sec.
Command         ap_source returned 0; 0.14 sec.
Execute         source /usr/local/packages/xilinx_2017.4/Vivado/2017.4/common/technology/xilinx/common/dsp48.gen 
Command         ap_source returned 0; 0 sec.
Command       ap_source returned 0; 0.15 sec.
Command     ap_source returned 0; 0.15 sec.
Execute     source /usr/local/packages/xilinx_2017.4/Vivado/2017.4/common/technology/xilinx/zynq/zynq_fpv6.gen 
Execute       source /usr/local/packages/xilinx_2017.4/Vivado/2017.4/common/technology/xilinx/common/xilinx_fpv6.gen 
Command       ap_source returned 0; 0.01 sec.
Command     ap_source returned 0; 0.01 sec.
Execute     source /home/ecelrc/students/rli3/Vivado/hls_projects/sobel_1212/solution1/.autopilot/db/global.setting.tcl 
Command     ap_source returned 0; 0 sec.
Execute     source /home/ecelrc/students/rli3/Vivado/hls_projects/sobel_1212/solution1/.autopilot/db/global.setting.tcl 
Command     ap_source returned 0; 0 sec.
Execute     source /home/ecelrc/students/rli3/Vivado/hls_projects/sobel_1212/solution1/.autopilot/db/global.setting.tcl 
Command     ap_source returned 0; 0 sec.
Execute     source /usr/local/packages/xilinx_2017.4/Vivado/2017.4/common/technology/generic/autopilot/common.gen 
Execute       source /usr/local/packages/xilinx_2017.4/Vivado/2017.4/common/technology/generic/autopilot/APCoreGen.gen 
Command       ap_source returned 0; 0 sec.
Command     ap_source returned 0; 0 sec.
Execute     source /usr/local/packages/xilinx_2017.4/Vivado/2017.4/common/technology/generic/autopilot/op.gen 
Command     ap_source returned 0; 0.01 sec.
Execute     source /usr/local/packages/xilinx_2017.4/Vivado/2017.4/common/technology/generic/autopilot/op_simcore.gen 
Command     ap_source returned 0; 0 sec.
Execute     source /usr/local/packages/xilinx_2017.4/Vivado/2017.4/common/technology/generic/autopilot/interface.gen 
Command     ap_source returned 0; 0 sec.
Execute     source /home/ecelrc/students/rli3/Vivado/hls_projects/sobel_1212/solution1/.autopilot/db/global.setting.tcl 
Command     ap_source returned 0; 0 sec.
Execute     source /usr/local/packages/xilinx_2017.4/Vivado/2017.4/common/technology/xilinx/zynq/zynq.gen 
Execute       source /usr/local/packages/xilinx_2017.4/Vivado/2017.4/common/technology/xilinx/common/virtex.gen 
Execute         source /usr/local/packages/xilinx_2017.4/Vivado/2017.4/common/technology/xilinx/common/xilinx.gen 
Execute           source /usr/local/packages/xilinx_2017.4/Vivado/2017.4/common/technology/xilinx/interface/plb46.gen 
Command           ap_source returned 0; 0 sec.
Execute           source /usr/local/packages/xilinx_2017.4/Vivado/2017.4/common/technology/xilinx/interface/fsl.gen 
Command           ap_source returned 0; 0 sec.
Execute           source /usr/local/packages/xilinx_2017.4/Vivado/2017.4/common/technology/xilinx/interface/axi4.gen 
Command           ap_source returned 0; 0.01 sec.
Execute           source /usr/local/packages/xilinx_2017.4/Vivado/2017.4/common/technology/xilinx/interface/nativeAXI4.gen 
Execute             source /usr/local/packages/xilinx_2017.4/Vivado/2017.4/common/technology/xilinx/interface/saxilite.gen 
Command             ap_source returned 0; 0 sec.
Execute             source /usr/local/packages/xilinx_2017.4/Vivado/2017.4/common/technology/xilinx/interface/maxi.gen 
Command             ap_source returned 0; 0.01 sec.
Command           ap_source returned 0; 0.01 sec.
Execute           source /usr/local/packages/xilinx_2017.4/Vivado/2017.4/common/technology/xilinx/scripts/xilinxcoregen.gen 
Command           ap_source returned 0; 0.01 sec.
Execute           source /usr/local/packages/xilinx_2017.4/Vivado/2017.4/common/technology/xilinx/interface/XilEDKCoreGen.gen 
Command           ap_source returned 0; 0 sec.
Execute           source /usr/local/packages/xilinx_2017.4/Vivado/2017.4/common/technology/xilinx/ip/dds_compiler.gen 
Command           ap_source returned 0; 0.01 sec.
Execute           source /usr/local/packages/xilinx_2017.4/Vivado/2017.4/common/technology/xilinx/ip/util.gen 
Command           ap_source returned 0; 0 sec.
Execute           source /usr/local/packages/xilinx_2017.4/Vivado/2017.4/common/technology/xilinx/ip/xfft.gen 
Command           ap_source returned 0; 0.09 sec.
Execute           source /usr/local/packages/xilinx_2017.4/Vivado/2017.4/common/technology/xilinx/ip/xfir.gen 
Command           ap_source returned 0; 0.01 sec.
Command         ap_source returned 0; 0.14 sec.
Execute         source /usr/local/packages/xilinx_2017.4/Vivado/2017.4/common/technology/xilinx/common/dsp48.gen 
Command         ap_source returned 0; 0 sec.
Command       ap_source returned 0; 0.14 sec.
Command     ap_source returned 0; 0.14 sec.
Execute     source /usr/local/packages/xilinx_2017.4/Vivado/2017.4/common/technology/xilinx/zynq/zynq_fpv6.gen 
Execute       source /usr/local/packages/xilinx_2017.4/Vivado/2017.4/common/technology/xilinx/common/xilinx_fpv6.gen 
Command       ap_source returned 0; 0 sec.
Command     ap_source returned 0; 0 sec.
Execute     source /home/ecelrc/students/rli3/Vivado/hls_projects/sobel_1212/solution1/.autopilot/db/global.setting.tcl 
Command     ap_source returned 0; 0 sec.
Execute     source /home/ecelrc/students/rli3/Vivado/hls_projects/sobel_1212/solution1/.autopilot/db/Mem2Stream_1.compgen.tcl 
Command     ap_source returned 0; 0 sec.
Execute     source /home/ecelrc/students/rli3/Vivado/hls_projects/sobel_1212/solution1/.autopilot/db/Mem2Stream.compgen.tcl 
Command     ap_source returned 0; 0 sec.
Execute     source /home/ecelrc/students/rli3/Vivado/hls_projects/sobel_1212/solution1/.autopilot/db/Mem2Stream_Batch9.compgen.tcl 
Command     ap_source returned 0; 0 sec.
Execute     source /home/ecelrc/students/rli3/Vivado/hls_projects/sobel_1212/solution1/.autopilot/db/bgr2gray.compgen.tcl 
Command     ap_source returned 0; 0.13 sec.
Execute     source /home/ecelrc/students/rli3/Vivado/hls_projects/sobel_1212/solution1/.autopilot/db/gaussianBlur.compgen.tcl 
Command     ap_source returned 0; 0 sec.
Execute     source /home/ecelrc/students/rli3/Vivado/hls_projects/sobel_1212/solution1/.autopilot/db/sobel_x.compgen.tcl 
Command     ap_source returned 0; 0 sec.
Execute     source /home/ecelrc/students/rli3/Vivado/hls_projects/sobel_1212/solution1/.autopilot/db/sobel_y.compgen.tcl 
Command     ap_source returned 0; 0 sec.
Execute     source /home/ecelrc/students/rli3/Vivado/hls_projects/sobel_1212/solution1/.autopilot/db/addWeighted.compgen.tcl 
Command     ap_source returned 0; 0.01 sec.
Execute     source /home/ecelrc/students/rli3/Vivado/hls_projects/sobel_1212/solution1/.autopilot/db/gray2bgr.compgen.tcl 
Command     ap_source returned 0; 0 sec.
Execute     source /home/ecelrc/students/rli3/Vivado/hls_projects/sobel_1212/solution1/.autopilot/db/Stream2Mem_1.compgen.tcl 
Command     ap_source returned 0; 0 sec.
Execute     source /home/ecelrc/students/rli3/Vivado/hls_projects/sobel_1212/solution1/.autopilot/db/Stream2Mem.compgen.tcl 
Command     ap_source returned 0; 0 sec.
Execute     source /home/ecelrc/students/rli3/Vivado/hls_projects/sobel_1212/solution1/.autopilot/db/Stream2Mem_Batch.compgen.tcl 
Command     ap_source returned 0; 0 sec.
Execute     source /home/ecelrc/students/rli3/Vivado/hls_projects/sobel_1212/solution1/.autopilot/db/image_filter.compgen.tcl 
Command     ap_source returned 0; 0 sec.
Execute     source /home/ecelrc/students/rli3/Vivado/hls_projects/sobel_1212/solution1/.autopilot/db/global.setting.tcl 
Command     ap_source returned 0; 0 sec.
Execute     source /home/ecelrc/students/rli3/Vivado/hls_projects/sobel_1212/solution1/.autopilot/db/image_filter.constraint.tcl 
Command     ap_source returned 0; 0 sec.
Execute     source /home/ecelrc/students/rli3/Vivado/hls_projects/sobel_1212/solution1/.autopilot/db/image_filter.tbgen.tcl 
Command     ap_source returned 0; 0.01 sec.
Execute     source /home/ecelrc/students/rli3/Vivado/hls_projects/sobel_1212/solution1/.autopilot/db/global.setting.tcl 
Command     ap_source returned 0; 0 sec.
Execute     source /usr/local/packages/xilinx_2017.4/Vivado/2017.4/common/technology/generic/autopilot/common.gen 
Execute       source /usr/local/packages/xilinx_2017.4/Vivado/2017.4/common/technology/generic/autopilot/APCoreGen.gen 
Command       ap_source returned 0; 0 sec.
Command     ap_source returned 0; 0 sec.
Execute     source /usr/local/packages/xilinx_2017.4/Vivado/2017.4/common/technology/generic/autopilot/op.gen 
Command     ap_source returned 0; 0 sec.
Execute     source /usr/local/packages/xilinx_2017.4/Vivado/2017.4/common/technology/generic/autopilot/op_simcore.gen 
Command     ap_source returned 0; 0 sec.
Execute     source /usr/local/packages/xilinx_2017.4/Vivado/2017.4/common/technology/generic/autopilot/interface.gen 
Command     ap_source returned 0; 0 sec.
Execute     source /home/ecelrc/students/rli3/Vivado/hls_projects/sobel_1212/solution1/.autopilot/db/global.setting.tcl 
Command     ap_source returned 0; 0.01 sec.
Execute     source /usr/local/packages/xilinx_2017.4/Vivado/2017.4/common/technology/xilinx/zynq/zynq.gen 
Execute       source /usr/local/packages/xilinx_2017.4/Vivado/2017.4/common/technology/xilinx/common/virtex.gen 
Execute         source /usr/local/packages/xilinx_2017.4/Vivado/2017.4/common/technology/xilinx/common/xilinx.gen 
Execute           source /usr/local/packages/xilinx_2017.4/Vivado/2017.4/common/technology/xilinx/interface/plb46.gen 
Command           ap_source returned 0; 0 sec.
Execute           source /usr/local/packages/xilinx_2017.4/Vivado/2017.4/common/technology/xilinx/interface/fsl.gen 
Command           ap_source returned 0; 0 sec.
Execute           source /usr/local/packages/xilinx_2017.4/Vivado/2017.4/common/technology/xilinx/interface/axi4.gen 
Command           ap_source returned 0; 0 sec.
Execute           source /usr/local/packages/xilinx_2017.4/Vivado/2017.4/common/technology/xilinx/interface/nativeAXI4.gen 
Execute             source /usr/local/packages/xilinx_2017.4/Vivado/2017.4/common/technology/xilinx/interface/saxilite.gen 
Command             ap_source returned 0; 0.01 sec.
Execute             source /usr/local/packages/xilinx_2017.4/Vivado/2017.4/common/technology/xilinx/interface/maxi.gen 
Command             ap_source returned 0; 0 sec.
Command           ap_source returned 0; 0.01 sec.
Execute           source /usr/local/packages/xilinx_2017.4/Vivado/2017.4/common/technology/xilinx/scripts/xilinxcoregen.gen 
Command           ap_source returned 0; 0.01 sec.
Execute           source /usr/local/packages/xilinx_2017.4/Vivado/2017.4/common/technology/xilinx/interface/XilEDKCoreGen.gen 
Command           ap_source returned 0; 0.01 sec.
Execute           source /usr/local/packages/xilinx_2017.4/Vivado/2017.4/common/technology/xilinx/ip/dds_compiler.gen 
Command           ap_source returned 0; 0.01 sec.
Execute           source /usr/local/packages/xilinx_2017.4/Vivado/2017.4/common/technology/xilinx/ip/util.gen 
Command           ap_source returned 0; 0 sec.
Execute           source /usr/local/packages/xilinx_2017.4/Vivado/2017.4/common/technology/xilinx/ip/xfft.gen 
Command           ap_source returned 0; 0.1 sec.
Execute           source /usr/local/packages/xilinx_2017.4/Vivado/2017.4/common/technology/xilinx/ip/xfir.gen 
Command           ap_source returned 0; 0 sec.
Command         ap_source returned 0; 0.14 sec.
Execute         source /usr/local/packages/xilinx_2017.4/Vivado/2017.4/common/technology/xilinx/common/dsp48.gen 
Command         ap_source returned 0; 0 sec.
Command       ap_source returned 0; 0.14 sec.
Command     ap_source returned 0; 0.14 sec.
Execute     source /usr/local/packages/xilinx_2017.4/Vivado/2017.4/common/technology/xilinx/zynq/zynq_fpv6.gen 
Execute       source /usr/local/packages/xilinx_2017.4/Vivado/2017.4/common/technology/xilinx/common/xilinx_fpv6.gen 
Command       ap_source returned 0; 0 sec.
Command     ap_source returned 0; 0 sec.
Execute     source /home/ecelrc/students/rli3/Vivado/hls_projects/sobel_1212/solution1/.autopilot/db/global.setting.tcl 
Command     ap_source returned 0; 0 sec.
Command   export_design returned 0; 111.53 sec.
Command ap_source returned 0; 111.86 sec.
Execute cleanup_all 
Command cleanup_all returned 0; 0 sec.
