

================================================================
== Vivado HLS Report for 'bgr2gray'
================================================================
* Date:           Fri Dec 13 11:11:31 2019

* Version:        2017.4 (Build 2086221 on Fri Dec 15 21:13:33 MST 2017)
* Project:        sobel_1212
* Solution:       solution1
* Product family: zynq
* Target device:  xc7z020clg484-1


================================================================
== Performance Estimates
================================================================
+ Timing (ns): 
    * Summary: 
    +--------+-------+----------+------------+
    |  Clock | Target| Estimated| Uncertainty|
    +--------+-------+----------+------------+
    |ap_clk  |  10.00|      8.23|        1.25|
    +--------+-------+----------+------------+

+ Latency (clock cycles): 
    * Summary: 
    +--------+--------+--------+--------+---------+
    |     Latency     |     Interval    | Pipeline|
    |   min  |   max  |   min  |   max  |   Type  |
    +--------+--------+--------+--------+---------+
    |  262171|  262171|  262171|  262171|   none  |
    +--------+--------+--------+--------+---------+

    + Detail: 
        * Instance: 
        N/A

        * Loop: 
        +----------+--------+--------+----------+-----------+-----------+--------+----------+
        |          |     Latency     | Iteration|  Initiation Interval  |  Trip  |          |
        | Loop Name|   min  |   max  |  Latency |  achieved |   target  |  Count | Pipelined|
        +----------+--------+--------+----------+-----------+-----------+--------+----------+
        |- Loop 1  |  262169|  262169|        27|          1|          1|  262144|    yes   |
        +----------+--------+--------+----------+-----------+-----------+--------+----------+



================================================================
== Utilization Estimates
================================================================
* Summary: 
+-----------------+---------+-------+--------+-------+
|       Name      | BRAM_18K| DSP48E|   FF   |  LUT  |
+-----------------+---------+-------+--------+-------+
|DSP              |        -|      -|       -|      -|
|Expression       |        -|      -|       0|    377|
|FIFO             |        -|      -|       -|      -|
|Instance         |        -|     39|    3205|   6244|
|Memory           |        -|      -|       -|      -|
|Multiplexer      |        -|      -|       -|     84|
|Register         |        0|      -|     755|     64|
+-----------------+---------+-------+--------+-------+
|Total            |        0|     39|    3960|   6769|
+-----------------+---------+-------+--------+-------+
|Available        |      280|    220|  106400|  53200|
+-----------------+---------+-------+--------+-------+
|Utilization (%)  |        0|     17|       3|     12|
+-----------------+---------+-------+--------+-------+

+ Detail: 
    * Instance: 
    +--------------------------+----------------------+---------+-------+-----+------+
    |         Instance         |        Module        | BRAM_18K| DSP48E|  FF |  LUT |
    +--------------------------+----------------------+---------+-------+-----+------+
    |image_filter_daddcud_U15  |image_filter_daddcud  |        0|      3|  445|  1149|
    |image_filter_daddcud_U16  |image_filter_daddcud  |        0|      3|  445|  1149|
    |image_filter_dmuldEe_U17  |image_filter_dmuldEe  |        0|     11|  317|   578|
    |image_filter_dmuldEe_U18  |image_filter_dmuldEe  |        0|     11|  317|   578|
    |image_filter_dmuldEe_U19  |image_filter_dmuldEe  |        0|     11|  317|   578|
    |image_filter_fptrbkb_U14  |image_filter_fptrbkb  |        0|      0|  128|   277|
    |image_filter_sitoeOg_U20  |image_filter_sitoeOg  |        0|      0|  412|   645|
    |image_filter_sitoeOg_U21  |image_filter_sitoeOg  |        0|      0|  412|   645|
    |image_filter_sitoeOg_U22  |image_filter_sitoeOg  |        0|      0|  412|   645|
    +--------------------------+----------------------+---------+-------+-----+------+
    |Total                     |                      |        0|     39| 3205|  6244|
    +--------------------------+----------------------+---------+-------+-----+------+

    * DSP48: 
    N/A

    * Memory: 
    N/A

    * FIFO: 
    N/A

    * Expression: 
    +------------------------------------+----------+-------+---+-----+------------+------------+
    |            Variable Name           | Operation| DSP48E| FF| LUT | Bitwidth P0| Bitwidth P1|
    +------------------------------------+----------+-------+---+-----+------------+------------+
    |i_3_fu_165_p2                       |     +    |      0|  0|   26|          19|           1|
    |sh_assign_fu_241_p2                 |     +    |      0|  0|   16|           8|           9|
    |tmp_27_i_i_i_fu_255_p2              |     -    |      0|  0|   15|           7|           8|
    |ap_block_state28_pp0_stage0_iter26  |    and   |      0|  0|    8|           1|           1|
    |ap_block_state3_pp0_stage0_iter1    |    and   |      0|  0|    8|           1|           1|
    |exitcond_fu_159_p2                  |   icmp   |      0|  0|   18|          19|          20|
    |tmp_29_i_i_i_fu_284_p2              |   lshr   |      0|  0|   73|          25|          25|
    |ap_block_pp0_stage0_01001           |    or    |      0|  0|    8|           1|           1|
    |ap_block_state1                     |    or    |      0|  0|    8|           1|           1|
    |p_Val2_s_fu_318_p3                  |  select  |      0|  0|    8|           1|           8|
    |sh_assign_2_fu_264_p3               |  select  |      0|  0|    9|           1|           9|
    |tmp_30_i_i_i_fu_290_p2              |    shl   |      0|  0|  164|          55|          55|
    |ap_enable_pp0                       |    xor   |      0|  0|    8|           1|           2|
    |ap_enable_reg_pp0_iter1             |    xor   |      0|  0|    8|           2|           1|
    +------------------------------------+----------+-------+---+-----+------------+------------+
    |Total                               |          |      0|  0|  377|         142|         142|
    +------------------------------------+----------+-------+---+-----+------------+------------+

    * Multiplexer: 
    +--------------------------+----+-----------+-----+-----------+
    |           Name           | LUT| Input Size| Bits| Total Bits|
    +--------------------------+----+-----------+-----+-----------+
    |ap_NS_fsm                 |  21|          4|    1|          4|
    |ap_done                   |   9|          2|    1|          2|
    |ap_enable_reg_pp0_iter1   |   9|          2|    1|          2|
    |ap_enable_reg_pp0_iter26  |   9|          2|    1|          2|
    |dst_V_V_blk_n             |   9|          2|    1|          2|
    |i_reg_113                 |   9|          2|   19|         38|
    |real_start                |   9|          2|    1|          2|
    |src_V_V_blk_n             |   9|          2|    1|          2|
    +--------------------------+----+-----------+-----+-----------+
    |Total                     |  84|         18|   26|         54|
    +--------------------------+----+-----------+-----+-----------+

    * Register: 
    +--------------------------+----+----+-----+-----------+
    |           Name           | FF | LUT| Bits| Const Bits|
    +--------------------------+----+----+-----+-----------+
    |ap_CS_fsm                 |   3|   0|    3|          0|
    |ap_done_reg               |   1|   0|    1|          0|
    |ap_enable_reg_pp0_iter0   |   1|   0|    1|          0|
    |ap_enable_reg_pp0_iter1   |   1|   0|    1|          0|
    |ap_enable_reg_pp0_iter10  |   1|   0|    1|          0|
    |ap_enable_reg_pp0_iter11  |   1|   0|    1|          0|
    |ap_enable_reg_pp0_iter12  |   1|   0|    1|          0|
    |ap_enable_reg_pp0_iter13  |   1|   0|    1|          0|
    |ap_enable_reg_pp0_iter14  |   1|   0|    1|          0|
    |ap_enable_reg_pp0_iter15  |   1|   0|    1|          0|
    |ap_enable_reg_pp0_iter16  |   1|   0|    1|          0|
    |ap_enable_reg_pp0_iter17  |   1|   0|    1|          0|
    |ap_enable_reg_pp0_iter18  |   1|   0|    1|          0|
    |ap_enable_reg_pp0_iter19  |   1|   0|    1|          0|
    |ap_enable_reg_pp0_iter2   |   1|   0|    1|          0|
    |ap_enable_reg_pp0_iter20  |   1|   0|    1|          0|
    |ap_enable_reg_pp0_iter21  |   1|   0|    1|          0|
    |ap_enable_reg_pp0_iter22  |   1|   0|    1|          0|
    |ap_enable_reg_pp0_iter23  |   1|   0|    1|          0|
    |ap_enable_reg_pp0_iter24  |   1|   0|    1|          0|
    |ap_enable_reg_pp0_iter25  |   1|   0|    1|          0|
    |ap_enable_reg_pp0_iter26  |   1|   0|    1|          0|
    |ap_enable_reg_pp0_iter3   |   1|   0|    1|          0|
    |ap_enable_reg_pp0_iter4   |   1|   0|    1|          0|
    |ap_enable_reg_pp0_iter5   |   1|   0|    1|          0|
    |ap_enable_reg_pp0_iter6   |   1|   0|    1|          0|
    |ap_enable_reg_pp0_iter7   |   1|   0|    1|          0|
    |ap_enable_reg_pp0_iter8   |   1|   0|    1|          0|
    |ap_enable_reg_pp0_iter9   |   1|   0|    1|          0|
    |blue_V_reg_335            |   8|   0|    8|          0|
    |exitcond_reg_326          |   1|   0|    1|          0|
    |green_V_reg_340           |   8|   0|    8|          0|
    |i_reg_113                 |  19|   0|   19|          0|
    |loc_V_1_reg_411           |  23|   0|   23|          0|
    |loc_V_reg_405             |   8|   0|    8|          0|
    |p_Val2_s_reg_416          |   8|   0|    8|          0|
    |red_V_reg_345             |   8|   0|    8|          0|
    |start_once_reg            |   1|   0|    1|          0|
    |tmp_24_reg_380            |  64|   0|   64|          0|
    |tmp_26_reg_365            |  64|   0|   64|          0|
    |tmp_27_reg_385            |  64|   0|   64|          0|
    |tmp_28_reg_390            |  64|   0|   64|          0|
    |tmp_30_reg_375            |  64|   0|   64|          0|
    |tmp_31_reg_395            |  64|   0|   64|          0|
    |tmp_32_reg_400            |  64|   0|   64|          0|
    |tmp_s_reg_360             |  64|   0|   64|          0|
    |exitcond_reg_326          |  64|  32|    1|          0|
    |red_V_reg_345             |  64|  32|    8|          0|
    +--------------------------+----+----+-----+-----------+
    |Total                     | 755|  64|  636|          0|
    +--------------------------+----+----+-----+-----------+



================================================================
== Interface
================================================================
* Summary: 
+-----------------+-----+-----+------------+--------------+--------------+
|    RTL Ports    | Dir | Bits|  Protocol  | Source Object|    C Type    |
+-----------------+-----+-----+------------+--------------+--------------+
|ap_clk           |  in |    1| ap_ctrl_hs |   bgr2gray   | return value |
|ap_rst           |  in |    1| ap_ctrl_hs |   bgr2gray   | return value |
|ap_start         |  in |    1| ap_ctrl_hs |   bgr2gray   | return value |
|start_full_n     |  in |    1| ap_ctrl_hs |   bgr2gray   | return value |
|ap_done          | out |    1| ap_ctrl_hs |   bgr2gray   | return value |
|ap_continue      |  in |    1| ap_ctrl_hs |   bgr2gray   | return value |
|ap_idle          | out |    1| ap_ctrl_hs |   bgr2gray   | return value |
|ap_ready         | out |    1| ap_ctrl_hs |   bgr2gray   | return value |
|start_out        | out |    1| ap_ctrl_hs |   bgr2gray   | return value |
|start_write      | out |    1| ap_ctrl_hs |   bgr2gray   | return value |
|src_V_V_dout     |  in |   32|   ap_fifo  |    src_V_V   |    pointer   |
|src_V_V_empty_n  |  in |    1|   ap_fifo  |    src_V_V   |    pointer   |
|src_V_V_read     | out |    1|   ap_fifo  |    src_V_V   |    pointer   |
|dst_V_V_din      | out |    8|   ap_fifo  |    dst_V_V   |    pointer   |
|dst_V_V_full_n   |  in |    1|   ap_fifo  |    dst_V_V   |    pointer   |
|dst_V_V_write    | out |    1|   ap_fifo  |    dst_V_V   |    pointer   |
+-----------------+-----+-----+------------+--------------+--------------+

============================================================
+ Verbose Summary: Synthesis Manager
============================================================
InlineROM: 1
ExposeGlobal: 0
============================================================
+ Verbose Summary: CDFG Model
============================================================
IsTopModel: 0
ResetActiveHigh: 1
IsCombinational: 2
IsDatapathOnly: 0
HasWiredReturn: 1
HasMFsm: 0
HasVarLatency: 1
IsPipeline: 0
IsRtlPipelined: 0
IsInstanceOverlapped: 0
IsDontTouch: 0
HasImplIP: 0
IsGatedGlobalClock: 0

+ Individual pipeline summary: 
  * Pipeline-0: initiation interval (II) = 1, depth = 27


============================================================
+ Verbose Summary: Schedule
============================================================
* Number of FSM states : 29
* Pipeline : 1
  Pipeline-0 : II = 1, D = 27, States = { 2 3 4 5 6 7 8 9 10 11 12 13 14 15 16 17 18 19 20 21 22 23 24 25 26 27 28 }
* Dataflow Pipeline: 0

* FSM state transitions: 
1 --> 
	2  / true
2 --> 
	29  / (exitcond)
	3  / (!exitcond)
3 --> 
	4  / true
4 --> 
	5  / true
5 --> 
	6  / true
6 --> 
	7  / true
7 --> 
	8  / true
8 --> 
	9  / true
9 --> 
	10  / true
10 --> 
	11  / true
11 --> 
	12  / true
12 --> 
	13  / true
13 --> 
	14  / true
14 --> 
	15  / true
15 --> 
	16  / true
16 --> 
	17  / true
17 --> 
	18  / true
18 --> 
	19  / true
19 --> 
	20  / true
20 --> 
	21  / true
21 --> 
	22  / true
22 --> 
	23  / true
23 --> 
	24  / true
24 --> 
	25  / true
25 --> 
	26  / true
26 --> 
	27  / true
27 --> 
	28  / true
28 --> 
	2  / true
29 --> 

* FSM state operations: 

 <State 1> : 1.77ns
ST_1 : Operation 30 [1/1] (0.00ns)   --->   "call void (...)* @_ssdm_op_SpecInterface(i8* %dst_V_V, [8 x i8]* @ap_fifo_str, i32 0, i32 0, [1 x i8]* @p_str126, i32 0, i32 0, [1 x i8]* @p_str127, [1 x i8]* @p_str128, [1 x i8]* @p_str129, i32 2, i32 2, i32 16, i32 16, [1 x i8]* @p_str130, [1 x i8]* @p_str131)"
ST_1 : Operation 31 [1/1] (0.00ns)   --->   "call void (...)* @_ssdm_op_SpecInterface(i32* %src_V_V, [8 x i8]* @ap_fifo_str, i32 0, i32 0, [1 x i8]* @p_str119, i32 0, i32 0, [1 x i8]* @p_str120, [1 x i8]* @p_str121, [1 x i8]* @p_str122, i32 2, i32 2, i32 16, i32 16, [1 x i8]* @p_str123, [1 x i8]* @p_str124)"
ST_1 : Operation 32 [1/1] (1.76ns)   --->   "br label %1" [sobel_1212/core.cpp:75]

 <State 2> : 2.44ns
ST_2 : Operation 33 [1/1] (0.00ns)   --->   "%i = phi i19 [ 0, %0 ], [ %i_3, %2 ]"
ST_2 : Operation 34 [1/1] (2.43ns)   --->   "%exitcond = icmp eq i19 %i, -262144" [sobel_1212/core.cpp:75]   --->   Core 25 'Cmp' <Latency = 0> <II = 1> <Delay = 2.44> <FuncUnit> <Opcode : 'icmp'> <InPorts = 2> <OutPorts = 1>
ST_2 : Operation 35 [1/1] (2.16ns)   --->   "%i_3 = add i19 %i, 1" [sobel_1212/core.cpp:75]   --->   Core 14 'AddSub' <Latency = 0> <II = 1> <Delay = 1.91> <FuncUnit> <Opcode : 'add' 'sub'> <InPorts = 2> <OutPorts = 1>
ST_2 : Operation 36 [1/1] (0.00ns)   --->   "br i1 %exitcond, label %3, label %2" [sobel_1212/core.cpp:75]

 <State 3> : 3.63ns
ST_3 : Operation 37 [1/1] (3.63ns)   --->   "%tmp_V_5 = call i32 @_ssdm_op_Read.ap_fifo.volatile.i32P(i32* %src_V_V)" [sobel_1212/core.cpp:77]   --->   Core 36 'FIFO_SRL' <Latency = 0> <II = 1> <Delay = 3.63> <Storage> <Opcode : 'read' 'write' 'nbread' 'nbwrite'> <Ports = 0> <Width = 32> <Depth = 0> <FIFO>
ST_3 : Operation 38 [1/1] (0.00ns)   --->   "%blue_V = trunc i32 %tmp_V_5 to i8" [sobel_1212/core.cpp:82]
ST_3 : Operation 39 [1/1] (0.00ns)   --->   "%green_V = call i8 @_ssdm_op_PartSelect.i8.i32.i32.i32(i32 %tmp_V_5, i32 8, i32 15)" [sobel_1212/core.cpp:83]
ST_3 : Operation 40 [1/1] (0.00ns)   --->   "%red_V = call i8 @_ssdm_op_PartSelect.i8.i32.i32.i32(i32 %tmp_V_5, i32 16, i32 23)" [sobel_1212/core.cpp:84]

 <State 4> : 6.28ns
ST_4 : Operation 41 [1/1] (0.00ns)   --->   "%tmp = zext i8 %blue_V to i32" [sobel_1212/core.cpp:86]
ST_4 : Operation 42 [6/6] (6.28ns)   --->   "%tmp_s = sitofp i32 %tmp to double" [sobel_1212/core.cpp:86]   --->   Core 116 'Int2Double' <Latency = 5> <II = 1> <Delay = 6.28> <FuncUnit> <Opcode : 'sitodp' 'uitodp'> <InPorts = 1> <OutPorts = 1>
ST_4 : Operation 43 [1/1] (0.00ns)   --->   "%tmp_25 = zext i8 %green_V to i32" [sobel_1212/core.cpp:86]
ST_4 : Operation 44 [6/6] (6.28ns)   --->   "%tmp_26 = sitofp i32 %tmp_25 to double" [sobel_1212/core.cpp:86]   --->   Core 116 'Int2Double' <Latency = 5> <II = 1> <Delay = 6.28> <FuncUnit> <Opcode : 'sitodp' 'uitodp'> <InPorts = 1> <OutPorts = 1>

 <State 5> : 6.28ns
ST_5 : Operation 45 [5/6] (6.28ns)   --->   "%tmp_s = sitofp i32 %tmp to double" [sobel_1212/core.cpp:86]   --->   Core 116 'Int2Double' <Latency = 5> <II = 1> <Delay = 6.28> <FuncUnit> <Opcode : 'sitodp' 'uitodp'> <InPorts = 1> <OutPorts = 1>
ST_5 : Operation 46 [5/6] (6.28ns)   --->   "%tmp_26 = sitofp i32 %tmp_25 to double" [sobel_1212/core.cpp:86]   --->   Core 116 'Int2Double' <Latency = 5> <II = 1> <Delay = 6.28> <FuncUnit> <Opcode : 'sitodp' 'uitodp'> <InPorts = 1> <OutPorts = 1>

 <State 6> : 6.28ns
ST_6 : Operation 47 [4/6] (6.28ns)   --->   "%tmp_s = sitofp i32 %tmp to double" [sobel_1212/core.cpp:86]   --->   Core 116 'Int2Double' <Latency = 5> <II = 1> <Delay = 6.28> <FuncUnit> <Opcode : 'sitodp' 'uitodp'> <InPorts = 1> <OutPorts = 1>
ST_6 : Operation 48 [4/6] (6.28ns)   --->   "%tmp_26 = sitofp i32 %tmp_25 to double" [sobel_1212/core.cpp:86]   --->   Core 116 'Int2Double' <Latency = 5> <II = 1> <Delay = 6.28> <FuncUnit> <Opcode : 'sitodp' 'uitodp'> <InPorts = 1> <OutPorts = 1>

 <State 7> : 6.28ns
ST_7 : Operation 49 [3/6] (6.28ns)   --->   "%tmp_s = sitofp i32 %tmp to double" [sobel_1212/core.cpp:86]   --->   Core 116 'Int2Double' <Latency = 5> <II = 1> <Delay = 6.28> <FuncUnit> <Opcode : 'sitodp' 'uitodp'> <InPorts = 1> <OutPorts = 1>
ST_7 : Operation 50 [3/6] (6.28ns)   --->   "%tmp_26 = sitofp i32 %tmp_25 to double" [sobel_1212/core.cpp:86]   --->   Core 116 'Int2Double' <Latency = 5> <II = 1> <Delay = 6.28> <FuncUnit> <Opcode : 'sitodp' 'uitodp'> <InPorts = 1> <OutPorts = 1>

 <State 8> : 6.28ns
ST_8 : Operation 51 [2/6] (6.28ns)   --->   "%tmp_s = sitofp i32 %tmp to double" [sobel_1212/core.cpp:86]   --->   Core 116 'Int2Double' <Latency = 5> <II = 1> <Delay = 6.28> <FuncUnit> <Opcode : 'sitodp' 'uitodp'> <InPorts = 1> <OutPorts = 1>
ST_8 : Operation 52 [2/6] (6.28ns)   --->   "%tmp_26 = sitofp i32 %tmp_25 to double" [sobel_1212/core.cpp:86]   --->   Core 116 'Int2Double' <Latency = 5> <II = 1> <Delay = 6.28> <FuncUnit> <Opcode : 'sitodp' 'uitodp'> <InPorts = 1> <OutPorts = 1>

 <State 9> : 6.28ns
ST_9 : Operation 53 [1/6] (6.28ns)   --->   "%tmp_s = sitofp i32 %tmp to double" [sobel_1212/core.cpp:86]   --->   Core 116 'Int2Double' <Latency = 5> <II = 1> <Delay = 6.28> <FuncUnit> <Opcode : 'sitodp' 'uitodp'> <InPorts = 1> <OutPorts = 1>
ST_9 : Operation 54 [1/6] (6.28ns)   --->   "%tmp_26 = sitofp i32 %tmp_25 to double" [sobel_1212/core.cpp:86]   --->   Core 116 'Int2Double' <Latency = 5> <II = 1> <Delay = 6.28> <FuncUnit> <Opcode : 'sitodp' 'uitodp'> <InPorts = 1> <OutPorts = 1>
ST_9 : Operation 55 [1/1] (0.00ns)   --->   "%tmp_29 = zext i8 %red_V to i32" [sobel_1212/core.cpp:86]
ST_9 : Operation 56 [6/6] (6.28ns)   --->   "%tmp_30 = sitofp i32 %tmp_29 to double" [sobel_1212/core.cpp:86]   --->   Core 116 'Int2Double' <Latency = 5> <II = 1> <Delay = 6.28> <FuncUnit> <Opcode : 'sitodp' 'uitodp'> <InPorts = 1> <OutPorts = 1>

 <State 10> : 7.79ns
ST_10 : Operation 57 [6/6] (7.78ns)   --->   "%tmp_24 = fmul double %tmp_s, 1.140000e-01" [sobel_1212/core.cpp:86]   --->   Core 110 'DMul' <Latency = 5> <II = 1> <Delay = 7.78> <FuncUnit> <Opcode : 'dmul'> <InPorts = 2> <OutPorts = 1>
ST_10 : Operation 58 [6/6] (7.78ns)   --->   "%tmp_27 = fmul double %tmp_26, 5.870000e-01" [sobel_1212/core.cpp:86]   --->   Core 110 'DMul' <Latency = 5> <II = 1> <Delay = 7.78> <FuncUnit> <Opcode : 'dmul'> <InPorts = 2> <OutPorts = 1>
ST_10 : Operation 59 [5/6] (6.28ns)   --->   "%tmp_30 = sitofp i32 %tmp_29 to double" [sobel_1212/core.cpp:86]   --->   Core 116 'Int2Double' <Latency = 5> <II = 1> <Delay = 6.28> <FuncUnit> <Opcode : 'sitodp' 'uitodp'> <InPorts = 1> <OutPorts = 1>

 <State 11> : 7.79ns
ST_11 : Operation 60 [5/6] (7.78ns)   --->   "%tmp_24 = fmul double %tmp_s, 1.140000e-01" [sobel_1212/core.cpp:86]   --->   Core 110 'DMul' <Latency = 5> <II = 1> <Delay = 7.78> <FuncUnit> <Opcode : 'dmul'> <InPorts = 2> <OutPorts = 1>
ST_11 : Operation 61 [5/6] (7.78ns)   --->   "%tmp_27 = fmul double %tmp_26, 5.870000e-01" [sobel_1212/core.cpp:86]   --->   Core 110 'DMul' <Latency = 5> <II = 1> <Delay = 7.78> <FuncUnit> <Opcode : 'dmul'> <InPorts = 2> <OutPorts = 1>
ST_11 : Operation 62 [4/6] (6.28ns)   --->   "%tmp_30 = sitofp i32 %tmp_29 to double" [sobel_1212/core.cpp:86]   --->   Core 116 'Int2Double' <Latency = 5> <II = 1> <Delay = 6.28> <FuncUnit> <Opcode : 'sitodp' 'uitodp'> <InPorts = 1> <OutPorts = 1>

 <State 12> : 7.79ns
ST_12 : Operation 63 [4/6] (7.78ns)   --->   "%tmp_24 = fmul double %tmp_s, 1.140000e-01" [sobel_1212/core.cpp:86]   --->   Core 110 'DMul' <Latency = 5> <II = 1> <Delay = 7.78> <FuncUnit> <Opcode : 'dmul'> <InPorts = 2> <OutPorts = 1>
ST_12 : Operation 64 [4/6] (7.78ns)   --->   "%tmp_27 = fmul double %tmp_26, 5.870000e-01" [sobel_1212/core.cpp:86]   --->   Core 110 'DMul' <Latency = 5> <II = 1> <Delay = 7.78> <FuncUnit> <Opcode : 'dmul'> <InPorts = 2> <OutPorts = 1>
ST_12 : Operation 65 [3/6] (6.28ns)   --->   "%tmp_30 = sitofp i32 %tmp_29 to double" [sobel_1212/core.cpp:86]   --->   Core 116 'Int2Double' <Latency = 5> <II = 1> <Delay = 6.28> <FuncUnit> <Opcode : 'sitodp' 'uitodp'> <InPorts = 1> <OutPorts = 1>

 <State 13> : 7.79ns
ST_13 : Operation 66 [3/6] (7.78ns)   --->   "%tmp_24 = fmul double %tmp_s, 1.140000e-01" [sobel_1212/core.cpp:86]   --->   Core 110 'DMul' <Latency = 5> <II = 1> <Delay = 7.78> <FuncUnit> <Opcode : 'dmul'> <InPorts = 2> <OutPorts = 1>
ST_13 : Operation 67 [3/6] (7.78ns)   --->   "%tmp_27 = fmul double %tmp_26, 5.870000e-01" [sobel_1212/core.cpp:86]   --->   Core 110 'DMul' <Latency = 5> <II = 1> <Delay = 7.78> <FuncUnit> <Opcode : 'dmul'> <InPorts = 2> <OutPorts = 1>
ST_13 : Operation 68 [2/6] (6.28ns)   --->   "%tmp_30 = sitofp i32 %tmp_29 to double" [sobel_1212/core.cpp:86]   --->   Core 116 'Int2Double' <Latency = 5> <II = 1> <Delay = 6.28> <FuncUnit> <Opcode : 'sitodp' 'uitodp'> <InPorts = 1> <OutPorts = 1>

 <State 14> : 7.79ns
ST_14 : Operation 69 [2/6] (7.78ns)   --->   "%tmp_24 = fmul double %tmp_s, 1.140000e-01" [sobel_1212/core.cpp:86]   --->   Core 110 'DMul' <Latency = 5> <II = 1> <Delay = 7.78> <FuncUnit> <Opcode : 'dmul'> <InPorts = 2> <OutPorts = 1>
ST_14 : Operation 70 [2/6] (7.78ns)   --->   "%tmp_27 = fmul double %tmp_26, 5.870000e-01" [sobel_1212/core.cpp:86]   --->   Core 110 'DMul' <Latency = 5> <II = 1> <Delay = 7.78> <FuncUnit> <Opcode : 'dmul'> <InPorts = 2> <OutPorts = 1>
ST_14 : Operation 71 [1/6] (6.28ns)   --->   "%tmp_30 = sitofp i32 %tmp_29 to double" [sobel_1212/core.cpp:86]   --->   Core 116 'Int2Double' <Latency = 5> <II = 1> <Delay = 6.28> <FuncUnit> <Opcode : 'sitodp' 'uitodp'> <InPorts = 1> <OutPorts = 1>

 <State 15> : 7.79ns
ST_15 : Operation 72 [1/6] (7.78ns)   --->   "%tmp_24 = fmul double %tmp_s, 1.140000e-01" [sobel_1212/core.cpp:86]   --->   Core 110 'DMul' <Latency = 5> <II = 1> <Delay = 7.78> <FuncUnit> <Opcode : 'dmul'> <InPorts = 2> <OutPorts = 1>
ST_15 : Operation 73 [1/6] (7.78ns)   --->   "%tmp_27 = fmul double %tmp_26, 5.870000e-01" [sobel_1212/core.cpp:86]   --->   Core 110 'DMul' <Latency = 5> <II = 1> <Delay = 7.78> <FuncUnit> <Opcode : 'dmul'> <InPorts = 2> <OutPorts = 1>
ST_15 : Operation 74 [6/6] (7.78ns)   --->   "%tmp_31 = fmul double %tmp_30, 2.990000e-01" [sobel_1212/core.cpp:86]   --->   Core 110 'DMul' <Latency = 5> <II = 1> <Delay = 7.78> <FuncUnit> <Opcode : 'dmul'> <InPorts = 2> <OutPorts = 1>

 <State 16> : 8.23ns
ST_16 : Operation 75 [5/5] (8.23ns)   --->   "%tmp_28 = fadd double %tmp_24, %tmp_27" [sobel_1212/core.cpp:86]   --->   Core 109 'DAddSub' <Latency = 4> <II = 1> <Delay = 8.23> <FuncUnit> <Opcode : 'dadd' 'dsub'> <InPorts = 2> <OutPorts = 1>
ST_16 : Operation 76 [5/6] (7.78ns)   --->   "%tmp_31 = fmul double %tmp_30, 2.990000e-01" [sobel_1212/core.cpp:86]   --->   Core 110 'DMul' <Latency = 5> <II = 1> <Delay = 7.78> <FuncUnit> <Opcode : 'dmul'> <InPorts = 2> <OutPorts = 1>

 <State 17> : 8.23ns
ST_17 : Operation 77 [4/5] (8.23ns)   --->   "%tmp_28 = fadd double %tmp_24, %tmp_27" [sobel_1212/core.cpp:86]   --->   Core 109 'DAddSub' <Latency = 4> <II = 1> <Delay = 8.23> <FuncUnit> <Opcode : 'dadd' 'dsub'> <InPorts = 2> <OutPorts = 1>
ST_17 : Operation 78 [4/6] (7.78ns)   --->   "%tmp_31 = fmul double %tmp_30, 2.990000e-01" [sobel_1212/core.cpp:86]   --->   Core 110 'DMul' <Latency = 5> <II = 1> <Delay = 7.78> <FuncUnit> <Opcode : 'dmul'> <InPorts = 2> <OutPorts = 1>

 <State 18> : 8.23ns
ST_18 : Operation 79 [3/5] (8.23ns)   --->   "%tmp_28 = fadd double %tmp_24, %tmp_27" [sobel_1212/core.cpp:86]   --->   Core 109 'DAddSub' <Latency = 4> <II = 1> <Delay = 8.23> <FuncUnit> <Opcode : 'dadd' 'dsub'> <InPorts = 2> <OutPorts = 1>
ST_18 : Operation 80 [3/6] (7.78ns)   --->   "%tmp_31 = fmul double %tmp_30, 2.990000e-01" [sobel_1212/core.cpp:86]   --->   Core 110 'DMul' <Latency = 5> <II = 1> <Delay = 7.78> <FuncUnit> <Opcode : 'dmul'> <InPorts = 2> <OutPorts = 1>

 <State 19> : 8.23ns
ST_19 : Operation 81 [2/5] (8.23ns)   --->   "%tmp_28 = fadd double %tmp_24, %tmp_27" [sobel_1212/core.cpp:86]   --->   Core 109 'DAddSub' <Latency = 4> <II = 1> <Delay = 8.23> <FuncUnit> <Opcode : 'dadd' 'dsub'> <InPorts = 2> <OutPorts = 1>
ST_19 : Operation 82 [2/6] (7.78ns)   --->   "%tmp_31 = fmul double %tmp_30, 2.990000e-01" [sobel_1212/core.cpp:86]   --->   Core 110 'DMul' <Latency = 5> <II = 1> <Delay = 7.78> <FuncUnit> <Opcode : 'dmul'> <InPorts = 2> <OutPorts = 1>

 <State 20> : 8.23ns
ST_20 : Operation 83 [1/5] (8.23ns)   --->   "%tmp_28 = fadd double %tmp_24, %tmp_27" [sobel_1212/core.cpp:86]   --->   Core 109 'DAddSub' <Latency = 4> <II = 1> <Delay = 8.23> <FuncUnit> <Opcode : 'dadd' 'dsub'> <InPorts = 2> <OutPorts = 1>
ST_20 : Operation 84 [1/6] (7.78ns)   --->   "%tmp_31 = fmul double %tmp_30, 2.990000e-01" [sobel_1212/core.cpp:86]   --->   Core 110 'DMul' <Latency = 5> <II = 1> <Delay = 7.78> <FuncUnit> <Opcode : 'dmul'> <InPorts = 2> <OutPorts = 1>

 <State 21> : 8.23ns
ST_21 : Operation 85 [5/5] (8.23ns)   --->   "%tmp_32 = fadd double %tmp_28, %tmp_31" [sobel_1212/core.cpp:86]   --->   Core 109 'DAddSub' <Latency = 4> <II = 1> <Delay = 8.23> <FuncUnit> <Opcode : 'dadd' 'dsub'> <InPorts = 2> <OutPorts = 1>

 <State 22> : 8.23ns
ST_22 : Operation 86 [4/5] (8.23ns)   --->   "%tmp_32 = fadd double %tmp_28, %tmp_31" [sobel_1212/core.cpp:86]   --->   Core 109 'DAddSub' <Latency = 4> <II = 1> <Delay = 8.23> <FuncUnit> <Opcode : 'dadd' 'dsub'> <InPorts = 2> <OutPorts = 1>

 <State 23> : 8.23ns
ST_23 : Operation 87 [3/5] (8.23ns)   --->   "%tmp_32 = fadd double %tmp_28, %tmp_31" [sobel_1212/core.cpp:86]   --->   Core 109 'DAddSub' <Latency = 4> <II = 1> <Delay = 8.23> <FuncUnit> <Opcode : 'dadd' 'dsub'> <InPorts = 2> <OutPorts = 1>

 <State 24> : 8.23ns
ST_24 : Operation 88 [2/5] (8.23ns)   --->   "%tmp_32 = fadd double %tmp_28, %tmp_31" [sobel_1212/core.cpp:86]   --->   Core 109 'DAddSub' <Latency = 4> <II = 1> <Delay = 8.23> <FuncUnit> <Opcode : 'dadd' 'dsub'> <InPorts = 2> <OutPorts = 1>

 <State 25> : 8.23ns
ST_25 : Operation 89 [1/5] (8.23ns)   --->   "%tmp_32 = fadd double %tmp_28, %tmp_31" [sobel_1212/core.cpp:86]   --->   Core 109 'DAddSub' <Latency = 4> <II = 1> <Delay = 8.23> <FuncUnit> <Opcode : 'dadd' 'dsub'> <InPorts = 2> <OutPorts = 1>

 <State 26> : 6.50ns
ST_26 : Operation 90 [1/1] (6.50ns)   --->   "%tmp_6 = fptrunc double %tmp_32 to float" [sobel_1212/core.cpp:86]   --->   Core 117 'Double2Float' <Latency = 0> <II = 1> <Delay = 6.50> <FuncUnit> <Opcode : 'fptrunc'> <InPorts = 1> <OutPorts = 1>
ST_26 : Operation 91 [1/1] (0.00ns)   --->   "%p_Val2_1 = bitcast float %tmp_6 to i32" [/wrk/2017.4/nightly/2017_12_15_2086221/src/products/hls/src/technology/autopilot/header_files/utils/x_hls_utils.h:311->/wrk/2017.4/nightly/2017_12_15_2086221/src/products/hls/src/technology/autopilot/header_files/utils/x_hls_utils.h:320->/wrk/2017.4/nightly/2017_12_15_2086221/src/products/hls/hls_lib/hlsmath/src/../include/internal/hls_round.h:325->/wrk/2017.4/nightly/2017_12_15_2086221/src/products/hls/hls_lib/hlsmath/src/../include/internal/hls_round.h:368->/wrk/2017.4/nightly/2017_12_15_2086221/src/products/hls/hls_lib/hlsmath/src/lib_floatconversion.cpp:61->sobel_1212/core.cpp:89]
ST_26 : Operation 92 [1/1] (0.00ns)   --->   "%loc_V = call i8 @_ssdm_op_PartSelect.i8.i32.i32.i32(i32 %p_Val2_1, i32 23, i32 30) nounwind" [/wrk/2017.4/nightly/2017_12_15_2086221/src/products/hls/src/technology/autopilot/header_files/utils/x_hls_utils.h:318->/wrk/2017.4/nightly/2017_12_15_2086221/src/products/hls/src/technology/autopilot/header_files/utils/x_hls_utils.h:320->/wrk/2017.4/nightly/2017_12_15_2086221/src/products/hls/hls_lib/hlsmath/src/../include/internal/hls_round.h:325->/wrk/2017.4/nightly/2017_12_15_2086221/src/products/hls/hls_lib/hlsmath/src/../include/internal/hls_round.h:368->/wrk/2017.4/nightly/2017_12_15_2086221/src/products/hls/hls_lib/hlsmath/src/lib_floatconversion.cpp:61->sobel_1212/core.cpp:89]
ST_26 : Operation 93 [1/1] (0.00ns)   --->   "%loc_V_1 = trunc i32 %p_Val2_1 to i23" [/wrk/2017.4/nightly/2017_12_15_2086221/src/products/hls/src/technology/autopilot/header_files/utils/x_hls_utils.h:319->/wrk/2017.4/nightly/2017_12_15_2086221/src/products/hls/src/technology/autopilot/header_files/utils/x_hls_utils.h:320->/wrk/2017.4/nightly/2017_12_15_2086221/src/products/hls/hls_lib/hlsmath/src/../include/internal/hls_round.h:325->/wrk/2017.4/nightly/2017_12_15_2086221/src/products/hls/hls_lib/hlsmath/src/../include/internal/hls_round.h:368->/wrk/2017.4/nightly/2017_12_15_2086221/src/products/hls/hls_lib/hlsmath/src/lib_floatconversion.cpp:61->sobel_1212/core.cpp:89]

 <State 27> : 7.71ns
ST_27 : Operation 94 [1/1] (0.00ns)   --->   "%tmp_26_i_i_i = call i25 @_ssdm_op_BitConcatenate.i25.i1.i23.i1(i1 true, i23 %loc_V_1, i1 false)" [/wrk/2017.4/nightly/2017_12_15_2086221/src/products/hls/hls_lib/hlsmath/src/../include/internal/hls_round.h:327->/wrk/2017.4/nightly/2017_12_15_2086221/src/products/hls/hls_lib/hlsmath/src/../include/internal/hls_round.h:368->/wrk/2017.4/nightly/2017_12_15_2086221/src/products/hls/hls_lib/hlsmath/src/lib_floatconversion.cpp:61->sobel_1212/core.cpp:89]
ST_27 : Operation 95 [1/1] (0.00ns) (grouped into LUT with out node p_Val2_s)   --->   "%tmp_26_i_i_i_cast2 = zext i25 %tmp_26_i_i_i to i55" [/wrk/2017.4/nightly/2017_12_15_2086221/src/products/hls/hls_lib/hlsmath/src/../include/internal/hls_round.h:327->/wrk/2017.4/nightly/2017_12_15_2086221/src/products/hls/hls_lib/hlsmath/src/../include/internal/hls_round.h:368->/wrk/2017.4/nightly/2017_12_15_2086221/src/products/hls/hls_lib/hlsmath/src/lib_floatconversion.cpp:61->sobel_1212/core.cpp:89]
ST_27 : Operation 96 [1/1] (0.00ns)   --->   "%tmp_i_i_i_i_cast = zext i8 %loc_V to i9" [/wrk/2017.4/nightly/2017_12_15_2086221/src/products/hls/src/technology/autopilot/header_files/utils/x_hls_utils.h:340->/wrk/2017.4/nightly/2017_12_15_2086221/src/products/hls/hls_lib/hlsmath/src/../include/internal/hls_round.h:330->/wrk/2017.4/nightly/2017_12_15_2086221/src/products/hls/hls_lib/hlsmath/src/../include/internal/hls_round.h:368->/wrk/2017.4/nightly/2017_12_15_2086221/src/products/hls/hls_lib/hlsmath/src/lib_floatconversion.cpp:61->sobel_1212/core.cpp:89]
ST_27 : Operation 97 [1/1] (1.91ns)   --->   "%sh_assign = add i9 -127, %tmp_i_i_i_i_cast" [/wrk/2017.4/nightly/2017_12_15_2086221/src/products/hls/src/technology/autopilot/header_files/utils/x_hls_utils.h:340->/wrk/2017.4/nightly/2017_12_15_2086221/src/products/hls/hls_lib/hlsmath/src/../include/internal/hls_round.h:330->/wrk/2017.4/nightly/2017_12_15_2086221/src/products/hls/hls_lib/hlsmath/src/../include/internal/hls_round.h:368->/wrk/2017.4/nightly/2017_12_15_2086221/src/products/hls/hls_lib/hlsmath/src/lib_floatconversion.cpp:61->sobel_1212/core.cpp:89]   --->   Core 14 'AddSub' <Latency = 0> <II = 1> <Delay = 1.91> <FuncUnit> <Opcode : 'add' 'sub'> <InPorts = 2> <OutPorts = 1>
ST_27 : Operation 98 [1/1] (0.00ns)   --->   "%isNeg = call i1 @_ssdm_op_BitSelect.i1.i9.i32(i9 %sh_assign, i32 8)" [/wrk/2017.4/nightly/2017_12_15_2086221/src/products/hls/hls_lib/hlsmath/src/../include/internal/hls_round.h:330->/wrk/2017.4/nightly/2017_12_15_2086221/src/products/hls/hls_lib/hlsmath/src/../include/internal/hls_round.h:368->/wrk/2017.4/nightly/2017_12_15_2086221/src/products/hls/hls_lib/hlsmath/src/lib_floatconversion.cpp:61->sobel_1212/core.cpp:89]
ST_27 : Operation 99 [1/1] (1.91ns)   --->   "%tmp_27_i_i_i = sub i8 127, %loc_V" [/wrk/2017.4/nightly/2017_12_15_2086221/src/products/hls/hls_lib/hlsmath/src/../include/internal/hls_round.h:330->/wrk/2017.4/nightly/2017_12_15_2086221/src/products/hls/hls_lib/hlsmath/src/../include/internal/hls_round.h:368->/wrk/2017.4/nightly/2017_12_15_2086221/src/products/hls/hls_lib/hlsmath/src/lib_floatconversion.cpp:61->sobel_1212/core.cpp:89]   --->   Core 14 'AddSub' <Latency = 0> <II = 1> <Delay = 1.91> <FuncUnit> <Opcode : 'add' 'sub'> <InPorts = 2> <OutPorts = 1>
ST_27 : Operation 100 [1/1] (0.00ns)   --->   "%tmp_27_i_i_i_cast = sext i8 %tmp_27_i_i_i to i9" [/wrk/2017.4/nightly/2017_12_15_2086221/src/products/hls/hls_lib/hlsmath/src/../include/internal/hls_round.h:330->/wrk/2017.4/nightly/2017_12_15_2086221/src/products/hls/hls_lib/hlsmath/src/../include/internal/hls_round.h:368->/wrk/2017.4/nightly/2017_12_15_2086221/src/products/hls/hls_lib/hlsmath/src/lib_floatconversion.cpp:61->sobel_1212/core.cpp:89]
ST_27 : Operation 101 [1/1] (1.37ns)   --->   "%sh_assign_2 = select i1 %isNeg, i9 %tmp_27_i_i_i_cast, i9 %sh_assign" [/wrk/2017.4/nightly/2017_12_15_2086221/src/products/hls/hls_lib/hlsmath/src/../include/internal/hls_round.h:330->/wrk/2017.4/nightly/2017_12_15_2086221/src/products/hls/hls_lib/hlsmath/src/../include/internal/hls_round.h:368->/wrk/2017.4/nightly/2017_12_15_2086221/src/products/hls/hls_lib/hlsmath/src/lib_floatconversion.cpp:61->sobel_1212/core.cpp:89]   --->   Core 26 'Sel' <Latency = 0> <II = 1> <Delay = 1.37> <FuncUnit> <Opcode : 'select'> <InPorts = 3> <OutPorts = 1>
ST_27 : Operation 102 [1/1] (0.00ns) (grouped into LUT with out node p_Val2_s)   --->   "%sh_assign_2_i_i_i_ca = sext i9 %sh_assign_2 to i32" [/wrk/2017.4/nightly/2017_12_15_2086221/src/products/hls/hls_lib/hlsmath/src/../include/internal/hls_round.h:330->/wrk/2017.4/nightly/2017_12_15_2086221/src/products/hls/hls_lib/hlsmath/src/../include/internal/hls_round.h:368->/wrk/2017.4/nightly/2017_12_15_2086221/src/products/hls/hls_lib/hlsmath/src/lib_floatconversion.cpp:61->sobel_1212/core.cpp:89]
ST_27 : Operation 103 [1/1] (0.00ns) (grouped into LUT with out node p_Val2_s)   --->   "%sh_assign_2_i_i_i_ca_1 = sext i9 %sh_assign_2 to i25" [/wrk/2017.4/nightly/2017_12_15_2086221/src/products/hls/hls_lib/hlsmath/src/../include/internal/hls_round.h:330->/wrk/2017.4/nightly/2017_12_15_2086221/src/products/hls/hls_lib/hlsmath/src/../include/internal/hls_round.h:368->/wrk/2017.4/nightly/2017_12_15_2086221/src/products/hls/hls_lib/hlsmath/src/lib_floatconversion.cpp:61->sobel_1212/core.cpp:89]
ST_27 : Operation 104 [1/1] (0.00ns) (grouped into LUT with out node p_Val2_s)   --->   "%tmp_28_i_i_i = zext i32 %sh_assign_2_i_i_i_ca to i55" [/wrk/2017.4/nightly/2017_12_15_2086221/src/products/hls/hls_lib/hlsmath/src/../include/internal/hls_round.h:330->/wrk/2017.4/nightly/2017_12_15_2086221/src/products/hls/hls_lib/hlsmath/src/../include/internal/hls_round.h:368->/wrk/2017.4/nightly/2017_12_15_2086221/src/products/hls/hls_lib/hlsmath/src/lib_floatconversion.cpp:61->sobel_1212/core.cpp:89]
ST_27 : Operation 105 [1/1] (0.00ns) (grouped into LUT with out node p_Val2_s)   --->   "%tmp_29_i_i_i = lshr i25 %tmp_26_i_i_i, %sh_assign_2_i_i_i_ca_1" [/wrk/2017.4/nightly/2017_12_15_2086221/src/products/hls/hls_lib/hlsmath/src/../include/internal/hls_round.h:330->/wrk/2017.4/nightly/2017_12_15_2086221/src/products/hls/hls_lib/hlsmath/src/../include/internal/hls_round.h:368->/wrk/2017.4/nightly/2017_12_15_2086221/src/products/hls/hls_lib/hlsmath/src/lib_floatconversion.cpp:61->sobel_1212/core.cpp:89]   --->   Core 28 'Shift' <Latency = 0> <II = 1> <Delay = 4.61> <FuncUnit> <Opcode : 'shl' 'lshr' 'ashr'> <InPorts = 2> <OutPorts = 1>
ST_27 : Operation 106 [1/1] (0.00ns) (grouped into LUT with out node p_Val2_s)   --->   "%tmp_30_i_i_i = shl i55 %tmp_26_i_i_i_cast2, %tmp_28_i_i_i" [/wrk/2017.4/nightly/2017_12_15_2086221/src/products/hls/hls_lib/hlsmath/src/../include/internal/hls_round.h:330->/wrk/2017.4/nightly/2017_12_15_2086221/src/products/hls/hls_lib/hlsmath/src/../include/internal/hls_round.h:368->/wrk/2017.4/nightly/2017_12_15_2086221/src/products/hls/hls_lib/hlsmath/src/lib_floatconversion.cpp:61->sobel_1212/core.cpp:89]   --->   Core 28 'Shift' <Latency = 0> <II = 1> <Delay = 4.61> <FuncUnit> <Opcode : 'shl' 'lshr' 'ashr'> <InPorts = 2> <OutPorts = 1>
ST_27 : Operation 107 [1/1] (0.00ns) (grouped into LUT with out node p_Val2_s)   --->   "%tmp_44 = call i1 @_ssdm_op_BitSelect.i1.i25.i32(i25 %tmp_29_i_i_i, i32 24)" [/wrk/2017.4/nightly/2017_12_15_2086221/src/products/hls/hls_lib/hlsmath/src/../include/internal/hls_round.h:333->/wrk/2017.4/nightly/2017_12_15_2086221/src/products/hls/hls_lib/hlsmath/src/../include/internal/hls_round.h:368->/wrk/2017.4/nightly/2017_12_15_2086221/src/products/hls/hls_lib/hlsmath/src/lib_floatconversion.cpp:61->sobel_1212/core.cpp:89]
ST_27 : Operation 108 [1/1] (0.00ns) (grouped into LUT with out node p_Val2_s)   --->   "%tmp_33 = zext i1 %tmp_44 to i8" [/wrk/2017.4/nightly/2017_12_15_2086221/src/products/hls/hls_lib/hlsmath/src/../include/internal/hls_round.h:333->/wrk/2017.4/nightly/2017_12_15_2086221/src/products/hls/hls_lib/hlsmath/src/../include/internal/hls_round.h:368->/wrk/2017.4/nightly/2017_12_15_2086221/src/products/hls/hls_lib/hlsmath/src/lib_floatconversion.cpp:61->sobel_1212/core.cpp:89]
ST_27 : Operation 109 [1/1] (0.00ns) (grouped into LUT with out node p_Val2_s)   --->   "%tmp_34 = call i8 @_ssdm_op_PartSelect.i8.i55.i32.i32(i55 %tmp_30_i_i_i, i32 24, i32 31)" [/wrk/2017.4/nightly/2017_12_15_2086221/src/products/hls/hls_lib/hlsmath/src/../include/internal/hls_round.h:333->/wrk/2017.4/nightly/2017_12_15_2086221/src/products/hls/hls_lib/hlsmath/src/../include/internal/hls_round.h:368->/wrk/2017.4/nightly/2017_12_15_2086221/src/products/hls/hls_lib/hlsmath/src/lib_floatconversion.cpp:61->sobel_1212/core.cpp:89]
ST_27 : Operation 110 [1/1] (4.42ns) (out node of the LUT)   --->   "%p_Val2_s = select i1 %isNeg, i8 %tmp_33, i8 %tmp_34" [/wrk/2017.4/nightly/2017_12_15_2086221/src/products/hls/hls_lib/hlsmath/src/../include/internal/hls_round.h:330->/wrk/2017.4/nightly/2017_12_15_2086221/src/products/hls/hls_lib/hlsmath/src/../include/internal/hls_round.h:368->/wrk/2017.4/nightly/2017_12_15_2086221/src/products/hls/hls_lib/hlsmath/src/lib_floatconversion.cpp:61->sobel_1212/core.cpp:89]   --->   Core 26 'Sel' <Latency = 0> <II = 1> <Delay = 1.37> <FuncUnit> <Opcode : 'select'> <InPorts = 3> <OutPorts = 1>

 <State 28> : 3.63ns
ST_28 : Operation 111 [1/1] (0.00ns)   --->   "%empty = call i32 (...)* @_ssdm_op_SpecLoopTripCount(i64 262144, i64 262144, i64 262144)"
ST_28 : Operation 112 [1/1] (0.00ns)   --->   "%tmp_18 = call i32 (...)* @_ssdm_op_SpecRegionBegin([12 x i8]* @p_str8)" [sobel_1212/core.cpp:75]
ST_28 : Operation 113 [1/1] (0.00ns)   --->   "call void (...)* @_ssdm_op_SpecPipeline(i32 1, i32 1, i32 1, i32 0, [1 x i8]* @p_str2) nounwind" [sobel_1212/core.cpp:76]
ST_28 : Operation 114 [1/1] (3.63ns)   --->   "call void @_ssdm_op_Write.ap_fifo.volatile.i8P(i8* %dst_V_V, i8 %p_Val2_s)" [sobel_1212/core.cpp:90]   --->   Core 36 'FIFO_SRL' <Latency = 0> <II = 1> <Delay = 3.63> <Storage> <Opcode : 'read' 'write' 'nbread' 'nbwrite'> <Ports = 0> <Width = 32> <Depth = 0> <FIFO>
ST_28 : Operation 115 [1/1] (0.00ns)   --->   "%empty_31 = call i32 (...)* @_ssdm_op_SpecRegionEnd([12 x i8]* @p_str8, i32 %tmp_18)" [sobel_1212/core.cpp:91]
ST_28 : Operation 116 [1/1] (0.00ns)   --->   "br label %1" [sobel_1212/core.cpp:75]

 <State 29> : 0.00ns
ST_29 : Operation 117 [1/1] (0.00ns)   --->   "ret void" [sobel_1212/core.cpp:92]


============================================================
+ Verbose Summary: Binding
============================================================
STG Binding: 
---------------- STG Properties BEGIN ----------------
- Is combinational: 0
- Is one-state seq: 0
- Is datapath-only: 0
- Is pipelined: 0
- Is top level: 0
Port [ Return ] is wired: 1; IO mode=ap_ctrl_hs:ce=0
Port [ src_V_V]:  wired=1; compound=1; hidden=0; nouse=0; global=0; static=0; extern=0; dir=0; type=3; pingpong=0; private_global=0; IO mode=ap_fifo:ce=0
Port [ dst_V_V]:  wired=1; compound=1; hidden=0; nouse=0; global=0; static=0; extern=0; dir=1; type=3; pingpong=0; private_global=0; IO mode=ap_fifo:ce=0
---------------- STG Properties END ------------------

---------------- Datapath Model BEGIN ----------------

<LifeTime>
<method=bitvector/>
StgValue_30            (specinterface    ) [ 000000000000000000000000000000]
StgValue_31            (specinterface    ) [ 000000000000000000000000000000]
StgValue_32            (br               ) [ 011111111111111111111111111110]
i                      (phi              ) [ 001000000000000000000000000000]
exitcond               (icmp             ) [ 001111111111111111111111111110]
i_3                    (add              ) [ 011111111111111111111111111110]
StgValue_36            (br               ) [ 000000000000000000000000000000]
tmp_V_5                (read             ) [ 000000000000000000000000000000]
blue_V                 (trunc            ) [ 001010000000000000000000000000]
green_V                (partselect       ) [ 001010000000000000000000000000]
red_V                  (partselect       ) [ 001011111100000000000000000000]
tmp                    (zext             ) [ 001001111100000000000000000000]
tmp_25                 (zext             ) [ 001001111100000000000000000000]
tmp_s                  (sitodp           ) [ 001000000011111100000000000000]
tmp_26                 (sitodp           ) [ 001000000011111100000000000000]
tmp_29                 (zext             ) [ 001000000011111000000000000000]
tmp_30                 (sitodp           ) [ 001000000000000111111000000000]
tmp_24                 (dmul             ) [ 001000000000000011111000000000]
tmp_27                 (dmul             ) [ 001000000000000011111000000000]
tmp_28                 (dadd             ) [ 001000000000000000000111110000]
tmp_31                 (dmul             ) [ 001000000000000000000111110000]
tmp_32                 (dadd             ) [ 001000000000000000000000001000]
tmp_6                  (fptrunc          ) [ 000000000000000000000000000000]
p_Val2_1               (bitcast          ) [ 000000000000000000000000000000]
loc_V                  (partselect       ) [ 001000000000000000000000000100]
loc_V_1                (trunc            ) [ 001000000000000000000000000100]
tmp_26_i_i_i           (bitconcatenate   ) [ 000000000000000000000000000000]
tmp_26_i_i_i_cast2     (zext             ) [ 000000000000000000000000000000]
tmp_i_i_i_i_cast       (zext             ) [ 000000000000000000000000000000]
sh_assign              (add              ) [ 000000000000000000000000000000]
isNeg                  (bitselect        ) [ 000000000000000000000000000000]
tmp_27_i_i_i           (sub              ) [ 000000000000000000000000000000]
tmp_27_i_i_i_cast      (sext             ) [ 000000000000000000000000000000]
sh_assign_2            (select           ) [ 000000000000000000000000000000]
sh_assign_2_i_i_i_ca   (sext             ) [ 000000000000000000000000000000]
sh_assign_2_i_i_i_ca_1 (sext             ) [ 000000000000000000000000000000]
tmp_28_i_i_i           (zext             ) [ 000000000000000000000000000000]
tmp_29_i_i_i           (lshr             ) [ 000000000000000000000000000000]
tmp_30_i_i_i           (shl              ) [ 000000000000000000000000000000]
tmp_44                 (bitselect        ) [ 000000000000000000000000000000]
tmp_33                 (zext             ) [ 000000000000000000000000000000]
tmp_34                 (partselect       ) [ 000000000000000000000000000000]
p_Val2_s               (select           ) [ 001000000000000000000000000010]
empty                  (speclooptripcount) [ 000000000000000000000000000000]
tmp_18                 (specregionbegin  ) [ 000000000000000000000000000000]
StgValue_113           (specpipeline     ) [ 000000000000000000000000000000]
StgValue_114           (write            ) [ 000000000000000000000000000000]
empty_31               (specregionend    ) [ 000000000000000000000000000000]
StgValue_116           (br               ) [ 011111111111111111111111111110]
StgValue_117           (ret              ) [ 000000000000000000000000000000]
</LifeTime>

<model>

<comp_list>
<comp id="0" class="1000" name="src_V_V">
<pin_list>
<pin id="1" dir="1" index="0" bw="1" slack="0"/>
</pin_list>
<bind>
<StgValue><ssdm name="src_V_V"/></StgValue>
</bind>
</comp>

<comp id="2" class="1000" name="dst_V_V">
<pin_list>
<pin id="3" dir="1" index="0" bw="1" slack="0"/>
</pin_list>
<bind>
<StgValue><ssdm name="dst_V_V"/></StgValue>
</bind>
</comp>

<comp id="4" class="1001" name="const_4">
<pin_list>
<pin id="5" dir="1" index="0" bw="1" slack="2147483647"/>
</pin_list>
<bind>
<StgValue><ssdm name="_ssdm_op_SpecInterface"/></StgValue>
</bind>
</comp>

<comp id="6" class="1001" name="const_6">
<pin_list>
<pin id="7" dir="1" index="0" bw="1" slack="2147483647"/>
</pin_list>
<bind>
<StgValue><ssdm name="ap_fifo_str"/></StgValue>
</bind>
</comp>

<comp id="8" class="1001" name="const_8">
<pin_list>
<pin id="9" dir="1" index="0" bw="1" slack="2147483647"/>
</pin_list>
<bind>
<StgValue><ssdm name=""/></StgValue>
</bind>
</comp>

<comp id="10" class="1001" name="const_10">
<pin_list>
<pin id="11" dir="1" index="0" bw="1" slack="2147483647"/>
</pin_list>
<bind>
<StgValue><ssdm name="p_str126"/></StgValue>
</bind>
</comp>

<comp id="12" class="1001" name="const_12">
<pin_list>
<pin id="13" dir="1" index="0" bw="1" slack="2147483647"/>
</pin_list>
<bind>
<StgValue><ssdm name="p_str127"/></StgValue>
</bind>
</comp>

<comp id="14" class="1001" name="const_14">
<pin_list>
<pin id="15" dir="1" index="0" bw="1" slack="2147483647"/>
</pin_list>
<bind>
<StgValue><ssdm name="p_str128"/></StgValue>
</bind>
</comp>

<comp id="16" class="1001" name="const_16">
<pin_list>
<pin id="17" dir="1" index="0" bw="1" slack="2147483647"/>
</pin_list>
<bind>
<StgValue><ssdm name="p_str129"/></StgValue>
</bind>
</comp>

<comp id="18" class="1001" name="const_18">
<pin_list>
<pin id="19" dir="1" index="0" bw="1" slack="2147483647"/>
</pin_list>
<bind>
<StgValue><ssdm name=""/></StgValue>
</bind>
</comp>

<comp id="20" class="1001" name="const_20">
<pin_list>
<pin id="21" dir="1" index="0" bw="1" slack="0"/>
</pin_list>
<bind>
<StgValue><ssdm name=""/></StgValue>
</bind>
</comp>

<comp id="22" class="1001" name="const_22">
<pin_list>
<pin id="23" dir="1" index="0" bw="1" slack="2147483647"/>
</pin_list>
<bind>
<StgValue><ssdm name="p_str130"/></StgValue>
</bind>
</comp>

<comp id="24" class="1001" name="const_24">
<pin_list>
<pin id="25" dir="1" index="0" bw="1" slack="2147483647"/>
</pin_list>
<bind>
<StgValue><ssdm name="p_str131"/></StgValue>
</bind>
</comp>

<comp id="26" class="1001" name="const_26">
<pin_list>
<pin id="27" dir="1" index="0" bw="1" slack="2147483647"/>
</pin_list>
<bind>
<StgValue><ssdm name="p_str119"/></StgValue>
</bind>
</comp>

<comp id="28" class="1001" name="const_28">
<pin_list>
<pin id="29" dir="1" index="0" bw="1" slack="2147483647"/>
</pin_list>
<bind>
<StgValue><ssdm name="p_str120"/></StgValue>
</bind>
</comp>

<comp id="30" class="1001" name="const_30">
<pin_list>
<pin id="31" dir="1" index="0" bw="1" slack="2147483647"/>
</pin_list>
<bind>
<StgValue><ssdm name="p_str121"/></StgValue>
</bind>
</comp>

<comp id="32" class="1001" name="const_32">
<pin_list>
<pin id="33" dir="1" index="0" bw="1" slack="2147483647"/>
</pin_list>
<bind>
<StgValue><ssdm name="p_str122"/></StgValue>
</bind>
</comp>

<comp id="34" class="1001" name="const_34">
<pin_list>
<pin id="35" dir="1" index="0" bw="1" slack="2147483647"/>
</pin_list>
<bind>
<StgValue><ssdm name="p_str123"/></StgValue>
</bind>
</comp>

<comp id="36" class="1001" name="const_36">
<pin_list>
<pin id="37" dir="1" index="0" bw="1" slack="2147483647"/>
</pin_list>
<bind>
<StgValue><ssdm name="p_str124"/></StgValue>
</bind>
</comp>

<comp id="38" class="1001" name="const_38">
<pin_list>
<pin id="39" dir="1" index="0" bw="1" slack="1"/>
</pin_list>
<bind>
<StgValue><ssdm name=""/></StgValue>
</bind>
</comp>

<comp id="40" class="1001" name="const_40">
<pin_list>
<pin id="41" dir="1" index="0" bw="1" slack="0"/>
</pin_list>
<bind>
<StgValue><ssdm name=""/></StgValue>
</bind>
</comp>

<comp id="42" class="1001" name="const_42">
<pin_list>
<pin id="43" dir="1" index="0" bw="1" slack="0"/>
</pin_list>
<bind>
<StgValue><ssdm name=""/></StgValue>
</bind>
</comp>

<comp id="44" class="1001" name="const_44">
<pin_list>
<pin id="45" dir="1" index="0" bw="1" slack="0"/>
</pin_list>
<bind>
<StgValue><ssdm name="_ssdm_op_Read.ap_fifo.volatile.i32P"/></StgValue>
</bind>
</comp>

<comp id="46" class="1001" name="const_46">
<pin_list>
<pin id="47" dir="1" index="0" bw="1" slack="0"/>
</pin_list>
<bind>
<StgValue><ssdm name="_ssdm_op_PartSelect.i8.i32.i32.i32"/></StgValue>
</bind>
</comp>

<comp id="48" class="1001" name="const_48">
<pin_list>
<pin id="49" dir="1" index="0" bw="1" slack="0"/>
</pin_list>
<bind>
<StgValue><ssdm name=""/></StgValue>
</bind>
</comp>

<comp id="50" class="1001" name="const_50">
<pin_list>
<pin id="51" dir="1" index="0" bw="1" slack="0"/>
</pin_list>
<bind>
<StgValue><ssdm name=""/></StgValue>
</bind>
</comp>

<comp id="52" class="1001" name="const_52">
<pin_list>
<pin id="53" dir="1" index="0" bw="1" slack="0"/>
</pin_list>
<bind>
<StgValue><ssdm name=""/></StgValue>
</bind>
</comp>

<comp id="54" class="1001" name="const_54">
<pin_list>
<pin id="55" dir="1" index="0" bw="1" slack="0"/>
</pin_list>
<bind>
<StgValue><ssdm name=""/></StgValue>
</bind>
</comp>

<comp id="56" class="1001" name="const_56">
<pin_list>
<pin id="57" dir="1" index="0" bw="1" slack="0"/>
</pin_list>
<bind>
<StgValue><ssdm name=""/></StgValue>
</bind>
</comp>

<comp id="58" class="1001" name="const_58">
<pin_list>
<pin id="59" dir="1" index="0" bw="1" slack="0"/>
</pin_list>
<bind>
<StgValue><ssdm name=""/></StgValue>
</bind>
</comp>

<comp id="60" class="1001" name="const_60">
<pin_list>
<pin id="61" dir="1" index="0" bw="1" slack="0"/>
</pin_list>
<bind>
<StgValue><ssdm name=""/></StgValue>
</bind>
</comp>

<comp id="62" class="1001" name="const_62">
<pin_list>
<pin id="63" dir="1" index="0" bw="1" slack="0"/>
</pin_list>
<bind>
<StgValue><ssdm name="_ssdm_op_BitConcatenate.i25.i1.i23.i1"/></StgValue>
</bind>
</comp>

<comp id="64" class="1001" name="const_64">
<pin_list>
<pin id="65" dir="1" index="0" bw="1" slack="0"/>
</pin_list>
<bind>
<StgValue><ssdm name=""/></StgValue>
</bind>
</comp>

<comp id="66" class="1001" name="const_66">
<pin_list>
<pin id="67" dir="1" index="0" bw="1" slack="0"/>
</pin_list>
<bind>
<StgValue><ssdm name=""/></StgValue>
</bind>
</comp>

<comp id="68" class="1001" name="const_68">
<pin_list>
<pin id="69" dir="1" index="0" bw="1" slack="0"/>
</pin_list>
<bind>
<StgValue><ssdm name=""/></StgValue>
</bind>
</comp>

<comp id="70" class="1001" name="const_70">
<pin_list>
<pin id="71" dir="1" index="0" bw="1" slack="0"/>
</pin_list>
<bind>
<StgValue><ssdm name="_ssdm_op_BitSelect.i1.i9.i32"/></StgValue>
</bind>
</comp>

<comp id="72" class="1001" name="const_72">
<pin_list>
<pin id="73" dir="1" index="0" bw="1" slack="0"/>
</pin_list>
<bind>
<StgValue><ssdm name=""/></StgValue>
</bind>
</comp>

<comp id="74" class="1001" name="const_74">
<pin_list>
<pin id="75" dir="1" index="0" bw="1" slack="0"/>
</pin_list>
<bind>
<StgValue><ssdm name="_ssdm_op_BitSelect.i1.i25.i32"/></StgValue>
</bind>
</comp>

<comp id="76" class="1001" name="const_76">
<pin_list>
<pin id="77" dir="1" index="0" bw="1" slack="0"/>
</pin_list>
<bind>
<StgValue><ssdm name=""/></StgValue>
</bind>
</comp>

<comp id="78" class="1001" name="const_78">
<pin_list>
<pin id="79" dir="1" index="0" bw="1" slack="0"/>
</pin_list>
<bind>
<StgValue><ssdm name="_ssdm_op_PartSelect.i8.i55.i32.i32"/></StgValue>
</bind>
</comp>

<comp id="80" class="1001" name="const_80">
<pin_list>
<pin id="81" dir="1" index="0" bw="1" slack="0"/>
</pin_list>
<bind>
<StgValue><ssdm name=""/></StgValue>
</bind>
</comp>

<comp id="82" class="1001" name="const_82">
<pin_list>
<pin id="83" dir="1" index="0" bw="1" slack="2147483647"/>
</pin_list>
<bind>
<StgValue><ssdm name="_ssdm_op_SpecLoopTripCount"/></StgValue>
</bind>
</comp>

<comp id="84" class="1001" name="const_84">
<pin_list>
<pin id="85" dir="1" index="0" bw="1" slack="2147483647"/>
</pin_list>
<bind>
<StgValue><ssdm name=""/></StgValue>
</bind>
</comp>

<comp id="86" class="1001" name="const_86">
<pin_list>
<pin id="87" dir="1" index="0" bw="1" slack="2147483647"/>
</pin_list>
<bind>
<StgValue><ssdm name="_ssdm_op_SpecRegionBegin"/></StgValue>
</bind>
</comp>

<comp id="88" class="1001" name="const_88">
<pin_list>
<pin id="89" dir="1" index="0" bw="1" slack="2147483647"/>
</pin_list>
<bind>
<StgValue><ssdm name="p_str8"/></StgValue>
</bind>
</comp>

<comp id="90" class="1001" name="const_90">
<pin_list>
<pin id="91" dir="1" index="0" bw="1" slack="2147483647"/>
</pin_list>
<bind>
<StgValue><ssdm name="_ssdm_op_SpecPipeline"/></StgValue>
</bind>
</comp>

<comp id="92" class="1001" name="const_92">
<pin_list>
<pin id="93" dir="1" index="0" bw="1" slack="2147483647"/>
</pin_list>
<bind>
<StgValue><ssdm name=""/></StgValue>
</bind>
</comp>

<comp id="94" class="1001" name="const_94">
<pin_list>
<pin id="95" dir="1" index="0" bw="1" slack="2147483647"/>
</pin_list>
<bind>
<StgValue><ssdm name="p_str2"/></StgValue>
</bind>
</comp>

<comp id="96" class="1001" name="const_96">
<pin_list>
<pin id="97" dir="1" index="0" bw="1" slack="0"/>
</pin_list>
<bind>
<StgValue><ssdm name="_ssdm_op_Write.ap_fifo.volatile.i8P"/></StgValue>
</bind>
</comp>

<comp id="98" class="1001" name="const_98">
<pin_list>
<pin id="99" dir="1" index="0" bw="1" slack="2147483647"/>
</pin_list>
<bind>
<StgValue><ssdm name="_ssdm_op_SpecRegionEnd"/></StgValue>
</bind>
</comp>

<comp id="100" class="1004" name="tmp_V_5_read_fu_100">
<pin_list>
<pin id="101" dir="0" index="0" bw="32" slack="0"/>
<pin id="102" dir="0" index="1" bw="32" slack="0"/>
<pin id="103" dir="1" index="2" bw="32" slack="0"/>
</pin_list>
<bind>
<opcode="read(1150) " fcode="read"/>
<opset="tmp_V_5/3 "/>
</bind>
</comp>

<comp id="106" class="1004" name="StgValue_114_write_fu_106">
<pin_list>
<pin id="107" dir="0" index="0" bw="0" slack="0"/>
<pin id="108" dir="0" index="1" bw="8" slack="0"/>
<pin id="109" dir="0" index="2" bw="8" slack="1"/>
<pin id="110" dir="1" index="3" bw="0" slack="2147483647"/>
</pin_list>
<bind>
<opcode="write(1151) " fcode="write"/>
<opset="StgValue_114/28 "/>
</bind>
</comp>

<comp id="113" class="1005" name="i_reg_113">
<pin_list>
<pin id="114" dir="0" index="0" bw="19" slack="1"/>
<pin id="115" dir="1" index="1" bw="19" slack="1"/>
</pin_list>
<bind>
<opset="i (phireg) "/>
</bind>
</comp>

<comp id="117" class="1004" name="i_phi_fu_117">
<pin_list>
<pin id="118" dir="0" index="0" bw="1" slack="1"/>
<pin id="119" dir="0" index="1" bw="0" slack="2147483647"/>
<pin id="120" dir="0" index="2" bw="19" slack="0"/>
<pin id="121" dir="0" index="3" bw="0" slack="2147483647"/>
<pin id="122" dir="1" index="4" bw="19" slack="0"/>
</pin_list>
<bind>
<opcode="phi(47) " fcode="phi"/>
<opset="i/2 "/>
</bind>
</comp>

<comp id="124" class="1004" name="tmp_6_fu_124">
<pin_list>
<pin id="125" dir="0" index="0" bw="64" slack="1"/>
<pin id="126" dir="1" index="1" bw="32" slack="0"/>
</pin_list>
<bind>
<opcode="fptrunc(40) " fcode="fptrunc"/>
<opset="tmp_6/26 "/>
</bind>
</comp>

<comp id="127" class="1004" name="grp_fu_127">
<pin_list>
<pin id="128" dir="0" index="0" bw="64" slack="1"/>
<pin id="129" dir="0" index="1" bw="64" slack="1"/>
<pin id="130" dir="1" index="2" bw="64" slack="1"/>
</pin_list>
<bind>
<opcode="dadd(508) " fcode="dadd"/>
<opset="tmp_28/16 "/>
</bind>
</comp>

<comp id="131" class="1004" name="grp_fu_131">
<pin_list>
<pin id="132" dir="0" index="0" bw="64" slack="1"/>
<pin id="133" dir="0" index="1" bw="64" slack="1"/>
<pin id="134" dir="1" index="2" bw="64" slack="1"/>
</pin_list>
<bind>
<opcode="dadd(508) " fcode="dadd"/>
<opset="tmp_32/21 "/>
</bind>
</comp>

<comp id="135" class="1004" name="grp_fu_135">
<pin_list>
<pin id="136" dir="0" index="0" bw="64" slack="1"/>
<pin id="137" dir="0" index="1" bw="64" slack="0"/>
<pin id="138" dir="1" index="2" bw="64" slack="1"/>
</pin_list>
<bind>
<opcode="dmul(510) " fcode="dmul"/>
<opset="tmp_24/10 "/>
</bind>
</comp>

<comp id="140" class="1004" name="grp_fu_140">
<pin_list>
<pin id="141" dir="0" index="0" bw="64" slack="1"/>
<pin id="142" dir="0" index="1" bw="64" slack="0"/>
<pin id="143" dir="1" index="2" bw="64" slack="1"/>
</pin_list>
<bind>
<opcode="dmul(510) " fcode="dmul"/>
<opset="tmp_27/10 "/>
</bind>
</comp>

<comp id="145" class="1004" name="grp_fu_145">
<pin_list>
<pin id="146" dir="0" index="0" bw="64" slack="1"/>
<pin id="147" dir="0" index="1" bw="64" slack="0"/>
<pin id="148" dir="1" index="2" bw="64" slack="1"/>
</pin_list>
<bind>
<opcode="dmul(510) " fcode="dmul"/>
<opset="tmp_31/15 "/>
</bind>
</comp>

<comp id="150" class="1004" name="grp_fu_150">
<pin_list>
<pin id="151" dir="0" index="0" bw="8" slack="0"/>
<pin id="152" dir="1" index="1" bw="64" slack="1"/>
</pin_list>
<bind>
<opcode="sitodp(517) " fcode="sitodp"/>
<opset="tmp_s/4 "/>
</bind>
</comp>

<comp id="153" class="1004" name="grp_fu_153">
<pin_list>
<pin id="154" dir="0" index="0" bw="8" slack="0"/>
<pin id="155" dir="1" index="1" bw="64" slack="1"/>
</pin_list>
<bind>
<opcode="sitodp(517) " fcode="sitodp"/>
<opset="tmp_26/4 "/>
</bind>
</comp>

<comp id="156" class="1004" name="grp_fu_156">
<pin_list>
<pin id="157" dir="0" index="0" bw="8" slack="0"/>
<pin id="158" dir="1" index="1" bw="64" slack="1"/>
</pin_list>
<bind>
<opcode="sitodp(517) " fcode="sitodp"/>
<opset="tmp_30/9 "/>
</bind>
</comp>

<comp id="159" class="1004" name="exitcond_fu_159">
<pin_list>
<pin id="160" dir="0" index="0" bw="19" slack="0"/>
<pin id="161" dir="0" index="1" bw="19" slack="0"/>
<pin id="162" dir="1" index="2" bw="1" slack="1"/>
</pin_list>
<bind>
<opcode="icmp(45) " fcode="icmp"/>
<opset="exitcond/2 "/>
</bind>
</comp>

<comp id="165" class="1004" name="i_3_fu_165">
<pin_list>
<pin id="166" dir="0" index="0" bw="19" slack="0"/>
<pin id="167" dir="0" index="1" bw="1" slack="0"/>
<pin id="168" dir="1" index="2" bw="19" slack="0"/>
</pin_list>
<bind>
<opcode="add(8) " fcode="add"/>
<opset="i_3/2 "/>
</bind>
</comp>

<comp id="171" class="1004" name="blue_V_fu_171">
<pin_list>
<pin id="172" dir="0" index="0" bw="32" slack="0"/>
<pin id="173" dir="1" index="1" bw="8" slack="1"/>
</pin_list>
<bind>
<opcode="trunc(33) " fcode="trunc"/>
<opset="blue_V/3 "/>
</bind>
</comp>

<comp id="175" class="1004" name="green_V_fu_175">
<pin_list>
<pin id="176" dir="0" index="0" bw="8" slack="0"/>
<pin id="177" dir="0" index="1" bw="32" slack="0"/>
<pin id="178" dir="0" index="2" bw="5" slack="0"/>
<pin id="179" dir="0" index="3" bw="5" slack="0"/>
<pin id="180" dir="1" index="4" bw="8" slack="1"/>
</pin_list>
<bind>
<opcode="partselect(1002) " fcode="partselect"/>
<opset="green_V/3 "/>
</bind>
</comp>

<comp id="185" class="1004" name="red_V_fu_185">
<pin_list>
<pin id="186" dir="0" index="0" bw="8" slack="0"/>
<pin id="187" dir="0" index="1" bw="32" slack="0"/>
<pin id="188" dir="0" index="2" bw="6" slack="0"/>
<pin id="189" dir="0" index="3" bw="6" slack="0"/>
<pin id="190" dir="1" index="4" bw="8" slack="6"/>
</pin_list>
<bind>
<opcode="partselect(1002) " fcode="partselect"/>
<opset="red_V/3 "/>
</bind>
</comp>

<comp id="195" class="1004" name="tmp_fu_195">
<pin_list>
<pin id="196" dir="0" index="0" bw="8" slack="1"/>
<pin id="197" dir="1" index="1" bw="32" slack="0"/>
</pin_list>
<bind>
<opcode="zext(34) " fcode="zext"/>
<opset="tmp/4 "/>
</bind>
</comp>

<comp id="199" class="1004" name="tmp_25_fu_199">
<pin_list>
<pin id="200" dir="0" index="0" bw="8" slack="1"/>
<pin id="201" dir="1" index="1" bw="32" slack="0"/>
</pin_list>
<bind>
<opcode="zext(34) " fcode="zext"/>
<opset="tmp_25/4 "/>
</bind>
</comp>

<comp id="203" class="1004" name="tmp_29_fu_203">
<pin_list>
<pin id="204" dir="0" index="0" bw="8" slack="6"/>
<pin id="205" dir="1" index="1" bw="32" slack="0"/>
</pin_list>
<bind>
<opcode="zext(34) " fcode="zext"/>
<opset="tmp_29/9 "/>
</bind>
</comp>

<comp id="207" class="1004" name="p_Val2_1_fu_207">
<pin_list>
<pin id="208" dir="0" index="0" bw="32" slack="0"/>
<pin id="209" dir="1" index="1" bw="32" slack="0"/>
</pin_list>
<bind>
<opcode="bitcast(44) " fcode="bitcast"/>
<opset="p_Val2_1/26 "/>
</bind>
</comp>

<comp id="211" class="1004" name="loc_V_fu_211">
<pin_list>
<pin id="212" dir="0" index="0" bw="8" slack="0"/>
<pin id="213" dir="0" index="1" bw="32" slack="0"/>
<pin id="214" dir="0" index="2" bw="6" slack="0"/>
<pin id="215" dir="0" index="3" bw="6" slack="0"/>
<pin id="216" dir="1" index="4" bw="8" slack="1"/>
</pin_list>
<bind>
<opcode="partselect(1002) " fcode="partselect"/>
<opset="loc_V/26 "/>
</bind>
</comp>

<comp id="221" class="1004" name="loc_V_1_fu_221">
<pin_list>
<pin id="222" dir="0" index="0" bw="32" slack="0"/>
<pin id="223" dir="1" index="1" bw="23" slack="1"/>
</pin_list>
<bind>
<opcode="trunc(33) " fcode="trunc"/>
<opset="loc_V_1/26 "/>
</bind>
</comp>

<comp id="225" class="1004" name="tmp_26_i_i_i_fu_225">
<pin_list>
<pin id="226" dir="0" index="0" bw="25" slack="0"/>
<pin id="227" dir="0" index="1" bw="1" slack="0"/>
<pin id="228" dir="0" index="2" bw="23" slack="1"/>
<pin id="229" dir="0" index="3" bw="1" slack="0"/>
<pin id="230" dir="1" index="4" bw="25" slack="0"/>
</pin_list>
<bind>
<opcode="bitconcatenate(1004) " fcode="bitconcatenate"/>
<opset="tmp_26_i_i_i/27 "/>
</bind>
</comp>

<comp id="234" class="1004" name="tmp_26_i_i_i_cast2_fu_234">
<pin_list>
<pin id="235" dir="0" index="0" bw="25" slack="0"/>
<pin id="236" dir="1" index="1" bw="55" slack="0"/>
</pin_list>
<bind>
<opcode="zext(34) " fcode="zext"/>
<opset="tmp_26_i_i_i_cast2/27 "/>
</bind>
</comp>

<comp id="238" class="1004" name="tmp_i_i_i_i_cast_fu_238">
<pin_list>
<pin id="239" dir="0" index="0" bw="8" slack="1"/>
<pin id="240" dir="1" index="1" bw="9" slack="0"/>
</pin_list>
<bind>
<opcode="zext(34) " fcode="zext"/>
<opset="tmp_i_i_i_i_cast/27 "/>
</bind>
</comp>

<comp id="241" class="1004" name="sh_assign_fu_241">
<pin_list>
<pin id="242" dir="0" index="0" bw="8" slack="0"/>
<pin id="243" dir="0" index="1" bw="8" slack="0"/>
<pin id="244" dir="1" index="2" bw="9" slack="0"/>
</pin_list>
<bind>
<opcode="add(8) " fcode="add"/>
<opset="sh_assign/27 "/>
</bind>
</comp>

<comp id="247" class="1004" name="isNeg_fu_247">
<pin_list>
<pin id="248" dir="0" index="0" bw="1" slack="0"/>
<pin id="249" dir="0" index="1" bw="9" slack="0"/>
<pin id="250" dir="0" index="2" bw="5" slack="0"/>
<pin id="251" dir="1" index="3" bw="1" slack="0"/>
</pin_list>
<bind>
<opcode="bitselect(1000) " fcode="bitselect"/>
<opset="isNeg/27 "/>
</bind>
</comp>

<comp id="255" class="1004" name="tmp_27_i_i_i_fu_255">
<pin_list>
<pin id="256" dir="0" index="0" bw="8" slack="0"/>
<pin id="257" dir="0" index="1" bw="8" slack="1"/>
<pin id="258" dir="1" index="2" bw="8" slack="0"/>
</pin_list>
<bind>
<opcode="sub(10) " fcode="sub"/>
<opset="tmp_27_i_i_i/27 "/>
</bind>
</comp>

<comp id="260" class="1004" name="tmp_27_i_i_i_cast_fu_260">
<pin_list>
<pin id="261" dir="0" index="0" bw="8" slack="0"/>
<pin id="262" dir="1" index="1" bw="9" slack="0"/>
</pin_list>
<bind>
<opcode="sext(35) " fcode="sext"/>
<opset="tmp_27_i_i_i_cast/27 "/>
</bind>
</comp>

<comp id="264" class="1004" name="sh_assign_2_fu_264">
<pin_list>
<pin id="265" dir="0" index="0" bw="1" slack="0"/>
<pin id="266" dir="0" index="1" bw="9" slack="0"/>
<pin id="267" dir="0" index="2" bw="9" slack="0"/>
<pin id="268" dir="1" index="3" bw="9" slack="0"/>
</pin_list>
<bind>
<opcode="select(49) " fcode="select"/>
<opset="sh_assign_2/27 "/>
</bind>
</comp>

<comp id="272" class="1004" name="sh_assign_2_i_i_i_ca_fu_272">
<pin_list>
<pin id="273" dir="0" index="0" bw="9" slack="0"/>
<pin id="274" dir="1" index="1" bw="32" slack="0"/>
</pin_list>
<bind>
<opcode="sext(35) " fcode="sext"/>
<opset="sh_assign_2_i_i_i_ca/27 "/>
</bind>
</comp>

<comp id="276" class="1004" name="sh_assign_2_i_i_i_ca_1_fu_276">
<pin_list>
<pin id="277" dir="0" index="0" bw="9" slack="0"/>
<pin id="278" dir="1" index="1" bw="25" slack="0"/>
</pin_list>
<bind>
<opcode="sext(35) " fcode="sext"/>
<opset="sh_assign_2_i_i_i_ca_1/27 "/>
</bind>
</comp>

<comp id="280" class="1004" name="tmp_28_i_i_i_fu_280">
<pin_list>
<pin id="281" dir="0" index="0" bw="9" slack="0"/>
<pin id="282" dir="1" index="1" bw="55" slack="0"/>
</pin_list>
<bind>
<opcode="zext(34) " fcode="zext"/>
<opset="tmp_28_i_i_i/27 "/>
</bind>
</comp>

<comp id="284" class="1004" name="tmp_29_i_i_i_fu_284">
<pin_list>
<pin id="285" dir="0" index="0" bw="25" slack="0"/>
<pin id="286" dir="0" index="1" bw="9" slack="0"/>
<pin id="287" dir="1" index="2" bw="25" slack="0"/>
</pin_list>
<bind>
<opcode="lshr(21) " fcode="lshr"/>
<opset="tmp_29_i_i_i/27 "/>
</bind>
</comp>

<comp id="290" class="1004" name="tmp_30_i_i_i_fu_290">
<pin_list>
<pin id="291" dir="0" index="0" bw="25" slack="0"/>
<pin id="292" dir="0" index="1" bw="32" slack="0"/>
<pin id="293" dir="1" index="2" bw="55" slack="0"/>
</pin_list>
<bind>
<opcode="shl(20) " fcode="shl"/>
<opset="tmp_30_i_i_i/27 "/>
</bind>
</comp>

<comp id="296" class="1004" name="tmp_44_fu_296">
<pin_list>
<pin id="297" dir="0" index="0" bw="1" slack="0"/>
<pin id="298" dir="0" index="1" bw="25" slack="0"/>
<pin id="299" dir="0" index="2" bw="6" slack="0"/>
<pin id="300" dir="1" index="3" bw="1" slack="0"/>
</pin_list>
<bind>
<opcode="bitselect(1000) " fcode="bitselect"/>
<opset="tmp_44/27 "/>
</bind>
</comp>

<comp id="304" class="1004" name="tmp_33_fu_304">
<pin_list>
<pin id="305" dir="0" index="0" bw="1" slack="0"/>
<pin id="306" dir="1" index="1" bw="8" slack="0"/>
</pin_list>
<bind>
<opcode="zext(34) " fcode="zext"/>
<opset="tmp_33/27 "/>
</bind>
</comp>

<comp id="308" class="1004" name="tmp_34_fu_308">
<pin_list>
<pin id="309" dir="0" index="0" bw="8" slack="0"/>
<pin id="310" dir="0" index="1" bw="55" slack="0"/>
<pin id="311" dir="0" index="2" bw="6" slack="0"/>
<pin id="312" dir="0" index="3" bw="6" slack="0"/>
<pin id="313" dir="1" index="4" bw="8" slack="0"/>
</pin_list>
<bind>
<opcode="partselect(1002) " fcode="partselect"/>
<opset="tmp_34/27 "/>
</bind>
</comp>

<comp id="318" class="1004" name="p_Val2_s_fu_318">
<pin_list>
<pin id="319" dir="0" index="0" bw="1" slack="0"/>
<pin id="320" dir="0" index="1" bw="8" slack="0"/>
<pin id="321" dir="0" index="2" bw="8" slack="0"/>
<pin id="322" dir="1" index="3" bw="8" slack="1"/>
</pin_list>
<bind>
<opcode="select(49) " fcode="select"/>
<opset="p_Val2_s/27 "/>
</bind>
</comp>

<comp id="326" class="1005" name="exitcond_reg_326">
<pin_list>
<pin id="327" dir="0" index="0" bw="1" slack="1"/>
<pin id="328" dir="1" index="1" bw="1" slack="2147483647"/>
</pin_list>
<bind>
<opset="exitcond "/>
</bind>
</comp>

<comp id="330" class="1005" name="i_3_reg_330">
<pin_list>
<pin id="331" dir="0" index="0" bw="19" slack="0"/>
<pin id="332" dir="1" index="1" bw="19" slack="0"/>
</pin_list>
<bind>
<opset="i_3 "/>
</bind>
</comp>

<comp id="335" class="1005" name="blue_V_reg_335">
<pin_list>
<pin id="336" dir="0" index="0" bw="8" slack="1"/>
<pin id="337" dir="1" index="1" bw="8" slack="1"/>
</pin_list>
<bind>
<opset="blue_V "/>
</bind>
</comp>

<comp id="340" class="1005" name="green_V_reg_340">
<pin_list>
<pin id="341" dir="0" index="0" bw="8" slack="1"/>
<pin id="342" dir="1" index="1" bw="8" slack="1"/>
</pin_list>
<bind>
<opset="green_V "/>
</bind>
</comp>

<comp id="345" class="1005" name="red_V_reg_345">
<pin_list>
<pin id="346" dir="0" index="0" bw="8" slack="6"/>
<pin id="347" dir="1" index="1" bw="8" slack="6"/>
</pin_list>
<bind>
<opset="red_V "/>
</bind>
</comp>

<comp id="350" class="1005" name="tmp_reg_350">
<pin_list>
<pin id="351" dir="0" index="0" bw="32" slack="1"/>
<pin id="352" dir="1" index="1" bw="32" slack="1"/>
</pin_list>
<bind>
<opset="tmp "/>
</bind>
</comp>

<comp id="355" class="1005" name="tmp_25_reg_355">
<pin_list>
<pin id="356" dir="0" index="0" bw="32" slack="1"/>
<pin id="357" dir="1" index="1" bw="32" slack="1"/>
</pin_list>
<bind>
<opset="tmp_25 "/>
</bind>
</comp>

<comp id="360" class="1005" name="tmp_s_reg_360">
<pin_list>
<pin id="361" dir="0" index="0" bw="64" slack="1"/>
<pin id="362" dir="1" index="1" bw="64" slack="1"/>
</pin_list>
<bind>
<opset="tmp_s "/>
</bind>
</comp>

<comp id="365" class="1005" name="tmp_26_reg_365">
<pin_list>
<pin id="366" dir="0" index="0" bw="64" slack="1"/>
<pin id="367" dir="1" index="1" bw="64" slack="1"/>
</pin_list>
<bind>
<opset="tmp_26 "/>
</bind>
</comp>

<comp id="370" class="1005" name="tmp_29_reg_370">
<pin_list>
<pin id="371" dir="0" index="0" bw="32" slack="1"/>
<pin id="372" dir="1" index="1" bw="32" slack="1"/>
</pin_list>
<bind>
<opset="tmp_29 "/>
</bind>
</comp>

<comp id="375" class="1005" name="tmp_30_reg_375">
<pin_list>
<pin id="376" dir="0" index="0" bw="64" slack="1"/>
<pin id="377" dir="1" index="1" bw="64" slack="1"/>
</pin_list>
<bind>
<opset="tmp_30 "/>
</bind>
</comp>

<comp id="380" class="1005" name="tmp_24_reg_380">
<pin_list>
<pin id="381" dir="0" index="0" bw="64" slack="1"/>
<pin id="382" dir="1" index="1" bw="64" slack="1"/>
</pin_list>
<bind>
<opset="tmp_24 "/>
</bind>
</comp>

<comp id="385" class="1005" name="tmp_27_reg_385">
<pin_list>
<pin id="386" dir="0" index="0" bw="64" slack="1"/>
<pin id="387" dir="1" index="1" bw="64" slack="1"/>
</pin_list>
<bind>
<opset="tmp_27 "/>
</bind>
</comp>

<comp id="390" class="1005" name="tmp_28_reg_390">
<pin_list>
<pin id="391" dir="0" index="0" bw="64" slack="1"/>
<pin id="392" dir="1" index="1" bw="64" slack="1"/>
</pin_list>
<bind>
<opset="tmp_28 "/>
</bind>
</comp>

<comp id="395" class="1005" name="tmp_31_reg_395">
<pin_list>
<pin id="396" dir="0" index="0" bw="64" slack="1"/>
<pin id="397" dir="1" index="1" bw="64" slack="1"/>
</pin_list>
<bind>
<opset="tmp_31 "/>
</bind>
</comp>

<comp id="400" class="1005" name="tmp_32_reg_400">
<pin_list>
<pin id="401" dir="0" index="0" bw="64" slack="1"/>
<pin id="402" dir="1" index="1" bw="64" slack="1"/>
</pin_list>
<bind>
<opset="tmp_32 "/>
</bind>
</comp>

<comp id="405" class="1005" name="loc_V_reg_405">
<pin_list>
<pin id="406" dir="0" index="0" bw="8" slack="1"/>
<pin id="407" dir="1" index="1" bw="8" slack="1"/>
</pin_list>
<bind>
<opset="loc_V "/>
</bind>
</comp>

<comp id="411" class="1005" name="loc_V_1_reg_411">
<pin_list>
<pin id="412" dir="0" index="0" bw="23" slack="1"/>
<pin id="413" dir="1" index="1" bw="23" slack="1"/>
</pin_list>
<bind>
<opset="loc_V_1 "/>
</bind>
</comp>

<comp id="416" class="1005" name="p_Val2_s_reg_416">
<pin_list>
<pin id="417" dir="0" index="0" bw="8" slack="1"/>
<pin id="418" dir="1" index="1" bw="8" slack="1"/>
</pin_list>
<bind>
<opset="p_Val2_s "/>
</bind>
</comp>

</comp_list>

<net_list>
<net id="104"><net_src comp="44" pin="0"/><net_sink comp="100" pin=0"/></net>

<net id="105"><net_src comp="0" pin="0"/><net_sink comp="100" pin=1"/></net>

<net id="111"><net_src comp="96" pin="0"/><net_sink comp="106" pin=0"/></net>

<net id="112"><net_src comp="2" pin="0"/><net_sink comp="106" pin=1"/></net>

<net id="116"><net_src comp="38" pin="0"/><net_sink comp="113" pin=0"/></net>

<net id="123"><net_src comp="113" pin="1"/><net_sink comp="117" pin=0"/></net>

<net id="139"><net_src comp="54" pin="0"/><net_sink comp="135" pin=1"/></net>

<net id="144"><net_src comp="56" pin="0"/><net_sink comp="140" pin=1"/></net>

<net id="149"><net_src comp="58" pin="0"/><net_sink comp="145" pin=1"/></net>

<net id="163"><net_src comp="117" pin="4"/><net_sink comp="159" pin=0"/></net>

<net id="164"><net_src comp="40" pin="0"/><net_sink comp="159" pin=1"/></net>

<net id="169"><net_src comp="117" pin="4"/><net_sink comp="165" pin=0"/></net>

<net id="170"><net_src comp="42" pin="0"/><net_sink comp="165" pin=1"/></net>

<net id="174"><net_src comp="100" pin="2"/><net_sink comp="171" pin=0"/></net>

<net id="181"><net_src comp="46" pin="0"/><net_sink comp="175" pin=0"/></net>

<net id="182"><net_src comp="100" pin="2"/><net_sink comp="175" pin=1"/></net>

<net id="183"><net_src comp="48" pin="0"/><net_sink comp="175" pin=2"/></net>

<net id="184"><net_src comp="50" pin="0"/><net_sink comp="175" pin=3"/></net>

<net id="191"><net_src comp="46" pin="0"/><net_sink comp="185" pin=0"/></net>

<net id="192"><net_src comp="100" pin="2"/><net_sink comp="185" pin=1"/></net>

<net id="193"><net_src comp="20" pin="0"/><net_sink comp="185" pin=2"/></net>

<net id="194"><net_src comp="52" pin="0"/><net_sink comp="185" pin=3"/></net>

<net id="198"><net_src comp="195" pin="1"/><net_sink comp="150" pin=0"/></net>

<net id="202"><net_src comp="199" pin="1"/><net_sink comp="153" pin=0"/></net>

<net id="206"><net_src comp="203" pin="1"/><net_sink comp="156" pin=0"/></net>

<net id="210"><net_src comp="124" pin="1"/><net_sink comp="207" pin=0"/></net>

<net id="217"><net_src comp="46" pin="0"/><net_sink comp="211" pin=0"/></net>

<net id="218"><net_src comp="207" pin="1"/><net_sink comp="211" pin=1"/></net>

<net id="219"><net_src comp="52" pin="0"/><net_sink comp="211" pin=2"/></net>

<net id="220"><net_src comp="60" pin="0"/><net_sink comp="211" pin=3"/></net>

<net id="224"><net_src comp="207" pin="1"/><net_sink comp="221" pin=0"/></net>

<net id="231"><net_src comp="62" pin="0"/><net_sink comp="225" pin=0"/></net>

<net id="232"><net_src comp="64" pin="0"/><net_sink comp="225" pin=1"/></net>

<net id="233"><net_src comp="66" pin="0"/><net_sink comp="225" pin=3"/></net>

<net id="237"><net_src comp="225" pin="4"/><net_sink comp="234" pin=0"/></net>

<net id="245"><net_src comp="68" pin="0"/><net_sink comp="241" pin=0"/></net>

<net id="246"><net_src comp="238" pin="1"/><net_sink comp="241" pin=1"/></net>

<net id="252"><net_src comp="70" pin="0"/><net_sink comp="247" pin=0"/></net>

<net id="253"><net_src comp="241" pin="2"/><net_sink comp="247" pin=1"/></net>

<net id="254"><net_src comp="48" pin="0"/><net_sink comp="247" pin=2"/></net>

<net id="259"><net_src comp="72" pin="0"/><net_sink comp="255" pin=0"/></net>

<net id="263"><net_src comp="255" pin="2"/><net_sink comp="260" pin=0"/></net>

<net id="269"><net_src comp="247" pin="3"/><net_sink comp="264" pin=0"/></net>

<net id="270"><net_src comp="260" pin="1"/><net_sink comp="264" pin=1"/></net>

<net id="271"><net_src comp="241" pin="2"/><net_sink comp="264" pin=2"/></net>

<net id="275"><net_src comp="264" pin="3"/><net_sink comp="272" pin=0"/></net>

<net id="279"><net_src comp="264" pin="3"/><net_sink comp="276" pin=0"/></net>

<net id="283"><net_src comp="272" pin="1"/><net_sink comp="280" pin=0"/></net>

<net id="288"><net_src comp="225" pin="4"/><net_sink comp="284" pin=0"/></net>

<net id="289"><net_src comp="276" pin="1"/><net_sink comp="284" pin=1"/></net>

<net id="294"><net_src comp="234" pin="1"/><net_sink comp="290" pin=0"/></net>

<net id="295"><net_src comp="280" pin="1"/><net_sink comp="290" pin=1"/></net>

<net id="301"><net_src comp="74" pin="0"/><net_sink comp="296" pin=0"/></net>

<net id="302"><net_src comp="284" pin="2"/><net_sink comp="296" pin=1"/></net>

<net id="303"><net_src comp="76" pin="0"/><net_sink comp="296" pin=2"/></net>

<net id="307"><net_src comp="296" pin="3"/><net_sink comp="304" pin=0"/></net>

<net id="314"><net_src comp="78" pin="0"/><net_sink comp="308" pin=0"/></net>

<net id="315"><net_src comp="290" pin="2"/><net_sink comp="308" pin=1"/></net>

<net id="316"><net_src comp="76" pin="0"/><net_sink comp="308" pin=2"/></net>

<net id="317"><net_src comp="80" pin="0"/><net_sink comp="308" pin=3"/></net>

<net id="323"><net_src comp="247" pin="3"/><net_sink comp="318" pin=0"/></net>

<net id="324"><net_src comp="304" pin="1"/><net_sink comp="318" pin=1"/></net>

<net id="325"><net_src comp="308" pin="4"/><net_sink comp="318" pin=2"/></net>

<net id="329"><net_src comp="159" pin="2"/><net_sink comp="326" pin=0"/></net>

<net id="333"><net_src comp="165" pin="2"/><net_sink comp="330" pin=0"/></net>

<net id="334"><net_src comp="330" pin="1"/><net_sink comp="117" pin=2"/></net>

<net id="338"><net_src comp="171" pin="1"/><net_sink comp="335" pin=0"/></net>

<net id="339"><net_src comp="335" pin="1"/><net_sink comp="195" pin=0"/></net>

<net id="343"><net_src comp="175" pin="4"/><net_sink comp="340" pin=0"/></net>

<net id="344"><net_src comp="340" pin="1"/><net_sink comp="199" pin=0"/></net>

<net id="348"><net_src comp="185" pin="4"/><net_sink comp="345" pin=0"/></net>

<net id="349"><net_src comp="345" pin="1"/><net_sink comp="203" pin=0"/></net>

<net id="353"><net_src comp="195" pin="1"/><net_sink comp="350" pin=0"/></net>

<net id="354"><net_src comp="350" pin="1"/><net_sink comp="150" pin=0"/></net>

<net id="358"><net_src comp="199" pin="1"/><net_sink comp="355" pin=0"/></net>

<net id="359"><net_src comp="355" pin="1"/><net_sink comp="153" pin=0"/></net>

<net id="363"><net_src comp="150" pin="1"/><net_sink comp="360" pin=0"/></net>

<net id="364"><net_src comp="360" pin="1"/><net_sink comp="135" pin=0"/></net>

<net id="368"><net_src comp="153" pin="1"/><net_sink comp="365" pin=0"/></net>

<net id="369"><net_src comp="365" pin="1"/><net_sink comp="140" pin=0"/></net>

<net id="373"><net_src comp="203" pin="1"/><net_sink comp="370" pin=0"/></net>

<net id="374"><net_src comp="370" pin="1"/><net_sink comp="156" pin=0"/></net>

<net id="378"><net_src comp="156" pin="1"/><net_sink comp="375" pin=0"/></net>

<net id="379"><net_src comp="375" pin="1"/><net_sink comp="145" pin=0"/></net>

<net id="383"><net_src comp="135" pin="2"/><net_sink comp="380" pin=0"/></net>

<net id="384"><net_src comp="380" pin="1"/><net_sink comp="127" pin=0"/></net>

<net id="388"><net_src comp="140" pin="2"/><net_sink comp="385" pin=0"/></net>

<net id="389"><net_src comp="385" pin="1"/><net_sink comp="127" pin=1"/></net>

<net id="393"><net_src comp="127" pin="2"/><net_sink comp="390" pin=0"/></net>

<net id="394"><net_src comp="390" pin="1"/><net_sink comp="131" pin=0"/></net>

<net id="398"><net_src comp="145" pin="2"/><net_sink comp="395" pin=0"/></net>

<net id="399"><net_src comp="395" pin="1"/><net_sink comp="131" pin=1"/></net>

<net id="403"><net_src comp="131" pin="2"/><net_sink comp="400" pin=0"/></net>

<net id="404"><net_src comp="400" pin="1"/><net_sink comp="124" pin=0"/></net>

<net id="408"><net_src comp="211" pin="4"/><net_sink comp="405" pin=0"/></net>

<net id="409"><net_src comp="405" pin="1"/><net_sink comp="238" pin=0"/></net>

<net id="410"><net_src comp="405" pin="1"/><net_sink comp="255" pin=1"/></net>

<net id="414"><net_src comp="221" pin="1"/><net_sink comp="411" pin=0"/></net>

<net id="415"><net_src comp="411" pin="1"/><net_sink comp="225" pin=2"/></net>

<net id="419"><net_src comp="318" pin="3"/><net_sink comp="416" pin=0"/></net>

<net id="420"><net_src comp="416" pin="1"/><net_sink comp="106" pin=2"/></net>

</net_list>

</model> 
---------------- Datapath Model END ------------------

* FSMD analyzer results:
  - Output states:
	Port: dst_V_V | {28 }
 - Input state : 
	Port: bgr2gray : src_V_V | {3 }
  - Chain level:
	State 1
	State 2
		exitcond : 1
		i_3 : 1
		StgValue_36 : 2
	State 3
	State 4
		tmp_s : 1
		tmp_26 : 1
	State 5
	State 6
	State 7
	State 8
	State 9
		tmp_30 : 1
	State 10
	State 11
	State 12
	State 13
	State 14
	State 15
	State 16
	State 17
	State 18
	State 19
	State 20
	State 21
	State 22
	State 23
	State 24
	State 25
	State 26
		p_Val2_1 : 1
		loc_V : 2
		loc_V_1 : 2
	State 27
		tmp_26_i_i_i_cast2 : 1
		sh_assign : 1
		isNeg : 2
		tmp_27_i_i_i_cast : 1
		sh_assign_2 : 3
		sh_assign_2_i_i_i_ca : 4
		sh_assign_2_i_i_i_ca_1 : 4
		tmp_28_i_i_i : 5
		tmp_29_i_i_i : 5
		tmp_30_i_i_i : 6
		tmp_44 : 6
		tmp_33 : 7
		tmp_34 : 7
		p_Val2_s : 8
	State 28
		empty_31 : 1
	State 29


============================================================
+ Verbose Summary: Datapath Resource usage 
============================================================

* Functional unit list:
|----------|-------------------------------|---------|---------|---------|
| Operation|        Functional Unit        |  DSP48E |    FF   |   LUT   |
|----------|-------------------------------|---------|---------|---------|
|   dadd   |           grp_fu_127          |    3    |   445   |   1149  |
|          |           grp_fu_131          |    3    |   445   |   1149  |
|----------|-------------------------------|---------|---------|---------|
|          |           grp_fu_150          |    0    |   412   |   645   |
|  sitodp  |           grp_fu_153          |    0    |   412   |   645   |
|          |           grp_fu_156          |    0    |   412   |   645   |
|----------|-------------------------------|---------|---------|---------|
|          |           grp_fu_135          |    11   |   317   |   578   |
|   dmul   |           grp_fu_140          |    11   |   317   |   578   |
|          |           grp_fu_145          |    11   |   317   |   578   |
|----------|-------------------------------|---------|---------|---------|
|  fptrunc |          tmp_6_fu_124         |    0    |   128   |   277   |
|----------|-------------------------------|---------|---------|---------|
|    shl   |      tmp_30_i_i_i_fu_290      |    0    |    0    |   101   |
|----------|-------------------------------|---------|---------|---------|
|   lshr   |      tmp_29_i_i_i_fu_284      |    0    |    0    |    73   |
|----------|-------------------------------|---------|---------|---------|
|    add   |           i_3_fu_165          |    0    |    0    |    26   |
|          |        sh_assign_fu_241       |    0    |    0    |    15   |
|----------|-------------------------------|---------|---------|---------|
|   icmp   |        exitcond_fu_159        |    0    |    0    |    18   |
|----------|-------------------------------|---------|---------|---------|
|  select  |       sh_assign_2_fu_264      |    0    |    0    |    9    |
|          |        p_Val2_s_fu_318        |    0    |    0    |    8    |
|----------|-------------------------------|---------|---------|---------|
|    sub   |      tmp_27_i_i_i_fu_255      |    0    |    0    |    15   |
|----------|-------------------------------|---------|---------|---------|
|   read   |      tmp_V_5_read_fu_100      |    0    |    0    |    0    |
|----------|-------------------------------|---------|---------|---------|
|   write  |   StgValue_114_write_fu_106   |    0    |    0    |    0    |
|----------|-------------------------------|---------|---------|---------|
|   trunc  |         blue_V_fu_171         |    0    |    0    |    0    |
|          |         loc_V_1_fu_221        |    0    |    0    |    0    |
|----------|-------------------------------|---------|---------|---------|
|          |         green_V_fu_175        |    0    |    0    |    0    |
|partselect|          red_V_fu_185         |    0    |    0    |    0    |
|          |          loc_V_fu_211         |    0    |    0    |    0    |
|          |         tmp_34_fu_308         |    0    |    0    |    0    |
|----------|-------------------------------|---------|---------|---------|
|          |           tmp_fu_195          |    0    |    0    |    0    |
|          |         tmp_25_fu_199         |    0    |    0    |    0    |
|          |         tmp_29_fu_203         |    0    |    0    |    0    |
|   zext   |   tmp_26_i_i_i_cast2_fu_234   |    0    |    0    |    0    |
|          |    tmp_i_i_i_i_cast_fu_238    |    0    |    0    |    0    |
|          |      tmp_28_i_i_i_fu_280      |    0    |    0    |    0    |
|          |         tmp_33_fu_304         |    0    |    0    |    0    |
|----------|-------------------------------|---------|---------|---------|
|bitconcatenate|      tmp_26_i_i_i_fu_225      |    0    |    0    |    0    |
|----------|-------------------------------|---------|---------|---------|
| bitselect|          isNeg_fu_247         |    0    |    0    |    0    |
|          |         tmp_44_fu_296         |    0    |    0    |    0    |
|----------|-------------------------------|---------|---------|---------|
|          |    tmp_27_i_i_i_cast_fu_260   |    0    |    0    |    0    |
|   sext   |  sh_assign_2_i_i_i_ca_fu_272  |    0    |    0    |    0    |
|          | sh_assign_2_i_i_i_ca_1_fu_276 |    0    |    0    |    0    |
|----------|-------------------------------|---------|---------|---------|
|   Total  |                               |    39   |   3205  |   6509  |
|----------|-------------------------------|---------|---------|---------|

Memories:
N/A

* Register list:
+----------------+--------+
|                |   FF   |
+----------------+--------+
| blue_V_reg_335 |    8   |
|exitcond_reg_326|    1   |
| green_V_reg_340|    8   |
|   i_3_reg_330  |   19   |
|    i_reg_113   |   19   |
| loc_V_1_reg_411|   23   |
|  loc_V_reg_405 |    8   |
|p_Val2_s_reg_416|    8   |
|  red_V_reg_345 |    8   |
| tmp_24_reg_380 |   64   |
| tmp_25_reg_355 |   32   |
| tmp_26_reg_365 |   64   |
| tmp_27_reg_385 |   64   |
| tmp_28_reg_390 |   64   |
| tmp_29_reg_370 |   32   |
| tmp_30_reg_375 |   64   |
| tmp_31_reg_395 |   64   |
| tmp_32_reg_400 |   64   |
|   tmp_reg_350  |   32   |
|  tmp_s_reg_360 |   64   |
+----------------+--------+
|      Total     |   710  |
+----------------+--------+

* Multiplexer (MUX) list: 
|------------|------|------|------|--------||---------||---------|
|    Comp    |  Pin | Size |  BW  | S x BW ||  Delay  ||   LUT   |
|------------|------|------|------|--------||---------||---------|
| grp_fu_150 |  p0  |   2  |   8  |   16   ||    9    |
| grp_fu_153 |  p0  |   2  |   8  |   16   ||    9    |
| grp_fu_156 |  p0  |   2  |   8  |   16   ||    9    |
|------------|------|------|------|--------||---------||---------|
|    Total   |      |      |      |   48   ||  5.307  ||    27   |
|------------|------|------|------|--------||---------||---------|



* Summary:
+-----------+--------+--------+--------+--------+
|           | DSP48E |  Delay |   FF   |   LUT  |
+-----------+--------+--------+--------+--------+
|  Function |   39   |    -   |  3205  |  6509  |
|   Memory  |    -   |    -   |    -   |    -   |
|Multiplexer|    -   |    5   |    -   |   27   |
|  Register |    -   |    -   |   710  |    -   |
+-----------+--------+--------+--------+--------+
|   Total   |   39   |    5   |  3915  |  6536  |
+-----------+--------+--------+--------+--------+
