

================================================================
== Vivado HLS Report for 'Mem2Stream_1'
================================================================
* Date:           Fri Dec 13 11:11:23 2019

* Version:        2017.4 (Build 2086221 on Fri Dec 15 21:13:33 MST 2017)
* Project:        sobel_1212
* Solution:       solution1
* Product family: zynq
* Target device:  xc7z020clg484-1


================================================================
== Performance Estimates
================================================================
+ Timing (ns): 
    * Summary: 
    +--------+-------+----------+------------+
    |  Clock | Target| Estimated| Uncertainty|
    +--------+-------+----------+------------+
    |ap_clk  |  10.00|      8.75|        1.25|
    +--------+-------+----------+------------+

+ Latency (clock cycles): 
    * Summary: 
    +--------+--------+--------+--------+---------+
    |     Latency     |     Interval    | Pipeline|
    |   min  |   max  |   min  |   max  |   Type  |
    +--------+--------+--------+--------+---------+
    |  262154|  262154|  262154|  262154|   none  |
    +--------+--------+--------+--------+---------+

    + Detail: 
        * Instance: 
        N/A

        * Loop: 
        +----------+--------+--------+----------+-----------+-----------+--------+----------+
        |          |     Latency     | Iteration|  Initiation Interval  |  Trip  |          |
        | Loop Name|   min  |   max  |  Latency |  achieved |   target  |  Count | Pipelined|
        +----------+--------+--------+----------+-----------+-----------+--------+----------+
        |- Loop 1  |  262145|  262145|         3|          1|          1|  262144|    yes   |
        +----------+--------+--------+----------+-----------+-----------+--------+----------+

============================================================
+ Verbose Summary: Synthesis Manager
============================================================
InlineROM: 1
ExposeGlobal: 0
============================================================
+ Verbose Summary: CDFG Model
============================================================
IsTopModel: 0
ResetActiveHigh: 1
IsCombinational: 0
IsDatapathOnly: 0
HasWiredReturn: 1
HasMFsm: 0
HasVarLatency: 1
IsPipeline: 0
IsRtlPipelined: 0
IsInstanceOverlapped: 0
IsDontTouch: 0
HasImplIP: 0
IsGatedGlobalClock: 0

+ Individual pipeline summary: 
  * Pipeline-0: initiation interval (II) = 1, depth = 3


============================================================
+ Verbose Summary: Schedule
============================================================
* Number of FSM states : 12
* Pipeline : 1
  Pipeline-0 : II = 1, D = 3, States = { 9 10 11 }
* Dataflow Pipeline: 0

* FSM state transitions: 
1 --> 
	2  / true
2 --> 
	3  / true
3 --> 
	4  / true
4 --> 
	5  / true
5 --> 
	6  / true
6 --> 
	7  / true
7 --> 
	8  / true
8 --> 
	9  / true
9 --> 
	12  / (tmp)
	10  / (!tmp)
10 --> 
	11  / true
11 --> 
	9  / true
12 --> 

* FSM state operations: 

 <State 1> : 2.55ns
ST_1 : Operation 13 [1/1] (0.00ns)   --->   "%in_V_offset1_read = call i32 @_ssdm_op_Read.ap_auto.i32(i32 %in_V_offset1)"
ST_1 : Operation 14 [1/1] (0.00ns)   --->   "%in_V_offset_read = call i30 @_ssdm_op_Read.ap_auto.i30(i30 %in_V_offset)"
ST_1 : Operation 15 [1/1] (0.00ns)   --->   "%tmp_25_cast = zext i32 %in_V_offset1_read to i33"
ST_1 : Operation 16 [1/1] (0.00ns)   --->   "%sext_cast = zext i30 %in_V_offset_read to i33"
ST_1 : Operation 17 [1/1] (2.55ns)   --->   "%sum2 = add i33 %tmp_25_cast, %sext_cast"   --->   Core 14 'AddSub' <Latency = 0> <II = 1> <Delay = 2.55> <FuncUnit> <Opcode : 'add' 'sub'> <InPorts = 2> <OutPorts = 1>
ST_1 : Operation 18 [1/1] (0.00ns)   --->   "%sum2_cast = zext i33 %sum2 to i64"
ST_1 : Operation 19 [1/1] (0.00ns)   --->   "%in_V_addr = getelementptr i32* %in_V, i64 %sum2_cast" [sobel_1212/dma.h:10]

 <State 2> : 8.75ns
ST_2 : Operation 20 [7/7] (8.75ns)   --->   "%in_V_addr_rd_req = call i1 @_ssdm_op_ReadReq.m_axi.i32P(i32* %in_V_addr, i32 262144)" [sobel_1212/dma.h:10]   --->   Core 9 'm_axi' <Latency = 6> <II = 1> <Delay = 1.00> <Adapter> <Opcode : 'read' 'write' 'readreq' 'writereq' 'writeresp'>

 <State 3> : 8.75ns
ST_3 : Operation 21 [6/7] (8.75ns)   --->   "%in_V_addr_rd_req = call i1 @_ssdm_op_ReadReq.m_axi.i32P(i32* %in_V_addr, i32 262144)" [sobel_1212/dma.h:10]   --->   Core 9 'm_axi' <Latency = 6> <II = 1> <Delay = 1.00> <Adapter> <Opcode : 'read' 'write' 'readreq' 'writereq' 'writeresp'>

 <State 4> : 8.75ns
ST_4 : Operation 22 [5/7] (8.75ns)   --->   "%in_V_addr_rd_req = call i1 @_ssdm_op_ReadReq.m_axi.i32P(i32* %in_V_addr, i32 262144)" [sobel_1212/dma.h:10]   --->   Core 9 'm_axi' <Latency = 6> <II = 1> <Delay = 1.00> <Adapter> <Opcode : 'read' 'write' 'readreq' 'writereq' 'writeresp'>

 <State 5> : 8.75ns
ST_5 : Operation 23 [4/7] (8.75ns)   --->   "%in_V_addr_rd_req = call i1 @_ssdm_op_ReadReq.m_axi.i32P(i32* %in_V_addr, i32 262144)" [sobel_1212/dma.h:10]   --->   Core 9 'm_axi' <Latency = 6> <II = 1> <Delay = 1.00> <Adapter> <Opcode : 'read' 'write' 'readreq' 'writereq' 'writeresp'>

 <State 6> : 8.75ns
ST_6 : Operation 24 [3/7] (8.75ns)   --->   "%in_V_addr_rd_req = call i1 @_ssdm_op_ReadReq.m_axi.i32P(i32* %in_V_addr, i32 262144)" [sobel_1212/dma.h:10]   --->   Core 9 'm_axi' <Latency = 6> <II = 1> <Delay = 1.00> <Adapter> <Opcode : 'read' 'write' 'readreq' 'writereq' 'writeresp'>

 <State 7> : 8.75ns
ST_7 : Operation 25 [2/7] (8.75ns)   --->   "%in_V_addr_rd_req = call i1 @_ssdm_op_ReadReq.m_axi.i32P(i32* %in_V_addr, i32 262144)" [sobel_1212/dma.h:10]   --->   Core 9 'm_axi' <Latency = 6> <II = 1> <Delay = 1.00> <Adapter> <Opcode : 'read' 'write' 'readreq' 'writereq' 'writeresp'>

 <State 8> : 8.75ns
ST_8 : Operation 26 [1/1] (0.00ns)   --->   "call void (...)* @_ssdm_op_SpecInterface(i32* %out_V_V, [8 x i8]* @ap_fifo_str, i32 0, i32 0, [1 x i8]* @p_str119, i32 0, i32 0, [1 x i8]* @p_str120, [1 x i8]* @p_str121, [1 x i8]* @p_str122, i32 2, i32 2, i32 16, i32 16, [1 x i8]* @p_str123, [1 x i8]* @p_str124)"
ST_8 : Operation 27 [1/1] (0.00ns)   --->   "call void (...)* @_ssdm_op_SpecInterface(i32* %in_V, [6 x i8]* @p_str4, i32 0, i32 0, [1 x i8]* @p_str2, i32 0, i32 256, [10 x i8]* @p_str5, [6 x i8]* @p_str6, [1 x i8]* @p_str2, i32 16, i32 16, i32 16, i32 16, [1 x i8]* @p_str2, [1 x i8]* @p_str2)"
ST_8 : Operation 28 [1/7] (8.75ns)   --->   "%in_V_addr_rd_req = call i1 @_ssdm_op_ReadReq.m_axi.i32P(i32* %in_V_addr, i32 262144)" [sobel_1212/dma.h:10]   --->   Core 9 'm_axi' <Latency = 6> <II = 1> <Delay = 1.00> <Adapter> <Opcode : 'read' 'write' 'readreq' 'writereq' 'writeresp'>
ST_8 : Operation 29 [1/1] (1.76ns)   --->   "br label %1" [sobel_1212/dma.h:8]

 <State 9> : 2.44ns
ST_9 : Operation 30 [1/1] (0.00ns)   --->   "%i = phi i19 [ 0, %0 ], [ %i_6, %2 ]"
ST_9 : Operation 31 [1/1] (2.43ns)   --->   "%tmp = icmp eq i19 %i, -262144" [sobel_1212/dma.h:8]   --->   Core 25 'Cmp' <Latency = 0> <II = 1> <Delay = 2.43> <FuncUnit> <Opcode : 'icmp'> <InPorts = 2> <OutPorts = 1>
ST_9 : Operation 32 [1/1] (2.16ns)   --->   "%i_6 = add i19 %i, 1" [sobel_1212/dma.h:8]   --->   Core 14 'AddSub' <Latency = 0> <II = 1> <Delay = 2.55> <FuncUnit> <Opcode : 'add' 'sub'> <InPorts = 2> <OutPorts = 1>
ST_9 : Operation 33 [1/1] (0.00ns)   --->   "br i1 %tmp, label %3, label %2" [sobel_1212/dma.h:8]

 <State 10> : 8.75ns
ST_10 : Operation 34 [1/1] (8.75ns)   --->   "%e_V = call i32 @_ssdm_op_Read.m_axi.i32P(i32* %in_V_addr)" [sobel_1212/dma.h:10]   --->   Core 9 'm_axi' <Latency = 6> <II = 1> <Delay = 1.00> <Adapter> <Opcode : 'read' 'write' 'readreq' 'writereq' 'writeresp'>

 <State 11> : 3.63ns
ST_11 : Operation 35 [1/1] (0.00ns)   --->   "%empty = call i32 (...)* @_ssdm_op_SpecLoopTripCount(i64 262144, i64 262144, i64 262144)"
ST_11 : Operation 36 [1/1] (0.00ns)   --->   "%tmp_24 = call i32 (...)* @_ssdm_op_SpecRegionBegin([12 x i8]* @p_str22)" [sobel_1212/dma.h:8]
ST_11 : Operation 37 [1/1] (0.00ns)   --->   "call void (...)* @_ssdm_op_SpecPipeline(i32 1, i32 1, i32 1, i32 0, [1 x i8]* @p_str2) nounwind" [sobel_1212/dma.h:9]
ST_11 : Operation 38 [1/1] (3.63ns)   --->   "call void @_ssdm_op_Write.ap_fifo.volatile.i32P(i32* %out_V_V, i32 %e_V)" [sobel_1212/dma.h:11]   --->   Core 36 'FIFO_SRL' <Latency = 0> <II = 1> <Delay = 3.63> <Storage> <Opcode : 'read' 'write' 'nbread' 'nbwrite'> <Ports = 0> <Width = 32> <Depth = 0> <FIFO>
ST_11 : Operation 39 [1/1] (0.00ns)   --->   "%empty_93 = call i32 (...)* @_ssdm_op_SpecRegionEnd([12 x i8]* @p_str22, i32 %tmp_24)" [sobel_1212/dma.h:12]
ST_11 : Operation 40 [1/1] (0.00ns)   --->   "br label %1" [sobel_1212/dma.h:8]

 <State 12> : 0.00ns
ST_12 : Operation 41 [1/1] (0.00ns)   --->   "ret void" [sobel_1212/dma.h:13]


============================================================
+ Verbose Summary: Timing violations
============================================================
Target clock period: 10ns, clock uncertainty: 1.25ns.

 <State 1>: 2.55ns
The critical path consists of the following:
	wire read on port 'in_V_offset1' [5]  (0 ns)
	'add' operation ('sum2') [11]  (2.55 ns)

 <State 2>: 8.75ns
The critical path consists of the following:
	bus request on port 'in_V' (sobel_1212/dma.h:10) [14]  (8.75 ns)

 <State 3>: 8.75ns
The critical path consists of the following:
	bus request on port 'in_V' (sobel_1212/dma.h:10) [14]  (8.75 ns)

 <State 4>: 8.75ns
The critical path consists of the following:
	bus request on port 'in_V' (sobel_1212/dma.h:10) [14]  (8.75 ns)

 <State 5>: 8.75ns
The critical path consists of the following:
	bus request on port 'in_V' (sobel_1212/dma.h:10) [14]  (8.75 ns)

 <State 6>: 8.75ns
The critical path consists of the following:
	bus request on port 'in_V' (sobel_1212/dma.h:10) [14]  (8.75 ns)

 <State 7>: 8.75ns
The critical path consists of the following:
	bus request on port 'in_V' (sobel_1212/dma.h:10) [14]  (8.75 ns)

 <State 8>: 8.75ns
The critical path consists of the following:
	bus request on port 'in_V' (sobel_1212/dma.h:10) [14]  (8.75 ns)

 <State 9>: 2.44ns
The critical path consists of the following:
	'phi' operation ('i') with incoming values : ('i', sobel_1212/dma.h:8) [17]  (0 ns)
	'icmp' operation ('tmp', sobel_1212/dma.h:8) [18]  (2.44 ns)

 <State 10>: 8.75ns
The critical path consists of the following:
	bus read on port 'in_V' (sobel_1212/dma.h:10) [25]  (8.75 ns)

 <State 11>: 3.63ns
The critical path consists of the following:
	fifo write on port 'out_V_V' (sobel_1212/dma.h:11) [26]  (3.63 ns)

 <State 12>: 0ns
The critical path consists of the following:


============================================================
+ Verbose Summary: Binding
============================================================
N/A
* FSMD analyzer results:
  - Output states:
 - Input state : 
  - Chain level:
	State 1
	State 2
	State 3
	State 4
	State 5
	State 6
	State 7
	State 8
	State 9
	State 10
	State 11
	State 12


============================================================
+ Verbose Summary: Datapath Resource usage 
============================================================
N/A
