

================================================================
== Vivado HLS Report for 'Mem2Stream_Batch9'
================================================================
* Date:           Fri Dec 13 11:11:24 2019

* Version:        2017.4 (Build 2086221 on Fri Dec 15 21:13:33 MST 2017)
* Project:        sobel_1212
* Solution:       solution1
* Product family: zynq
* Target device:  xc7z020clg484-1


================================================================
== Performance Estimates
================================================================
+ Timing (ns): 
    * Summary: 
    +--------+-------+----------+------------+
    |  Clock | Target| Estimated| Uncertainty|
    +--------+-------+----------+------------+
    |ap_clk  |  10.00|      8.75|        1.25|
    +--------+-------+----------+------------+

+ Latency (clock cycles): 
    * Summary: 
    +-----+-----+-----+-----+---------+
    |  Latency  |  Interval | Pipeline|
    | min | max | min | max |   Type  |
    +-----+-----+-----+-----+---------+
    |    ?|    ?|    ?|    ?|   none  |
    +-----+-----+-----+-----+---------+

    + Detail: 
        * Instance: 
        N/A

        * Loop: 
        +----------+-----+-----+------------------+-----------+-----------+------+----------+
        |          |  Latency  |     Iteration    |  Initiation Interval  | Trip |          |
        | Loop Name| min | max |      Latency     |  achieved |   target  | Count| Pipelined|
        +----------+-----+-----+------------------+-----------+-----------+------+----------+
        |- Loop 1  |    ?|    ?| 262156 ~ 4194316 |          -|          -|     ?|    no    |
        +----------+-----+-----+------------------+-----------+-----------+------+----------+

============================================================
+ Verbose Summary: Synthesis Manager
============================================================
InlineROM: 1
ExposeGlobal: 0
============================================================
+ Verbose Summary: CDFG Model
============================================================
IsTopModel: 0
ResetActiveHigh: 1
IsCombinational: 2
IsDatapathOnly: 0
HasWiredReturn: 1
HasMFsm: 0
HasVarLatency: 1
IsPipeline: 0
IsRtlPipelined: 0
IsInstanceOverlapped: 0
IsDontTouch: 0
HasImplIP: 0
IsGatedGlobalClock: 0


============================================================
+ Verbose Summary: Schedule
============================================================
* Number of FSM states : 3
* Pipeline : 0
* Dataflow Pipeline: 0

* FSM state transitions: 
1 --> 
	2  / true
2 --> 
	3  / (!tmp_i_i)
3 --> 
	2  / true

* FSM state operations: 

 <State 1> : 3.63ns
ST_1 : Operation 4 [1/1] (0.00ns)   --->   "%rep = alloca i32"
ST_1 : Operation 5 [1/1] (0.00ns)   --->   "call void (...)* @_ssdm_op_SpecInterface(i32* %in_V, [6 x i8]* @p_str4, i32 0, i32 0, [1 x i8]* @p_str2, i32 0, i32 256, [10 x i8]* @p_str5, [6 x i8]* @p_str6, [1 x i8]* @p_str2, i32 16, i32 16, i32 16, i32 16, [1 x i8]* @p_str2, [1 x i8]* @p_str2)"
ST_1 : Operation 6 [1/1] (0.00ns)   --->   "call void (...)* @_ssdm_op_SpecInterface(i32* %in_V, [6 x i8]* @p_str4, i32 0, i32 0, [1 x i8]* @p_str2, i32 0, i32 256, [10 x i8]* @p_str5, [6 x i8]* @p_str6, [1 x i8]* @p_str2, i32 16, i32 16, i32 16, i32 16, [1 x i8]* @p_str2, [1 x i8]* @p_str2)"
ST_1 : Operation 7 [1/1] (0.00ns)   --->   "call void (...)* @_ssdm_op_SpecInterface(i32* %out_V_V, [8 x i8]* @ap_fifo_str, i32 0, i32 0, [1 x i8]* @p_str119, i32 0, i32 0, [1 x i8]* @p_str120, [1 x i8]* @p_str121, [1 x i8]* @p_str122, i32 2, i32 2, i32 16, i32 16, [1 x i8]* @p_str123, [1 x i8]* @p_str124)"
ST_1 : Operation 8 [1/1] (0.00ns)   --->   "call void (...)* @_ssdm_op_SpecInterface(i32* %out_V_V, [8 x i8]* @ap_fifo_str, i32 0, i32 0, [1 x i8]* @p_str119, i32 0, i32 0, [1 x i8]* @p_str120, [1 x i8]* @p_str121, [1 x i8]* @p_str122, i32 2, i32 2, i32 16, i32 16, [1 x i8]* @p_str123, [1 x i8]* @p_str124)"
ST_1 : Operation 9 [1/1] (0.00ns)   --->   "call void (...)* @_ssdm_op_SpecInterface(i32* %out_V_out, [8 x i8]* @ap_fifo_str, i32 0, i32 0, [1 x i8]* @p_str14, i32 0, i32 0, [1 x i8]* @p_str15, [1 x i8]* @p_str16, [1 x i8]* @p_str17, i32 2, i32 2, i32 16, i32 16, [1 x i8]* @p_str18, [1 x i8]* @p_str19)"
ST_1 : Operation 10 [1/1] (0.00ns)   --->   "%out_V_read = call i32 @_ssdm_op_Read.ap_auto.i32(i32 %out_V)"
ST_1 : Operation 11 [1/1] (0.00ns)   --->   "%in_V_offset_read = call i32 @_ssdm_op_Read.ap_auto.i32(i32 %in_V_offset)"
ST_1 : Operation 12 [1/1] (3.63ns)   --->   "call void @_ssdm_op_Write.ap_fifo.i32P(i32* %out_V_out, i32 %out_V_read)"   --->   Core 36 'FIFO_SRL' <Latency = 0> <II = 1> <Delay = 3.63> <Storage> <Opcode : 'read' 'write' 'nbread' 'nbwrite'> <Ports = 0> <Width = 32> <Depth = 0> <FIFO>
ST_1 : Operation 13 [1/1] (0.00ns)   --->   "call void (...)* @_ssdm_op_SpecInterface(i32* %in_V, [6 x i8]* @p_str4, i32 0, i32 0, [1 x i8]* @p_str2, i32 0, i32 256, [10 x i8]* @p_str5, [6 x i8]* @p_str6, [1 x i8]* @p_str2, i32 16, i32 16, i32 16, i32 16, [1 x i8]* @p_str2, [1 x i8]* @p_str2)"
ST_1 : Operation 14 [1/1] (0.00ns)   --->   "call void (...)* @_ssdm_op_SpecInterface(i32* %out_V_V, [8 x i8]* @ap_fifo_str, i32 0, i32 0, [1 x i8]* @p_str119, i32 0, i32 0, [1 x i8]* @p_str120, [1 x i8]* @p_str121, [1 x i8]* @p_str122, i32 2, i32 2, i32 16, i32 16, [1 x i8]* @p_str123, [1 x i8]* @p_str124)"
ST_1 : Operation 15 [1/1] (0.00ns)   --->   "%in_V_offset1_i_i = call i30 @_ssdm_op_PartSelect.i30.i32.i32.i32(i32 %in_V_offset_read, i32 2, i32 31)"
ST_1 : Operation 16 [1/1] (0.00ns)   --->   "call void (...)* @_ssdm_op_SpecInterface(i32* %out_V_V, [8 x i8]* @ap_fifo_str, i32 0, i32 0, [1 x i8]* @p_str119, i32 0, i32 0, [1 x i8]* @p_str120, [1 x i8]* @p_str121, [1 x i8]* @p_str122, i32 2, i32 2, i32 16, i32 16, [1 x i8]* @p_str123, [1 x i8]* @p_str124)"
ST_1 : Operation 17 [1/1] (0.00ns)   --->   "call void (...)* @_ssdm_op_SpecInterface(i32* %in_V, [6 x i8]* @p_str4, i32 0, i32 0, [1 x i8]* @p_str2, i32 0, i32 256, [10 x i8]* @p_str5, [6 x i8]* @p_str6, [1 x i8]* @p_str2, i32 16, i32 16, i32 16, i32 16, [1 x i8]* @p_str2, [1 x i8]* @p_str2)"
ST_1 : Operation 18 [1/1] (1.81ns)   --->   "store i32 0, i32* %rep"
ST_1 : Operation 19 [1/1] (0.00ns)   --->   "br label %.backedge.i.i" [sobel_1212/dma.h:36]

 <State 2> : 4.37ns
ST_2 : Operation 20 [1/1] (0.00ns)   --->   "%rep_load = load i32* %rep" [sobel_1212/dma.h:41]
ST_2 : Operation 21 [1/1] (2.47ns)   --->   "%tmp_i_i = icmp eq i32 %rep_load, 1" [sobel_1212/dma.h:36]   --->   Core 25 'Cmp' <Latency = 0> <II = 1> <Delay = 1.30> <FuncUnit> <Opcode : 'icmp'> <InPorts = 2> <OutPorts = 1>
ST_2 : Operation 22 [1/1] (0.00ns)   --->   "br i1 %tmp_i_i, label %.exit, label %0" [sobel_1212/dma.h:36]
ST_2 : Operation 23 [1/1] (0.00ns)   --->   "%tmp = trunc i32 %rep_load to i4" [sobel_1212/dma.h:37]
ST_2 : Operation 24 [1/1] (1.30ns)   --->   "%tmp_i_i_92 = icmp eq i4 %tmp, 1" [sobel_1212/dma.h:38]   --->   Core 25 'Cmp' <Latency = 0> <II = 1> <Delay = 1.30> <FuncUnit> <Opcode : 'icmp'> <InPorts = 2> <OutPorts = 1>
ST_2 : Operation 25 [1/1] (0.00ns)   --->   "%tmp_49 = shl i32 %rep_load, 18" [sobel_1212/dma.h:40]
ST_2 : Operation 26 [1/1] (0.00ns)   --->   "br i1 %tmp_i_i_92, label %1, label %2" [sobel_1212/dma.h:38]
ST_2 : Operation 27 [2/2] (2.55ns)   --->   "call fastcc void @Mem2Stream.1(i32* %in_V, i30 %in_V_offset1_i_i, i32 %tmp_49, i32* %out_V_V)" [sobel_1212/dma.h:44]   --->   Core 0 '' <Latency = 0> <II = 1> <Delay = 1.00> <Generic> <Opcode : >
ST_2 : Operation 28 [1/1] (2.55ns)   --->   "%rep_4 = add i32 %rep_load, 1" [sobel_1212/dma.h:45]   --->   Core 14 'AddSub' <Latency = 0> <II = 1> <Delay = 2.55> <FuncUnit> <Opcode : 'add' 'sub'> <InPorts = 2> <OutPorts = 1>
ST_2 : Operation 29 [1/1] (1.81ns)   --->   "store i32 %rep_4, i32* %rep" [sobel_1212/dma.h:45]
ST_2 : Operation 30 [2/2] (2.55ns)   --->   "call fastcc void @Mem2Stream(i32* %in_V, i30 %in_V_offset1_i_i, i32 %tmp_49, i32* %out_V_V)" [sobel_1212/dma.h:40]   --->   Core 0 '' <Latency = 0> <II = 1> <Delay = 1.00> <Generic> <Opcode : >
ST_2 : Operation 31 [1/1] (2.55ns)   --->   "%rep_3 = add i32 %rep_load, 16" [sobel_1212/dma.h:41]   --->   Core 14 'AddSub' <Latency = 0> <II = 1> <Delay = 2.55> <FuncUnit> <Opcode : 'add' 'sub'> <InPorts = 2> <OutPorts = 1>
ST_2 : Operation 32 [1/1] (1.81ns)   --->   "store i32 %rep_3, i32* %rep" [sobel_1212/dma.h:41]
ST_2 : Operation 33 [1/1] (0.00ns)   --->   "ret void"

 <State 3> : 0.00ns
ST_3 : Operation 34 [1/2] (0.00ns)   --->   "call fastcc void @Mem2Stream.1(i32* %in_V, i30 %in_V_offset1_i_i, i32 %tmp_49, i32* %out_V_V)" [sobel_1212/dma.h:44]   --->   Core 0 '' <Latency = 0> <II = 1> <Delay = 1.00> <Generic> <Opcode : >
ST_3 : Operation 35 [1/1] (0.00ns)   --->   "br label %.backedge.i.i.backedge"
ST_3 : Operation 36 [1/2] (0.00ns)   --->   "call fastcc void @Mem2Stream(i32* %in_V, i30 %in_V_offset1_i_i, i32 %tmp_49, i32* %out_V_V)" [sobel_1212/dma.h:40]   --->   Core 0 '' <Latency = 0> <II = 1> <Delay = 1.00> <Generic> <Opcode : >
ST_3 : Operation 37 [1/1] (0.00ns)   --->   "br label %.backedge.i.i.backedge" [sobel_1212/dma.h:42]
ST_3 : Operation 38 [1/1] (0.00ns)   --->   "br label %.backedge.i.i"


============================================================
+ Verbose Summary: Timing violations
============================================================
Target clock period: 10ns, clock uncertainty: 1.25ns.

 <State 1>: 3.63ns
The critical path consists of the following:
	wire read on port 'out_V' [12]  (0 ns)
	fifo write on port 'out_V_out' [14]  (3.63 ns)

 <State 2>: 4.37ns
The critical path consists of the following:
	'load' operation ('rep_load', sobel_1212/dma.h:41) on local variable 'rep' [23]  (0 ns)
	'add' operation ('rep', sobel_1212/dma.h:45) [33]  (2.55 ns)
	'store' operation (sobel_1212/dma.h:45) of variable 'rep', sobel_1212/dma.h:45 on local variable 'rep' [34]  (1.81 ns)

 <State 3>: 0ns
The critical path consists of the following:


============================================================
+ Verbose Summary: Binding
============================================================
N/A
* FSMD analyzer results:
  - Output states:
 - Input state : 
  - Chain level:
	State 1
	State 2
	State 3


============================================================
+ Verbose Summary: Datapath Resource usage 
============================================================
N/A
