

================================================================
== Vivado HLS Report for 'sobel_y'
================================================================
* Date:           Fri Dec 13 11:11:26 2019

* Version:        2017.4 (Build 2086221 on Fri Dec 15 21:13:33 MST 2017)
* Project:        sobel_1212
* Solution:       solution1
* Product family: zynq
* Target device:  xc7z020clg484-1


================================================================
== Performance Estimates
================================================================
+ Timing (ns): 
    * Summary: 
    +--------+-------+----------+------------+
    |  Clock | Target| Estimated| Uncertainty|
    +--------+-------+----------+------------+
    |ap_clk  |  10.00|      7.34|        1.25|
    +--------+-------+----------+------------+

+ Latency (clock cycles): 
    * Summary: 
    +--------+--------+--------+--------+---------+
    |     Latency     |     Interval    | Pipeline|
    |   min  |   max  |   min  |   max  |   Type  |
    +--------+--------+--------+--------+---------+
    |  786951|  786951|  786951|  786951|   none  |
    +--------+--------+--------+--------+---------+

    + Detail: 
        * Instance: 
        N/A

        * Loop: 
        +----------+--------+--------+----------+-----------+-----------+--------+----------+
        |          |     Latency     | Iteration|  Initiation Interval  |  Trip  |          |
        | Loop Name|   min  |   max  |  Latency |  achieved |   target  |  Count | Pipelined|
        +----------+--------+--------+----------+-----------+-----------+--------+----------+
        |- Loop 1  |  786435|  786435|         7|          3|          1|  262144|    yes   |
        |- Loop 2  |     513|     513|         1|          -|          -|     513|    no    |
        +----------+--------+--------+----------+-----------+-----------+--------+----------+

============================================================
+ Verbose Summary: Synthesis Manager
============================================================
InlineROM: 1
ExposeGlobal: 0
============================================================
+ Verbose Summary: CDFG Model
============================================================
IsTopModel: 0
ResetActiveHigh: 1
IsCombinational: 2
IsDatapathOnly: 0
HasWiredReturn: 1
HasMFsm: 0
HasVarLatency: 1
IsPipeline: 0
IsRtlPipelined: 0
IsInstanceOverlapped: 0
IsDontTouch: 0
HasImplIP: 0
IsGatedGlobalClock: 0

+ Individual pipeline summary: 
  * Pipeline-0: initiation interval (II) = 3, depth = 7


============================================================
+ Verbose Summary: Schedule
============================================================
* Number of FSM states : 10
* Pipeline : 1
  Pipeline-0 : II = 3, D = 7, States = { 2 3 4 5 6 7 8 }
* Dataflow Pipeline: 0

* FSM state transitions: 
1 --> 
	2  / true
2 --> 
	9  / (exitcond1)
	3  / (!exitcond1)
3 --> 
	4  / true
4 --> 
	5  / true
5 --> 
	6  / true
6 --> 
	7  / true
7 --> 
	8  / true
8 --> 
	2  / true
9 --> 
	10  / true
10 --> 
	10  / (!exitcond)

* FSM state operations: 

 <State 1> : 1.77ns
ST_1 : Operation 11 [1/1] (0.00ns)   --->   "call void (...)* @_ssdm_op_SpecInterface(i8* %dst_V_V, [8 x i8]* @ap_fifo_str, i32 0, i32 0, [1 x i8]* @p_str154, i32 0, i32 0, [1 x i8]* @p_str155, [1 x i8]* @p_str156, [1 x i8]* @p_str157, i32 2, i32 2, i32 16, i32 16, [1 x i8]* @p_str158, [1 x i8]* @p_str159)"
ST_1 : Operation 12 [1/1] (0.00ns)   --->   "call void (...)* @_ssdm_op_SpecInterface(i8* %src_V_V, [8 x i8]* @ap_fifo_str, i32 0, i32 0, [1 x i8]* @p_str140, i32 0, i32 0, [1 x i8]* @p_str141, [1 x i8]* @p_str142, [1 x i8]* @p_str143, i32 2, i32 2, i32 16, i32 16, [1 x i8]* @p_str144, [1 x i8]* @p_str145)"
ST_1 : Operation 13 [1/1] (0.00ns)   --->   "%lineBuff_val_0_V = alloca [512 x i8], align 1" [sobel_1212/core.cpp:375]   --->   Core 37 'RAM' <Latency = 1> <II = 1> <Delay = 3.25> <Storage> <Opcode : 'load' 'store'> <Ports = 2> <Width = 8> <Depth = 512> <RAM>
ST_1 : Operation 14 [1/1] (0.00ns)   --->   "%lineBuff_val_1_V = alloca [512 x i8], align 1" [sobel_1212/core.cpp:375]   --->   Core 37 'RAM' <Latency = 1> <II = 1> <Delay = 3.25> <Storage> <Opcode : 'load' 'store'> <Ports = 2> <Width = 8> <Depth = 512> <RAM>
ST_1 : Operation 15 [1/1] (0.00ns)   --->   "%lineBuff_val_2_V = alloca [512 x i8], align 1" [sobel_1212/core.cpp:375]   --->   Core 37 'RAM' <Latency = 1> <II = 1> <Delay = 3.25> <Storage> <Opcode : 'load' 'store'> <Ports = 2> <Width = 8> <Depth = 512> <RAM>
ST_1 : Operation 16 [1/1] (0.00ns)   --->   "%rbegin_i = call i32 (...)* @_ssdm_op_SpecRegionBegin([60 x i8]* @hls_KD_KD_LineBuffe) nounwind"
ST_1 : Operation 17 [1/1] (0.00ns)   --->   "%rend_i = call i32 (...)* @_ssdm_op_SpecRegionEnd([60 x i8]* @hls_KD_KD_LineBuffe, i32 %rbegin_i) nounwind"
ST_1 : Operation 18 [1/1] (1.76ns)   --->   "br label %1" [sobel_1212/core.cpp:391]

 <State 2> : 3.92ns
ST_2 : Operation 19 [1/1] (0.00ns)   --->   "%col_assign = phi i32 [ 0, %0 ], [ %idxCol_1, %._crit_edge245 ]"
ST_2 : Operation 20 [1/1] (0.00ns)   --->   "%idxRow = phi i32 [ 0, %0 ], [ %idxRow_1, %._crit_edge245 ]"
ST_2 : Operation 21 [1/1] (0.00ns)   --->   "%pixConvolved = phi i32 [ 0, %0 ], [ %pixConvolved_2, %._crit_edge245 ]" [sobel_1212/core.cpp:438]
ST_2 : Operation 22 [1/1] (0.00ns)   --->   "%countWait = phi i19 [ 1, %0 ], [ %phitmp, %._crit_edge245 ]" [sobel_1212/core.cpp:391]
ST_2 : Operation 23 [1/1] (2.43ns)   --->   "%exitcond1 = icmp eq i19 %countWait, -262143" [sobel_1212/core.cpp:391]   --->   Core 25 'Cmp' <Latency = 0> <II = 1> <Delay = 1.77> <FuncUnit> <Opcode : 'icmp'> <InPorts = 2> <OutPorts = 1>
ST_2 : Operation 24 [1/1] (0.00ns)   --->   "br i1 %exitcond1, label %.preheader.preheader, label %.preheader.preheader.i.i_ifconv" [sobel_1212/core.cpp:391]
ST_2 : Operation 25 [1/1] (0.00ns)   --->   "%tmp_2 = zext i32 %col_assign to i64" [/usr/local/packages/xilinx_2017.4/Vivado/2017.4/common/technology/autopilot/hls/hls_video_mem.h:729->/usr/local/packages/xilinx_2017.4/Vivado/2017.4/common/technology/autopilot/hls/hls_video_mem.h:863->sobel_1212/core.cpp:398]
ST_2 : Operation 26 [1/1] (0.00ns)   --->   "%lineBuff_val_1_V_ad = getelementptr [512 x i8]* %lineBuff_val_1_V, i64 0, i64 %tmp_2" [/usr/local/packages/xilinx_2017.4/Vivado/2017.4/common/technology/autopilot/hls/hls_video_mem.h:729->/usr/local/packages/xilinx_2017.4/Vivado/2017.4/common/technology/autopilot/hls/hls_video_mem.h:863->sobel_1212/core.cpp:398]
ST_2 : Operation 27 [2/2] (3.25ns)   --->   "%lineBuff_val_1_V_lo = load i8* %lineBuff_val_1_V_ad, align 1" [/usr/local/packages/xilinx_2017.4/Vivado/2017.4/common/technology/autopilot/hls/hls_video_mem.h:729->/usr/local/packages/xilinx_2017.4/Vivado/2017.4/common/technology/autopilot/hls/hls_video_mem.h:863->sobel_1212/core.cpp:398]   --->   Core 37 'RAM' <Latency = 1> <II = 1> <Delay = 3.25> <Storage> <Opcode : 'load' 'store'> <Ports = 2> <Width = 8> <Depth = 512> <RAM>
ST_2 : Operation 28 [1/1] (0.00ns)   --->   "%lineBuff_val_2_V_ad = getelementptr [512 x i8]* %lineBuff_val_2_V, i64 0, i64 %tmp_2" [/usr/local/packages/xilinx_2017.4/Vivado/2017.4/common/technology/autopilot/hls/hls_video_mem.h:729->/usr/local/packages/xilinx_2017.4/Vivado/2017.4/common/technology/autopilot/hls/hls_video_mem.h:863->sobel_1212/core.cpp:398]
ST_2 : Operation 29 [2/2] (3.25ns)   --->   "%lineBuff_val_2_V_lo = load i8* %lineBuff_val_2_V_ad, align 1" [/usr/local/packages/xilinx_2017.4/Vivado/2017.4/common/technology/autopilot/hls/hls_video_mem.h:729->/usr/local/packages/xilinx_2017.4/Vivado/2017.4/common/technology/autopilot/hls/hls_video_mem.h:863->sobel_1212/core.cpp:398]   --->   Core 37 'RAM' <Latency = 1> <II = 1> <Delay = 3.25> <Storage> <Opcode : 'load' 'store'> <Ports = 2> <Width = 8> <Depth = 512> <RAM>
ST_2 : Operation 30 [1/1] (0.00ns)   --->   "%tmp_3 = call i31 @_ssdm_op_PartSelect.i31.i32.i32.i32(i32 %idxRow, i32 1, i32 31)" [sobel_1212/core.cpp:417]
ST_2 : Operation 31 [1/1] (2.47ns)   --->   "%icmp = icmp sgt i31 %tmp_3, 0" [sobel_1212/core.cpp:417]   --->   Core 25 'Cmp' <Latency = 0> <II = 1> <Delay = 1.77> <FuncUnit> <Opcode : 'icmp'> <InPorts = 2> <OutPorts = 1>
ST_2 : Operation 32 [1/1] (0.00ns)   --->   "%tmp_4 = call i31 @_ssdm_op_PartSelect.i31.i32.i32.i32(i32 %col_assign, i32 1, i32 31)" [sobel_1212/core.cpp:417]
ST_2 : Operation 33 [1/1] (2.47ns)   --->   "%icmp1 = icmp sgt i31 %tmp_4, 0" [sobel_1212/core.cpp:417]   --->   Core 25 'Cmp' <Latency = 0> <II = 1> <Delay = 1.77> <FuncUnit> <Opcode : 'icmp'> <InPorts = 2> <OutPorts = 1>
ST_2 : Operation 34 [1/1] (0.93ns)   --->   "%or_cond = and i1 %icmp, %icmp1" [sobel_1212/core.cpp:417]   --->   Core 27 'LogicGate' <Latency = 0> <II = 1> <Delay = 0.93> <FuncUnit> <Opcode : 'and' 'or' 'xor'> <InPorts = 2> <OutPorts = 1>
ST_2 : Operation 35 [1/1] (2.47ns)   --->   "%tmp_s = icmp slt i32 %col_assign, 511" [sobel_1212/core.cpp:438]   --->   Core 25 'Cmp' <Latency = 0> <II = 1> <Delay = 1.77> <FuncUnit> <Opcode : 'icmp'> <InPorts = 2> <OutPorts = 1>
ST_2 : Operation 36 [1/1] (2.55ns)   --->   "%idxCol = add nsw i32 1, %col_assign" [sobel_1212/core.cpp:440]   --->   Core 14 'AddSub' <Latency = 0> <II = 1> <Delay = 1.95> <FuncUnit> <Opcode : 'add' 'sub'> <InPorts = 2> <OutPorts = 1>
ST_2 : Operation 37 [1/1] (2.55ns)   --->   "%idxRow_2 = add nsw i32 1, %idxRow" [sobel_1212/core.cpp:446]   --->   Core 14 'AddSub' <Latency = 0> <II = 1> <Delay = 1.95> <FuncUnit> <Opcode : 'add' 'sub'> <InPorts = 2> <OutPorts = 1>
ST_2 : Operation 38 [1/1] (1.37ns)   --->   "%idxRow_1 = select i1 %tmp_s, i32 %idxRow, i32 %idxRow_2" [sobel_1212/core.cpp:438]   --->   Core 26 'Sel' <Latency = 0> <II = 1> <Delay = 1.37> <FuncUnit> <Opcode : 'select'> <InPorts = 3> <OutPorts = 1>
ST_2 : Operation 39 [1/1] (2.43ns)   --->   "%tmp_10 = icmp ugt i19 %countWait, 513" [sobel_1212/core.cpp:451]   --->   Core 25 'Cmp' <Latency = 0> <II = 1> <Delay = 1.77> <FuncUnit> <Opcode : 'icmp'> <InPorts = 2> <OutPorts = 1>
ST_2 : Operation 40 [1/1] (0.00ns)   --->   "br i1 %tmp_10, label %2, label %._crit_edge245" [sobel_1212/core.cpp:451]

 <State 3> : 6.89ns
ST_3 : Operation 41 [1/1] (3.63ns)   --->   "%tmp_V_1 = call i8 @_ssdm_op_Read.ap_fifo.volatile.i8P(i8* %src_V_V)" [sobel_1212/core.cpp:395]   --->   Core 36 'FIFO_SRL' <Latency = 0> <II = 1> <Delay = 3.63> <Storage> <Opcode : 'read' 'write' 'nbread' 'nbwrite'> <Ports = 0> <Width = 8> <Depth = 0> <FIFO>
ST_3 : Operation 42 [1/2] (3.25ns)   --->   "%lineBuff_val_1_V_lo = load i8* %lineBuff_val_1_V_ad, align 1" [/usr/local/packages/xilinx_2017.4/Vivado/2017.4/common/technology/autopilot/hls/hls_video_mem.h:729->/usr/local/packages/xilinx_2017.4/Vivado/2017.4/common/technology/autopilot/hls/hls_video_mem.h:863->sobel_1212/core.cpp:398]   --->   Core 37 'RAM' <Latency = 1> <II = 1> <Delay = 3.25> <Storage> <Opcode : 'load' 'store'> <Ports = 2> <Width = 8> <Depth = 512> <RAM>
ST_3 : Operation 43 [1/1] (0.00ns)   --->   "%lineBuff_val_0_V_ad = getelementptr [512 x i8]* %lineBuff_val_0_V, i64 0, i64 %tmp_2" [/usr/local/packages/xilinx_2017.4/Vivado/2017.4/common/technology/autopilot/hls/hls_video_mem.h:729->/usr/local/packages/xilinx_2017.4/Vivado/2017.4/common/technology/autopilot/hls/hls_video_mem.h:863->sobel_1212/core.cpp:398]
ST_3 : Operation 44 [1/1] (3.25ns)   --->   "store i8 %lineBuff_val_1_V_lo, i8* %lineBuff_val_0_V_ad, align 1" [/usr/local/packages/xilinx_2017.4/Vivado/2017.4/common/technology/autopilot/hls/hls_video_mem.h:729->/usr/local/packages/xilinx_2017.4/Vivado/2017.4/common/technology/autopilot/hls/hls_video_mem.h:863->sobel_1212/core.cpp:398]   --->   Core 37 'RAM' <Latency = 1> <II = 1> <Delay = 3.25> <Storage> <Opcode : 'load' 'store'> <Ports = 2> <Width = 8> <Depth = 512> <RAM>
ST_3 : Operation 45 [1/2] (3.25ns)   --->   "%lineBuff_val_2_V_lo = load i8* %lineBuff_val_2_V_ad, align 1" [/usr/local/packages/xilinx_2017.4/Vivado/2017.4/common/technology/autopilot/hls/hls_video_mem.h:729->/usr/local/packages/xilinx_2017.4/Vivado/2017.4/common/technology/autopilot/hls/hls_video_mem.h:863->sobel_1212/core.cpp:398]   --->   Core 37 'RAM' <Latency = 1> <II = 1> <Delay = 3.25> <Storage> <Opcode : 'load' 'store'> <Ports = 2> <Width = 8> <Depth = 512> <RAM>
ST_3 : Operation 46 [1/1] (3.25ns)   --->   "store i8 %lineBuff_val_2_V_lo, i8* %lineBuff_val_1_V_ad, align 1" [/usr/local/packages/xilinx_2017.4/Vivado/2017.4/common/technology/autopilot/hls/hls_video_mem.h:729->/usr/local/packages/xilinx_2017.4/Vivado/2017.4/common/technology/autopilot/hls/hls_video_mem.h:863->sobel_1212/core.cpp:398]   --->   Core 37 'RAM' <Latency = 1> <II = 1> <Delay = 3.25> <Storage> <Opcode : 'load' 'store'> <Ports = 2> <Width = 8> <Depth = 512> <RAM>
ST_3 : Operation 47 [1/1] (3.25ns)   --->   "store i8 %tmp_V_1, i8* %lineBuff_val_2_V_ad, align 1" [/usr/local/packages/xilinx_2017.4/Vivado/2017.4/common/technology/autopilot/hls/hls_video_mem.h:765->/usr/local/packages/xilinx_2017.4/Vivado/2017.4/common/technology/autopilot/hls/hls_video_mem.h:883->sobel_1212/core.cpp:399]   --->   Core 37 'RAM' <Latency = 1> <II = 1> <Delay = 3.25> <Storage> <Opcode : 'load' 'store'> <Ports = 2> <Width = 8> <Depth = 512> <RAM>

 <State 4> : 5.81ns
ST_4 : Operation 48 [1/1] (0.00ns)   --->   "%tmp_5 = zext i32 %pixConvolved to i64" [/usr/local/packages/xilinx_2017.4/Vivado/2017.4/common/technology/autopilot/hls/hls_video_mem.h:835->sobel_1212/core.cpp:407]
ST_4 : Operation 49 [1/1] (0.00ns)   --->   "%lineBuff_val_0_V_ad_1 = getelementptr [512 x i8]* %lineBuff_val_0_V, i64 0, i64 %tmp_5" [/usr/local/packages/xilinx_2017.4/Vivado/2017.4/common/technology/autopilot/hls/hls_video_mem.h:835->sobel_1212/core.cpp:407]
ST_4 : Operation 50 [2/2] (3.25ns)   --->   "%lineBuff_val_0_V_lo = load i8* %lineBuff_val_0_V_ad_1, align 1" [sobel_1212/core.cpp:407]   --->   Core 37 'RAM' <Latency = 1> <II = 1> <Delay = 3.25> <Storage> <Opcode : 'load' 'store'> <Ports = 2> <Width = 8> <Depth = 512> <RAM>
ST_4 : Operation 51 [1/1] (2.55ns)   --->   "%pixConvolved_3 = add nsw i32 1, %pixConvolved" [sobel_1212/core.cpp:407]   --->   Core 14 'AddSub' <Latency = 0> <II = 1> <Delay = 1.95> <FuncUnit> <Opcode : 'add' 'sub'> <InPorts = 2> <OutPorts = 1>
ST_4 : Operation 52 [1/1] (0.00ns)   --->   "%tmp_13_0_1 = zext i32 %pixConvolved_3 to i64" [/usr/local/packages/xilinx_2017.4/Vivado/2017.4/common/technology/autopilot/hls/hls_video_mem.h:835->sobel_1212/core.cpp:407]
ST_4 : Operation 53 [1/1] (0.00ns)   --->   "%lineBuff_val_0_V_ad_2 = getelementptr [512 x i8]* %lineBuff_val_0_V, i64 0, i64 %tmp_13_0_1" [/usr/local/packages/xilinx_2017.4/Vivado/2017.4/common/technology/autopilot/hls/hls_video_mem.h:835->sobel_1212/core.cpp:407]
ST_4 : Operation 54 [2/2] (3.25ns)   --->   "%lineBuff_val_0_V_lo_1 = load i8* %lineBuff_val_0_V_ad_2, align 1" [sobel_1212/core.cpp:407]   --->   Core 37 'RAM' <Latency = 1> <II = 1> <Delay = 3.25> <Storage> <Opcode : 'load' 'store'> <Ports = 2> <Width = 8> <Depth = 512> <RAM>
ST_4 : Operation 55 [1/1] (2.55ns)   --->   "%col_assign_1_0_2 = add nsw i32 2, %pixConvolved" [sobel_1212/core.cpp:407]   --->   Core 14 'AddSub' <Latency = 0> <II = 1> <Delay = 1.95> <FuncUnit> <Opcode : 'add' 'sub'> <InPorts = 2> <OutPorts = 1>
ST_4 : Operation 56 [1/1] (0.00ns)   --->   "%lineBuff_val_2_V_ad_1 = getelementptr [512 x i8]* %lineBuff_val_2_V, i64 0, i64 %tmp_5" [/usr/local/packages/xilinx_2017.4/Vivado/2017.4/common/technology/autopilot/hls/hls_video_mem.h:835->sobel_1212/core.cpp:407]
ST_4 : Operation 57 [2/2] (3.25ns)   --->   "%lineBuff_val_2_V_lo_1 = load i8* %lineBuff_val_2_V_ad_1, align 1" [sobel_1212/core.cpp:407]   --->   Core 37 'RAM' <Latency = 1> <II = 1> <Delay = 3.25> <Storage> <Opcode : 'load' 'store'> <Ports = 2> <Width = 8> <Depth = 512> <RAM>
ST_4 : Operation 58 [1/1] (0.00ns)   --->   "%lineBuff_val_2_V_ad_2 = getelementptr [512 x i8]* %lineBuff_val_2_V, i64 0, i64 %tmp_13_0_1" [/usr/local/packages/xilinx_2017.4/Vivado/2017.4/common/technology/autopilot/hls/hls_video_mem.h:835->sobel_1212/core.cpp:407]
ST_4 : Operation 59 [2/2] (3.25ns)   --->   "%lineBuff_val_2_V_lo_2 = load i8* %lineBuff_val_2_V_ad_2, align 1" [sobel_1212/core.cpp:407]   --->   Core 37 'RAM' <Latency = 1> <II = 1> <Delay = 3.25> <Storage> <Opcode : 'load' 'store'> <Ports = 2> <Width = 8> <Depth = 512> <RAM>
ST_4 : Operation 60 [1/1] (0.00ns) (grouped into LUT with out node pixConvolved_2)   --->   "%pixConvolved_1 = select i1 %or_cond, i32 %pixConvolved_3, i32 %pixConvolved" [sobel_1212/core.cpp:417]   --->   Core 26 'Sel' <Latency = 0> <II = 1> <Delay = 1.37> <FuncUnit> <Opcode : 'select'> <InPorts = 3> <OutPorts = 1>
ST_4 : Operation 61 [1/1] (1.37ns)   --->   "%idxCol_1 = select i1 %tmp_s, i32 %idxCol, i32 0" [sobel_1212/core.cpp:438]   --->   Core 26 'Sel' <Latency = 0> <II = 1> <Delay = 1.37> <FuncUnit> <Opcode : 'select'> <InPorts = 3> <OutPorts = 1>
ST_4 : Operation 62 [1/1] (1.37ns) (out node of the LUT)   --->   "%pixConvolved_2 = select i1 %tmp_s, i32 %pixConvolved_1, i32 0" [sobel_1212/core.cpp:438]   --->   Core 26 'Sel' <Latency = 0> <II = 1> <Delay = 1.37> <FuncUnit> <Opcode : 'select'> <InPorts = 3> <OutPorts = 1>
ST_4 : Operation 63 [1/1] (2.16ns)   --->   "%phitmp = add i19 %countWait, 1" [sobel_1212/core.cpp:391]   --->   Core 14 'AddSub' <Latency = 0> <II = 1> <Delay = 1.95> <FuncUnit> <Opcode : 'add' 'sub'> <InPorts = 2> <OutPorts = 1>

 <State 5> : 3.25ns
ST_5 : Operation 64 [1/2] (3.25ns)   --->   "%lineBuff_val_0_V_lo = load i8* %lineBuff_val_0_V_ad_1, align 1" [sobel_1212/core.cpp:407]   --->   Core 37 'RAM' <Latency = 1> <II = 1> <Delay = 3.25> <Storage> <Opcode : 'load' 'store'> <Ports = 2> <Width = 8> <Depth = 512> <RAM>
ST_5 : Operation 65 [1/2] (3.25ns)   --->   "%lineBuff_val_0_V_lo_1 = load i8* %lineBuff_val_0_V_ad_2, align 1" [sobel_1212/core.cpp:407]   --->   Core 37 'RAM' <Latency = 1> <II = 1> <Delay = 3.25> <Storage> <Opcode : 'load' 'store'> <Ports = 2> <Width = 8> <Depth = 512> <RAM>
ST_5 : Operation 66 [1/1] (0.00ns)   --->   "%tmp_13_0_2 = zext i32 %col_assign_1_0_2 to i64" [/usr/local/packages/xilinx_2017.4/Vivado/2017.4/common/technology/autopilot/hls/hls_video_mem.h:835->sobel_1212/core.cpp:407]
ST_5 : Operation 67 [1/1] (0.00ns)   --->   "%lineBuff_val_0_V_ad_3 = getelementptr [512 x i8]* %lineBuff_val_0_V, i64 0, i64 %tmp_13_0_2" [/usr/local/packages/xilinx_2017.4/Vivado/2017.4/common/technology/autopilot/hls/hls_video_mem.h:835->sobel_1212/core.cpp:407]
ST_5 : Operation 68 [2/2] (3.25ns)   --->   "%lineBuff_val_0_V_lo_2 = load i8* %lineBuff_val_0_V_ad_3, align 1" [sobel_1212/core.cpp:407]   --->   Core 37 'RAM' <Latency = 1> <II = 1> <Delay = 3.25> <Storage> <Opcode : 'load' 'store'> <Ports = 2> <Width = 8> <Depth = 512> <RAM>
ST_5 : Operation 69 [1/2] (3.25ns)   --->   "%lineBuff_val_2_V_lo_1 = load i8* %lineBuff_val_2_V_ad_1, align 1" [sobel_1212/core.cpp:407]   --->   Core 37 'RAM' <Latency = 1> <II = 1> <Delay = 3.25> <Storage> <Opcode : 'load' 'store'> <Ports = 2> <Width = 8> <Depth = 512> <RAM>
ST_5 : Operation 70 [1/2] (3.25ns)   --->   "%lineBuff_val_2_V_lo_2 = load i8* %lineBuff_val_2_V_ad_2, align 1" [sobel_1212/core.cpp:407]   --->   Core 37 'RAM' <Latency = 1> <II = 1> <Delay = 3.25> <Storage> <Opcode : 'load' 'store'> <Ports = 2> <Width = 8> <Depth = 512> <RAM>
ST_5 : Operation 71 [1/1] (0.00ns)   --->   "%lineBuff_val_2_V_ad_3 = getelementptr [512 x i8]* %lineBuff_val_2_V, i64 0, i64 %tmp_13_0_2" [/usr/local/packages/xilinx_2017.4/Vivado/2017.4/common/technology/autopilot/hls/hls_video_mem.h:835->sobel_1212/core.cpp:407]
ST_5 : Operation 72 [2/2] (3.25ns)   --->   "%lineBuff_val_2_V_lo_3 = load i8* %lineBuff_val_2_V_ad_3, align 1" [sobel_1212/core.cpp:407]   --->   Core 37 'RAM' <Latency = 1> <II = 1> <Delay = 3.25> <Storage> <Opcode : 'load' 'store'> <Ports = 2> <Width = 8> <Depth = 512> <RAM>

 <State 6> : 7.10ns
ST_6 : Operation 73 [1/1] (0.00ns)   --->   "%val_V_0_cast_cast = zext i8 %lineBuff_val_0_V_lo to i9" [sobel_1212/core.cpp:407]
ST_6 : Operation 74 [1/1] (0.00ns)   --->   "%val_V_1_0_1 = call i9 @_ssdm_op_BitConcatenate.i9.i8.i1(i8 %lineBuff_val_0_V_lo_1, i1 false)" [sobel_1212/core.cpp:410]
ST_6 : Operation 75 [1/1] (0.00ns)   --->   "%val_V_1_0_1_cast = zext i9 %val_V_1_0_1 to i10" [sobel_1212/core.cpp:410]
ST_6 : Operation 76 [1/2] (3.25ns)   --->   "%lineBuff_val_0_V_lo_2 = load i8* %lineBuff_val_0_V_ad_3, align 1" [sobel_1212/core.cpp:407]   --->   Core 37 'RAM' <Latency = 1> <II = 1> <Delay = 3.25> <Storage> <Opcode : 'load' 'store'> <Ports = 2> <Width = 8> <Depth = 512> <RAM>
ST_6 : Operation 77 [1/1] (0.00ns)   --->   "%val_V_0_2_cast_cast = zext i8 %lineBuff_val_0_V_lo_2 to i9" [sobel_1212/core.cpp:407]
ST_6 : Operation 78 [1/2] (3.25ns)   --->   "%lineBuff_val_2_V_lo_3 = load i8* %lineBuff_val_2_V_ad_3, align 1" [sobel_1212/core.cpp:407]   --->   Core 37 'RAM' <Latency = 1> <II = 1> <Delay = 3.25> <Storage> <Opcode : 'load' 'store'> <Ports = 2> <Width = 8> <Depth = 512> <RAM>
ST_6 : Operation 79 [1/1] (0.00ns) (grouped into LUT with out node tmp2)   --->   "%tmp_9 = shl i8 %lineBuff_val_0_V_lo_1, 1" [sobel_1212/core.cpp:407]
ST_6 : Operation 80 [1/1] (1.91ns)   --->   "%tmp1 = add i9 %val_V_0_cast_cast, %val_V_0_2_cast_cast" [sobel_1212/core.cpp:426]   --->   Core 14 'AddSub' <Latency = 0> <II = 1> <Delay = 1.95> <FuncUnit> <Opcode : 'add' 'sub'> <InPorts = 2> <OutPorts = 1>
ST_6 : Operation 81 [1/1] (0.00ns)   --->   "%tmp1_cast = zext i9 %tmp1 to i10" [sobel_1212/core.cpp:426]
ST_6 : Operation 82 [1/1] (1.93ns)   --->   "%accumulator_V_0_2 = add i10 %tmp1_cast, %val_V_1_0_1_cast" [sobel_1212/core.cpp:426]   --->   Core 14 'AddSub' <Latency = 0> <II = 1> <Delay = 1.95> <FuncUnit> <Opcode : 'add' 'sub'> <InPorts = 2> <OutPorts = 1>
ST_6 : Operation 83 [1/1] (1.91ns) (out node of the LUT)   --->   "%tmp2 = add i8 %lineBuff_val_0_V_lo_2, %tmp_9" [sobel_1212/core.cpp:407]   --->   Core 14 'AddSub' <Latency = 0> <II = 1> <Delay = 1.95> <FuncUnit> <Opcode : 'add' 'sub'> <InPorts = 2> <OutPorts = 1>

 <State 7> : 7.34ns
ST_7 : Operation 84 [1/1] (0.00ns)   --->   "%val_V_2_cast = zext i8 %lineBuff_val_2_V_lo_1 to i11" [sobel_1212/core.cpp:407]
ST_7 : Operation 85 [1/1] (0.00ns)   --->   "%p_shl = call i9 @_ssdm_op_BitConcatenate.i9.i8.i1(i8 %lineBuff_val_2_V_lo_2, i1 false)" [sobel_1212/core.cpp:410]
ST_7 : Operation 86 [1/1] (0.00ns)   --->   "%p_shl_cast = zext i9 %p_shl to i11" [sobel_1212/core.cpp:410]
ST_7 : Operation 87 [1/1] (0.00ns)   --->   "%tmp_1 = shl i8 %lineBuff_val_2_V_lo_2, 1" [sobel_1212/core.cpp:410]
ST_7 : Operation 88 [1/1] (0.00ns)   --->   "%val_V_2_2_cast = zext i8 %lineBuff_val_2_V_lo_3 to i11" [sobel_1212/core.cpp:417]
ST_7 : Operation 89 [1/1] (0.00ns)   --->   "%accumulator_V_0_2_ca = zext i10 %accumulator_V_0_2 to i11" [sobel_1212/core.cpp:426]
ST_7 : Operation 90 [1/1] (0.00ns) (grouped into TernaryAdder)   --->   "%tmp_6 = add i8 %tmp2, %lineBuff_val_0_V_lo" [sobel_1212/core.cpp:407]   --->   Core 80 'TAddSub' <Latency = 0> <II = 1> <Delay = 1.83> <IPBlock> <Opcode : 'add' 'sub'> <InPorts = 3> <OutPorts = 1> <Sync> <CReg>
ST_7 : Operation 91 [1/1] (1.95ns)   --->   "%accumulator_V_2 = sub i11 %accumulator_V_0_2_ca, %val_V_2_cast" [sobel_1212/core.cpp:426]   --->   Core 14 'AddSub' <Latency = 0> <II = 1> <Delay = 1.95> <FuncUnit> <Opcode : 'add' 'sub'> <InPorts = 2> <OutPorts = 1>
ST_7 : Operation 92 [1/1] (3.66ns) (root node of TernaryAdder)   --->   "%tmp_7 = sub i8 %tmp_6, %lineBuff_val_2_V_lo_1" [sobel_1212/core.cpp:407]   --->   Core 80 'TAddSub' <Latency = 0> <II = 1> <Delay = 1.83> <IPBlock> <Opcode : 'add' 'sub'> <InPorts = 3> <OutPorts = 1> <Sync> <CReg>
ST_7 : Operation 93 [1/1] (0.00ns) (grouped into TernaryAdder)   --->   "%accumulator_V_2_1 = sub i11 %accumulator_V_2, %p_shl_cast" [sobel_1212/core.cpp:426]   --->   Core 80 'TAddSub' <Latency = 0> <II = 1> <Delay = 1.83> <IPBlock> <Opcode : 'add' 'sub'> <InPorts = 3> <OutPorts = 1> <Sync> <CReg>
ST_7 : Operation 94 [1/1] (0.00ns) (grouped into TernaryAdder)   --->   "%tmp_8 = sub i8 %tmp_7, %tmp_1" [sobel_1212/core.cpp:407]   --->   Core 80 'TAddSub' <Latency = 0> <II = 1> <Delay = 1.83> <IPBlock> <Opcode : 'add' 'sub'> <InPorts = 3> <OutPorts = 1> <Sync> <CReg>
ST_7 : Operation 95 [1/1] (3.75ns) (root node of TernaryAdder)   --->   "%accumulator_V_2_2 = sub i11 %accumulator_V_2_1, %val_V_2_2_cast" [sobel_1212/core.cpp:426]   --->   Core 80 'TAddSub' <Latency = 0> <II = 1> <Delay = 1.83> <IPBlock> <Opcode : 'add' 'sub'> <InPorts = 3> <OutPorts = 1> <Sync> <CReg>
ST_7 : Operation 96 [1/1] (3.66ns) (root node of TernaryAdder)   --->   "%out_V = sub i8 %tmp_8, %lineBuff_val_2_V_lo_3" [sobel_1212/core.cpp:430]   --->   Core 80 'TAddSub' <Latency = 0> <II = 1> <Delay = 1.83> <IPBlock> <Opcode : 'add' 'sub'> <InPorts = 3> <OutPorts = 1> <Sync> <CReg>

 <State 8> : 6.92ns
ST_8 : Operation 97 [1/1] (0.00ns)   --->   "%empty = call i32 (...)* @_ssdm_op_SpecLoopTripCount(i64 262144, i64 262144, i64 262144)"
ST_8 : Operation 98 [1/1] (0.00ns)   --->   "%tmp = call i32 (...)* @_ssdm_op_SpecRegionBegin([12 x i8]* @p_str12)" [sobel_1212/core.cpp:392]
ST_8 : Operation 99 [1/1] (0.00ns)   --->   "call void (...)* @_ssdm_op_SpecPipeline(i32 -1, i32 1, i32 1, i32 0, [1 x i8]* @p_str2) nounwind" [sobel_1212/core.cpp:393]
ST_8 : Operation 100 [1/1] (0.00ns) (grouped into LUT with out node tmp_V)   --->   "%tmp_12 = call i1 @_ssdm_op_BitSelect.i1.i11.i32(i11 %accumulator_V_2_2, i32 10)" [sobel_1212/core.cpp:431]
ST_8 : Operation 101 [1/1] (1.91ns)   --->   "%out_V_1 = sub i8 0, %out_V" [sobel_1212/core.cpp:432]   --->   Core 14 'AddSub' <Latency = 0> <II = 1> <Delay = 1.95> <FuncUnit> <Opcode : 'add' 'sub'> <InPorts = 2> <OutPorts = 1>
ST_8 : Operation 102 [1/1] (0.00ns) (grouped into LUT with out node tmp_V)   --->   "%out_V_2 = select i1 %tmp_12, i8 %out_V_1, i8 %out_V" [sobel_1212/core.cpp:431]   --->   Core 26 'Sel' <Latency = 0> <II = 1> <Delay = 1.37> <FuncUnit> <Opcode : 'select'> <InPorts = 3> <OutPorts = 1>
ST_8 : Operation 103 [1/1] (1.37ns) (out node of the LUT)   --->   "%tmp_V = select i1 %or_cond, i8 %out_V_2, i8 0" [sobel_1212/core.cpp:453]   --->   Core 26 'Sel' <Latency = 0> <II = 1> <Delay = 1.37> <FuncUnit> <Opcode : 'select'> <InPorts = 3> <OutPorts = 1>
ST_8 : Operation 104 [1/1] (3.63ns)   --->   "call void @_ssdm_op_Write.ap_fifo.volatile.i8P(i8* %dst_V_V, i8 %tmp_V)" [sobel_1212/core.cpp:453]   --->   Core 36 'FIFO_SRL' <Latency = 0> <II = 1> <Delay = 3.63> <Storage> <Opcode : 'read' 'write' 'nbread' 'nbwrite'> <Ports = 0> <Width = 8> <Depth = 0> <FIFO>
ST_8 : Operation 105 [1/1] (0.00ns)   --->   "br label %._crit_edge245" [sobel_1212/core.cpp:455]
ST_8 : Operation 106 [1/1] (0.00ns)   --->   "%empty_15 = call i32 (...)* @_ssdm_op_SpecRegionEnd([12 x i8]* @p_str12, i32 %tmp)" [sobel_1212/core.cpp:456]
ST_8 : Operation 107 [1/1] (0.00ns)   --->   "br label %1" [sobel_1212/core.cpp:391]

 <State 9> : 1.77ns
ST_9 : Operation 108 [1/1] (1.76ns)   --->   "br label %.preheader" [sobel_1212/core.cpp:459]

 <State 10> : 3.63ns
ST_10 : Operation 109 [1/1] (0.00ns)   --->   "%countWait_1 = phi i10 [ %countWait_2, %3 ], [ 0, %.preheader.preheader ]"
ST_10 : Operation 110 [1/1] (1.77ns)   --->   "%exitcond = icmp eq i10 %countWait_1, -511" [sobel_1212/core.cpp:459]   --->   Core 25 'Cmp' <Latency = 0> <II = 1> <Delay = 1.77> <FuncUnit> <Opcode : 'icmp'> <InPorts = 2> <OutPorts = 1>
ST_10 : Operation 111 [1/1] (0.00ns)   --->   "%empty_16 = call i32 (...)* @_ssdm_op_SpecLoopTripCount(i64 513, i64 513, i64 513)"
ST_10 : Operation 112 [1/1] (1.95ns)   --->   "%countWait_2 = add i10 %countWait_1, 1" [sobel_1212/core.cpp:459]   --->   Core 14 'AddSub' <Latency = 0> <II = 1> <Delay = 1.95> <FuncUnit> <Opcode : 'add' 'sub'> <InPorts = 2> <OutPorts = 1>
ST_10 : Operation 113 [1/1] (0.00ns)   --->   "br i1 %exitcond, label %4, label %3" [sobel_1212/core.cpp:459]
ST_10 : Operation 114 [1/1] (3.63ns)   --->   "call void @_ssdm_op_Write.ap_fifo.volatile.i8P(i8* %dst_V_V, i8 0)" [sobel_1212/core.cpp:462]   --->   Core 36 'FIFO_SRL' <Latency = 0> <II = 1> <Delay = 3.63> <Storage> <Opcode : 'read' 'write' 'nbread' 'nbwrite'> <Ports = 0> <Width = 8> <Depth = 0> <FIFO>
ST_10 : Operation 115 [1/1] (0.00ns)   --->   "br label %.preheader" [sobel_1212/core.cpp:459]
ST_10 : Operation 116 [1/1] (0.00ns)   --->   "ret void" [sobel_1212/core.cpp:464]


============================================================
+ Verbose Summary: Timing violations
============================================================
Target clock period: 10ns, clock uncertainty: 1.25ns.

 <State 1>: 1.77ns
The critical path consists of the following:
	multiplexor before 'phi' operation ('idxCol') with incoming values : ('idxCol', sobel_1212/core.cpp:438) [12]  (1.77 ns)

 <State 2>: 3.92ns
The critical path consists of the following:
	'phi' operation ('idxRow') with incoming values : ('idxRow', sobel_1212/core.cpp:438) [13]  (0 ns)
	'add' operation ('idxRow', sobel_1212/core.cpp:446) [83]  (2.55 ns)
	'select' operation ('idxRow', sobel_1212/core.cpp:438) [85]  (1.37 ns)

 <State 3>: 6.89ns
The critical path consists of the following:
	fifo read on port 'src_V_V' (sobel_1212/core.cpp:395) [22]  (3.63 ns)
	'store' operation (/usr/local/packages/xilinx_2017.4/Vivado/2017.4/common/technology/autopilot/hls/hls_video_mem.h:765->/usr/local/packages/xilinx_2017.4/Vivado/2017.4/common/technology/autopilot/hls/hls_video_mem.h:883->sobel_1212/core.cpp:399) of variable 'tmp.V', sobel_1212/core.cpp:395 on array 'lineBuff.val[2].V', sobel_1212/core.cpp:375 [31]  (3.25 ns)

 <State 4>: 5.81ns
The critical path consists of the following:
	'add' operation ('pixConvolved', sobel_1212/core.cpp:407) [36]  (2.55 ns)
	'getelementptr' operation ('lineBuff_val_0_V_ad_2', /usr/local/packages/xilinx_2017.4/Vivado/2017.4/common/technology/autopilot/hls/hls_video_mem.h:835->sobel_1212/core.cpp:407) [38]  (0 ns)
	'load' operation ('lineBuff_val_0_V_lo_1', sobel_1212/core.cpp:407) on array 'lineBuff.val[0].V', sobel_1212/core.cpp:375 [39]  (3.25 ns)

 <State 5>: 3.25ns
The critical path consists of the following:
	'load' operation ('lineBuff_val_0_V_lo', sobel_1212/core.cpp:407) on array 'lineBuff.val[0].V', sobel_1212/core.cpp:375 [34]  (3.25 ns)

 <State 6>: 7.1ns
The critical path consists of the following:
	'load' operation ('lineBuff_val_0_V_lo_2', sobel_1212/core.cpp:407) on array 'lineBuff.val[0].V', sobel_1212/core.cpp:375 [45]  (3.25 ns)
	'add' operation ('tmp1', sobel_1212/core.cpp:426) [64]  (1.92 ns)
	'add' operation ('accumulator_V_0_2', sobel_1212/core.cpp:426) [66]  (1.94 ns)

 <State 7>: 7.34ns
The critical path consists of the following:
	'add' operation ('tmp_6', sobel_1212/core.cpp:407) [69]  (0 ns)
	'sub' operation ('tmp_7', sobel_1212/core.cpp:407) [71]  (3.67 ns)
	'sub' operation ('tmp_8', sobel_1212/core.cpp:407) [73]  (0 ns)
	'sub' operation ('out.V', sobel_1212/core.cpp:430) [75]  (3.67 ns)

 <State 8>: 6.92ns
The critical path consists of the following:
	'sub' operation ('out.V', sobel_1212/core.cpp:432) [77]  (1.92 ns)
	'select' operation ('out.V', sobel_1212/core.cpp:431) [78]  (0 ns)
	'select' operation ('tmp.V', sobel_1212/core.cpp:453) [79]  (1.37 ns)
	fifo write on port 'dst_V_V' (sobel_1212/core.cpp:453) [90]  (3.63 ns)

 <State 9>: 1.77ns
The critical path consists of the following:
	multiplexor before 'phi' operation ('countWait') with incoming values : ('countWait', sobel_1212/core.cpp:459) [99]  (1.77 ns)

 <State 10>: 3.63ns
The critical path consists of the following:
	fifo write on port 'dst_V_V' (sobel_1212/core.cpp:462) [105]  (3.63 ns)


============================================================
+ Verbose Summary: Binding
============================================================
N/A
* FSMD analyzer results:
  - Output states:
 - Input state : 
  - Chain level:
	State 1
	State 2
	State 3
	State 4
	State 5
	State 6
	State 7
	State 8
	State 9
	State 10


============================================================
+ Verbose Summary: Datapath Resource usage 
============================================================
N/A
