

================================================================
== Vivado HLS Report for 'bgr2gray'
================================================================
* Date:           Fri Dec 13 11:11:31 2019

* Version:        2017.4 (Build 2086221 on Fri Dec 15 21:13:33 MST 2017)
* Project:        sobel_1212
* Solution:       solution1
* Product family: zynq
* Target device:  xc7z020clg484-1


================================================================
== Performance Estimates
================================================================
+ Timing (ns): 
    * Summary: 
    +--------+-------+----------+------------+
    |  Clock | Target| Estimated| Uncertainty|
    +--------+-------+----------+------------+
    |ap_clk  |  10.00|      8.23|        1.25|
    +--------+-------+----------+------------+

+ Latency (clock cycles): 
    * Summary: 
    +--------+--------+--------+--------+---------+
    |     Latency     |     Interval    | Pipeline|
    |   min  |   max  |   min  |   max  |   Type  |
    +--------+--------+--------+--------+---------+
    |  262171|  262171|  262171|  262171|   none  |
    +--------+--------+--------+--------+---------+

    + Detail: 
        * Instance: 
        N/A

        * Loop: 
        +----------+--------+--------+----------+-----------+-----------+--------+----------+
        |          |     Latency     | Iteration|  Initiation Interval  |  Trip  |          |
        | Loop Name|   min  |   max  |  Latency |  achieved |   target  |  Count | Pipelined|
        +----------+--------+--------+----------+-----------+-----------+--------+----------+
        |- Loop 1  |  262169|  262169|        27|          1|          1|  262144|    yes   |
        +----------+--------+--------+----------+-----------+-----------+--------+----------+



================================================================
== Utilization Estimates
================================================================
* Summary: 
+-----------------+---------+-------+--------+-------+
|       Name      | BRAM_18K| DSP48E|   FF   |  LUT  |
+-----------------+---------+-------+--------+-------+
|DSP              |        -|      -|       -|      -|
|Expression       |        -|      -|       0|    377|
|FIFO             |        -|      -|       -|      -|
|Instance         |        -|     39|    3205|   6244|
|Memory           |        -|      -|       -|      -|
|Multiplexer      |        -|      -|       -|     84|
|Register         |        0|      -|     755|     64|
+-----------------+---------+-------+--------+-------+
|Total            |        0|     39|    3960|   6769|
+-----------------+---------+-------+--------+-------+
|Available        |      280|    220|  106400|  53200|
+-----------------+---------+-------+--------+-------+
|Utilization (%)  |        0|     17|       3|     12|
+-----------------+---------+-------+--------+-------+

+ Detail: 
    * Instance: 
    +--------------------------+----------------------+---------+-------+-----+------+
    |         Instance         |        Module        | BRAM_18K| DSP48E|  FF |  LUT |
    +--------------------------+----------------------+---------+-------+-----+------+
    |image_filter_daddcud_U15  |image_filter_daddcud  |        0|      3|  445|  1149|
    |image_filter_daddcud_U16  |image_filter_daddcud  |        0|      3|  445|  1149|
    |image_filter_dmuldEe_U17  |image_filter_dmuldEe  |        0|     11|  317|   578|
    |image_filter_dmuldEe_U18  |image_filter_dmuldEe  |        0|     11|  317|   578|
    |image_filter_dmuldEe_U19  |image_filter_dmuldEe  |        0|     11|  317|   578|
    |image_filter_fptrbkb_U14  |image_filter_fptrbkb  |        0|      0|  128|   277|
    |image_filter_sitoeOg_U20  |image_filter_sitoeOg  |        0|      0|  412|   645|
    |image_filter_sitoeOg_U21  |image_filter_sitoeOg  |        0|      0|  412|   645|
    |image_filter_sitoeOg_U22  |image_filter_sitoeOg  |        0|      0|  412|   645|
    +--------------------------+----------------------+---------+-------+-----+------+
    |Total                     |                      |        0|     39| 3205|  6244|
    +--------------------------+----------------------+---------+-------+-----+------+

    * DSP48: 
    N/A

    * Memory: 
    N/A

    * FIFO: 
    N/A

    * Expression: 
    +------------------------------------+----------+-------+---+-----+------------+------------+
    |            Variable Name           | Operation| DSP48E| FF| LUT | Bitwidth P0| Bitwidth P1|
    +------------------------------------+----------+-------+---+-----+------------+------------+
    |i_3_fu_165_p2                       |     +    |      0|  0|   26|          19|           1|
    |sh_assign_fu_241_p2                 |     +    |      0|  0|   16|           8|           9|
    |tmp_27_i_i_i_fu_255_p2              |     -    |      0|  0|   15|           7|           8|
    |ap_block_state28_pp0_stage0_iter26  |    and   |      0|  0|    8|           1|           1|
    |ap_block_state3_pp0_stage0_iter1    |    and   |      0|  0|    8|           1|           1|
    |exitcond_fu_159_p2                  |   icmp   |      0|  0|   18|          19|          20|
    |tmp_29_i_i_i_fu_284_p2              |   lshr   |      0|  0|   73|          25|          25|
    |ap_block_pp0_stage0_01001           |    or    |      0|  0|    8|           1|           1|
    |ap_block_state1                     |    or    |      0|  0|    8|           1|           1|
    |p_Val2_s_fu_318_p3                  |  select  |      0|  0|    8|           1|           8|
    |sh_assign_2_fu_264_p3               |  select  |      0|  0|    9|           1|           9|
    |tmp_30_i_i_i_fu_290_p2              |    shl   |      0|  0|  164|          55|          55|
    |ap_enable_pp0                       |    xor   |      0|  0|    8|           1|           2|
    |ap_enable_reg_pp0_iter1             |    xor   |      0|  0|    8|           2|           1|
    +------------------------------------+----------+-------+---+-----+------------+------------+
    |Total                               |          |      0|  0|  377|         142|         142|
    +------------------------------------+----------+-------+---+-----+------------+------------+

    * Multiplexer: 
    +--------------------------+----+-----------+-----+-----------+
    |           Name           | LUT| Input Size| Bits| Total Bits|
    +--------------------------+----+-----------+-----+-----------+
    |ap_NS_fsm                 |  21|          4|    1|          4|
    |ap_done                   |   9|          2|    1|          2|
    |ap_enable_reg_pp0_iter1   |   9|          2|    1|          2|
    |ap_enable_reg_pp0_iter26  |   9|          2|    1|          2|
    |dst_V_V_blk_n             |   9|          2|    1|          2|
    |i_reg_113                 |   9|          2|   19|         38|
    |real_start                |   9|          2|    1|          2|
    |src_V_V_blk_n             |   9|          2|    1|          2|
    +--------------------------+----+-----------+-----+-----------+
    |Total                     |  84|         18|   26|         54|
    +--------------------------+----+-----------+-----+-----------+

    * Register: 
    +--------------------------+----+----+-----+-----------+
    |           Name           | FF | LUT| Bits| Const Bits|
    +--------------------------+----+----+-----+-----------+
    |ap_CS_fsm                 |   3|   0|    3|          0|
    |ap_done_reg               |   1|   0|    1|          0|
    |ap_enable_reg_pp0_iter0   |   1|   0|    1|          0|
    |ap_enable_reg_pp0_iter1   |   1|   0|    1|          0|
    |ap_enable_reg_pp0_iter10  |   1|   0|    1|          0|
    |ap_enable_reg_pp0_iter11  |   1|   0|    1|          0|
    |ap_enable_reg_pp0_iter12  |   1|   0|    1|          0|
    |ap_enable_reg_pp0_iter13  |   1|   0|    1|          0|
    |ap_enable_reg_pp0_iter14  |   1|   0|    1|          0|
    |ap_enable_reg_pp0_iter15  |   1|   0|    1|          0|
    |ap_enable_reg_pp0_iter16  |   1|   0|    1|          0|
    |ap_enable_reg_pp0_iter17  |   1|   0|    1|          0|
    |ap_enable_reg_pp0_iter18  |   1|   0|    1|          0|
    |ap_enable_reg_pp0_iter19  |   1|   0|    1|          0|
    |ap_enable_reg_pp0_iter2   |   1|   0|    1|          0|
    |ap_enable_reg_pp0_iter20  |   1|   0|    1|          0|
    |ap_enable_reg_pp0_iter21  |   1|   0|    1|          0|
    |ap_enable_reg_pp0_iter22  |   1|   0|    1|          0|
    |ap_enable_reg_pp0_iter23  |   1|   0|    1|          0|
    |ap_enable_reg_pp0_iter24  |   1|   0|    1|          0|
    |ap_enable_reg_pp0_iter25  |   1|   0|    1|          0|
    |ap_enable_reg_pp0_iter26  |   1|   0|    1|          0|
    |ap_enable_reg_pp0_iter3   |   1|   0|    1|          0|
    |ap_enable_reg_pp0_iter4   |   1|   0|    1|          0|
    |ap_enable_reg_pp0_iter5   |   1|   0|    1|          0|
    |ap_enable_reg_pp0_iter6   |   1|   0|    1|          0|
    |ap_enable_reg_pp0_iter7   |   1|   0|    1|          0|
    |ap_enable_reg_pp0_iter8   |   1|   0|    1|          0|
    |ap_enable_reg_pp0_iter9   |   1|   0|    1|          0|
    |blue_V_reg_335            |   8|   0|    8|          0|
    |exitcond_reg_326          |   1|   0|    1|          0|
    |green_V_reg_340           |   8|   0|    8|          0|
    |i_reg_113                 |  19|   0|   19|          0|
    |loc_V_1_reg_411           |  23|   0|   23|          0|
    |loc_V_reg_405             |   8|   0|    8|          0|
    |p_Val2_s_reg_416          |   8|   0|    8|          0|
    |red_V_reg_345             |   8|   0|    8|          0|
    |start_once_reg            |   1|   0|    1|          0|
    |tmp_24_reg_380            |  64|   0|   64|          0|
    |tmp_26_reg_365            |  64|   0|   64|          0|
    |tmp_27_reg_385            |  64|   0|   64|          0|
    |tmp_28_reg_390            |  64|   0|   64|          0|
    |tmp_30_reg_375            |  64|   0|   64|          0|
    |tmp_31_reg_395            |  64|   0|   64|          0|
    |tmp_32_reg_400            |  64|   0|   64|          0|
    |tmp_s_reg_360             |  64|   0|   64|          0|
    |exitcond_reg_326          |  64|  32|    1|          0|
    |red_V_reg_345             |  64|  32|    8|          0|
    +--------------------------+----+----+-----+-----------+
    |Total                     | 755|  64|  636|          0|
    +--------------------------+----+----+-----+-----------+



================================================================
== Interface
================================================================
* Summary: 
+-----------------+-----+-----+------------+--------------+--------------+
|    RTL Ports    | Dir | Bits|  Protocol  | Source Object|    C Type    |
+-----------------+-----+-----+------------+--------------+--------------+
|ap_clk           |  in |    1| ap_ctrl_hs |   bgr2gray   | return value |
|ap_rst           |  in |    1| ap_ctrl_hs |   bgr2gray   | return value |
|ap_start         |  in |    1| ap_ctrl_hs |   bgr2gray   | return value |
|start_full_n     |  in |    1| ap_ctrl_hs |   bgr2gray   | return value |
|ap_done          | out |    1| ap_ctrl_hs |   bgr2gray   | return value |
|ap_continue      |  in |    1| ap_ctrl_hs |   bgr2gray   | return value |
|ap_idle          | out |    1| ap_ctrl_hs |   bgr2gray   | return value |
|ap_ready         | out |    1| ap_ctrl_hs |   bgr2gray   | return value |
|start_out        | out |    1| ap_ctrl_hs |   bgr2gray   | return value |
|start_write      | out |    1| ap_ctrl_hs |   bgr2gray   | return value |
|src_V_V_dout     |  in |   32|   ap_fifo  |    src_V_V   |    pointer   |
|src_V_V_empty_n  |  in |    1|   ap_fifo  |    src_V_V   |    pointer   |
|src_V_V_read     | out |    1|   ap_fifo  |    src_V_V   |    pointer   |
|dst_V_V_din      | out |    8|   ap_fifo  |    dst_V_V   |    pointer   |
|dst_V_V_full_n   |  in |    1|   ap_fifo  |    dst_V_V   |    pointer   |
|dst_V_V_write    | out |    1|   ap_fifo  |    dst_V_V   |    pointer   |
+-----------------+-----+-----+------------+--------------+--------------+

