

================================================================
== Vivado HLS Report for 'Mem2Stream'
================================================================
* Date:           Fri Dec 13 11:11:30 2019

* Version:        2017.4 (Build 2086221 on Fri Dec 15 21:13:33 MST 2017)
* Project:        sobel_1212
* Solution:       solution1
* Product family: zynq
* Target device:  xc7z020clg484-1


================================================================
== Performance Estimates
================================================================
+ Timing (ns): 
    * Summary: 
    +--------+-------+----------+------------+
    |  Clock | Target| Estimated| Uncertainty|
    +--------+-------+----------+------------+
    |ap_clk  |  10.00|      8.75|        1.25|
    +--------+-------+----------+------------+

+ Latency (clock cycles): 
    * Summary: 
    +---------+---------+---------+---------+---------+
    |      Latency      |      Interval     | Pipeline|
    |   min   |   max   |   min   |   max   |   Type  |
    +---------+---------+---------+---------+---------+
    |  4194314|  4194314|  4194314|  4194314|   none  |
    +---------+---------+---------+---------+---------+

    + Detail: 
        * Instance: 
        N/A

        * Loop: 
        +----------+---------+---------+----------+-----------+-----------+---------+----------+
        |          |      Latency      | Iteration|  Initiation Interval  |   Trip  |          |
        | Loop Name|   min   |   max   |  Latency |  achieved |   target  |  Count  | Pipelined|
        +----------+---------+---------+----------+-----------+-----------+---------+----------+
        |- Loop 1  |  4194305|  4194305|         3|          1|          1|  4194304|    yes   |
        +----------+---------+---------+----------+-----------+-----------+---------+----------+



================================================================
== Utilization Estimates
================================================================
* Summary: 
+-----------------+---------+-------+--------+-------+
|       Name      | BRAM_18K| DSP48E|   FF   |  LUT  |
+-----------------+---------+-------+--------+-------+
|DSP              |        -|      -|       -|      -|
|Expression       |        -|      -|       0|    128|
|FIFO             |        -|      -|       -|      -|
|Instance         |        -|      -|       -|      -|
|Memory           |        -|      -|       -|      -|
|Multiplexer      |        -|      -|       -|    113|
|Register         |        -|      -|     103|      -|
+-----------------+---------+-------+--------+-------+
|Total            |        0|      0|     103|    241|
+-----------------+---------+-------+--------+-------+
|Available        |      280|    220|  106400|  53200|
+-----------------+---------+-------+--------+-------+
|Utilization (%)  |        0|      0|   ~0   |   ~0  |
+-----------------+---------+-------+--------+-------+

+ Detail: 
    * Instance: 
    N/A

    * DSP48: 
    N/A

    * Memory: 
    N/A

    * FIFO: 
    N/A

    * Expression: 
    +-----------------------------------+----------+-------+---+----+------------+------------+
    |           Variable Name           | Operation| DSP48E| FF| LUT| Bitwidth P0| Bitwidth P1|
    +-----------------------------------+----------+-------+---+----+------------+------------+
    |i_7_fu_144_p2                      |     +    |      0|  0|  30|          23|           1|
    |sum2_fu_122_p2                     |     +    |      0|  0|  40|          33|          33|
    |ap_block_state10_pp0_stage0_iter1  |    and   |      0|  0|   8|           1|           1|
    |ap_block_state11_pp0_stage0_iter2  |    and   |      0|  0|   8|           1|           1|
    |tmp_fu_138_p2                      |   icmp   |      0|  0|  18|          23|          24|
    |ap_block_pp0_stage0_01001          |    or    |      0|  0|   8|           1|           1|
    |ap_enable_pp0                      |    xor   |      0|  0|   8|           1|           2|
    |ap_enable_reg_pp0_iter1            |    xor   |      0|  0|   8|           2|           1|
    +-----------------------------------+----------+-------+---+----+------------+------------+
    |Total                              |          |      0|  0| 128|          85|          64|
    +-----------------------------------+----------+-------+---+----+------------+------------+

    * Multiplexer: 
    +-----------------------------------+----+-----------+-----+-----------+
    |                Name               | LUT| Input Size| Bits| Total Bits|
    +-----------------------------------+----+-----------+-----+-----------+
    |ap_NS_fsm                          |  50|         11|    1|         11|
    |ap_enable_reg_pp0_iter1            |   9|          2|    1|          2|
    |ap_enable_reg_pp0_iter2            |   9|          2|    1|          2|
    |ap_sig_ioackin_m_axi_in_V_ARREADY  |   9|          2|    1|          2|
    |i_reg_103                          |   9|          2|   23|         46|
    |in_V_blk_n_AR                      |   9|          2|    1|          2|
    |in_V_blk_n_R                       |   9|          2|    1|          2|
    |out_V_V_blk_n                      |   9|          2|    1|          2|
    +-----------------------------------+----+-----------+-----+-----------+
    |Total                              | 113|         25|   30|         69|
    +-----------------------------------+----+-----------+-----+-----------+

    * Register: 
    +-----------------------------------+----+----+-----+-----------+
    |                Name               | FF | LUT| Bits| Const Bits|
    +-----------------------------------+----+----+-----+-----------+
    |ap_CS_fsm                          |  10|   0|   10|          0|
    |ap_enable_reg_pp0_iter0            |   1|   0|    1|          0|
    |ap_enable_reg_pp0_iter1            |   1|   0|    1|          0|
    |ap_enable_reg_pp0_iter2            |   1|   0|    1|          0|
    |ap_reg_ioackin_m_axi_in_V_ARREADY  |   1|   0|    1|          0|
    |ap_reg_pp0_iter1_tmp_reg_156       |   1|   0|    1|          0|
    |e_V_reg_165                        |  32|   0|   32|          0|
    |i_reg_103                          |  23|   0|   23|          0|
    |in_V_addr_reg_150                  |  32|   0|   32|          0|
    |tmp_reg_156                        |   1|   0|    1|          0|
    +-----------------------------------+----+----+-----+-----------+
    |Total                              | 103|   0|  103|          0|
    +-----------------------------------+----+----+-----+-----------+



================================================================
== Interface
================================================================
* Summary: 
+---------------------+-----+-----+------------+--------------+--------------+
|      RTL Ports      | Dir | Bits|  Protocol  | Source Object|    C Type    |
+---------------------+-----+-----+------------+--------------+--------------+
|ap_clk               |  in |    1| ap_ctrl_hs |  Mem2Stream  | return value |
|ap_rst               |  in |    1| ap_ctrl_hs |  Mem2Stream  | return value |
|ap_start             |  in |    1| ap_ctrl_hs |  Mem2Stream  | return value |
|ap_done              | out |    1| ap_ctrl_hs |  Mem2Stream  | return value |
|ap_idle              | out |    1| ap_ctrl_hs |  Mem2Stream  | return value |
|ap_ready             | out |    1| ap_ctrl_hs |  Mem2Stream  | return value |
|m_axi_in_V_AWVALID   | out |    1|    m_axi   |     in_V     |    pointer   |
|m_axi_in_V_AWREADY   |  in |    1|    m_axi   |     in_V     |    pointer   |
|m_axi_in_V_AWADDR    | out |   32|    m_axi   |     in_V     |    pointer   |
|m_axi_in_V_AWID      | out |    1|    m_axi   |     in_V     |    pointer   |
|m_axi_in_V_AWLEN     | out |   32|    m_axi   |     in_V     |    pointer   |
|m_axi_in_V_AWSIZE    | out |    3|    m_axi   |     in_V     |    pointer   |
|m_axi_in_V_AWBURST   | out |    2|    m_axi   |     in_V     |    pointer   |
|m_axi_in_V_AWLOCK    | out |    2|    m_axi   |     in_V     |    pointer   |
|m_axi_in_V_AWCACHE   | out |    4|    m_axi   |     in_V     |    pointer   |
|m_axi_in_V_AWPROT    | out |    3|    m_axi   |     in_V     |    pointer   |
|m_axi_in_V_AWQOS     | out |    4|    m_axi   |     in_V     |    pointer   |
|m_axi_in_V_AWREGION  | out |    4|    m_axi   |     in_V     |    pointer   |
|m_axi_in_V_AWUSER    | out |    1|    m_axi   |     in_V     |    pointer   |
|m_axi_in_V_WVALID    | out |    1|    m_axi   |     in_V     |    pointer   |
|m_axi_in_V_WREADY    |  in |    1|    m_axi   |     in_V     |    pointer   |
|m_axi_in_V_WDATA     | out |   32|    m_axi   |     in_V     |    pointer   |
|m_axi_in_V_WSTRB     | out |    4|    m_axi   |     in_V     |    pointer   |
|m_axi_in_V_WLAST     | out |    1|    m_axi   |     in_V     |    pointer   |
|m_axi_in_V_WID       | out |    1|    m_axi   |     in_V     |    pointer   |
|m_axi_in_V_WUSER     | out |    1|    m_axi   |     in_V     |    pointer   |
|m_axi_in_V_ARVALID   | out |    1|    m_axi   |     in_V     |    pointer   |
|m_axi_in_V_ARREADY   |  in |    1|    m_axi   |     in_V     |    pointer   |
|m_axi_in_V_ARADDR    | out |   32|    m_axi   |     in_V     |    pointer   |
|m_axi_in_V_ARID      | out |    1|    m_axi   |     in_V     |    pointer   |
|m_axi_in_V_ARLEN     | out |   32|    m_axi   |     in_V     |    pointer   |
|m_axi_in_V_ARSIZE    | out |    3|    m_axi   |     in_V     |    pointer   |
|m_axi_in_V_ARBURST   | out |    2|    m_axi   |     in_V     |    pointer   |
|m_axi_in_V_ARLOCK    | out |    2|    m_axi   |     in_V     |    pointer   |
|m_axi_in_V_ARCACHE   | out |    4|    m_axi   |     in_V     |    pointer   |
|m_axi_in_V_ARPROT    | out |    3|    m_axi   |     in_V     |    pointer   |
|m_axi_in_V_ARQOS     | out |    4|    m_axi   |     in_V     |    pointer   |
|m_axi_in_V_ARREGION  | out |    4|    m_axi   |     in_V     |    pointer   |
|m_axi_in_V_ARUSER    | out |    1|    m_axi   |     in_V     |    pointer   |
|m_axi_in_V_RVALID    |  in |    1|    m_axi   |     in_V     |    pointer   |
|m_axi_in_V_RREADY    | out |    1|    m_axi   |     in_V     |    pointer   |
|m_axi_in_V_RDATA     |  in |   32|    m_axi   |     in_V     |    pointer   |
|m_axi_in_V_RLAST     |  in |    1|    m_axi   |     in_V     |    pointer   |
|m_axi_in_V_RID       |  in |    1|    m_axi   |     in_V     |    pointer   |
|m_axi_in_V_RUSER     |  in |    1|    m_axi   |     in_V     |    pointer   |
|m_axi_in_V_RRESP     |  in |    2|    m_axi   |     in_V     |    pointer   |
|m_axi_in_V_BVALID    |  in |    1|    m_axi   |     in_V     |    pointer   |
|m_axi_in_V_BREADY    | out |    1|    m_axi   |     in_V     |    pointer   |
|m_axi_in_V_BRESP     |  in |    2|    m_axi   |     in_V     |    pointer   |
|m_axi_in_V_BID       |  in |    1|    m_axi   |     in_V     |    pointer   |
|m_axi_in_V_BUSER     |  in |    1|    m_axi   |     in_V     |    pointer   |
|in_V_offset          |  in |   30|   ap_none  |  in_V_offset |    scalar    |
|in_V_offset1         |  in |   32|   ap_none  | in_V_offset1 |    scalar    |
|out_V_V_din          | out |   32|   ap_fifo  |    out_V_V   |    pointer   |
|out_V_V_full_n       |  in |    1|   ap_fifo  |    out_V_V   |    pointer   |
|out_V_V_write        | out |    1|   ap_fifo  |    out_V_V   |    pointer   |
+---------------------+-----+-----+------------+--------------+--------------+

